[1.313s] Invoking command in '/home/leoo/Documents/GitHub/ENPM662_Project2/project2_ws/src/project2_control': PYTHONPATH=/home/leoo/Documents/GitHub/ENPM662_Project2/project2_ws/build/project2_control/prefix_override:/usr/lib/python3/dist-packages/colcon_core/task/python/colcon_distutils_commands:/home/leoo/Documents/GitHub/ENPM662_Project2/project2_ws/install/project2_control/lib/python3.8/site-packages:${PYTHONPATH} /usr/bin/python3 -W ignore:setup.py install is deprecated setup.py egg_info --egg-base ../../build/project2_control build --build-base /home/leoo/Documents/GitHub/ENPM662_Project2/project2_ws/build/project2_control/build install --record /home/leoo/Documents/GitHub/ENPM662_Project2/project2_ws/build/project2_control/install.log --single-version-externally-managed install_data
[1.558s] running egg_info
[1.559s] writing ../../build/project2_control/project2_control.egg-info/PKG-INFO
[1.559s] writing dependency_links to ../../build/project2_control/project2_control.egg-info/dependency_links.txt
[1.559s] writing entry points to ../../build/project2_control/project2_control.egg-info/entry_points.txt
[1.560s] writing requirements to ../../build/project2_control/project2_control.egg-info/requires.txt
[1.560s] writing top-level names to ../../build/project2_control/project2_control.egg-info/top_level.txt
[1.610s] reading manifest file '../../build/project2_control/project2_control.egg-info/SOURCES.txt'
[1.612s] writing manifest file '../../build/project2_control/project2_control.egg-info/SOURCES.txt'
[1.612s] running build
[1.613s] running build_py
[1.613s] running install
[1.615s] running install_lib
[1.619s] running install_data
[1.620s] running install_egg_info
[1.620s] removing '/home/leoo/Documents/GitHub/ENPM662_Project2/project2_ws/install/project2_control/lib/python3.8/site-packages/project2_control-0.0.0-py3.8.egg-info' (and everything under it)
[1.622s] Copying ../../build/project2_control/project2_control.egg-info to /home/leoo/Documents/GitHub/ENPM662_Project2/project2_ws/install/project2_control/lib/python3.8/site-packages/project2_control-0.0.0-py3.8.egg-info
[1.627s] running install_scripts
[1.649s] Installing project2_teleop_control script to /home/leoo/Documents/GitHub/ENPM662_Project2/project2_ws/install/project2_control/lib/project2_control
[1.649s] writing list of installed files to '/home/leoo/Documents/GitHub/ENPM662_Project2/project2_ws/build/project2_control/install.log'
[1.697s] Invoked command in '/home/leoo/Documents/GitHub/ENPM662_Project2/project2_ws/src/project2_control' returned '0': PYTHONPATH=/home/leoo/Documents/GitHub/ENPM662_Project2/project2_ws/build/project2_control/prefix_override:/usr/lib/python3/dist-packages/colcon_core/task/python/colcon_distutils_commands:/home/leoo/Documents/GitHub/ENPM662_Project2/project2_ws/install/project2_control/lib/python3.8/site-packages:${PYTHONPATH} /usr/bin/python3 -W ignore:setup.py install is deprecated setup.py egg_info --egg-base ../../build/project2_control build --build-base /home/leoo/Documents/GitHub/ENPM662_Project2/project2_ws/build/project2_control/build install --record /home/leoo/Documents/GitHub/ENPM662_Project2/project2_ws/build/project2_control/install.log --single-version-externally-managed install_data
