[1.256s] Invoking command in '/home/leoo/Desktop/project2_ws/src/robot_arm_control': PYTHONPATH=/home/leoo/Desktop/project2_ws/build/robot_arm_control/prefix_override:/usr/lib/python3/dist-packages/colcon_core/task/python/colcon_distutils_commands:/home/leoo/Desktop/project2_ws/install/robot_arm_control/lib/python3.8/site-packages:${PYTHONPATH} /usr/bin/python3 -W ignore:setup.py install is deprecated setup.py egg_info --egg-base ../../build/robot_arm_control build --build-base /home/leoo/Desktop/project2_ws/build/robot_arm_control/build install --record /home/leoo/Desktop/project2_ws/build/robot_arm_control/install.log --single-version-externally-managed install_data
[1.595s] running egg_info
[1.595s] writing ../../build/robot_arm_control/robot_arm_control.egg-info/PKG-INFO
[1.595s] writing dependency_links to ../../build/robot_arm_control/robot_arm_control.egg-info/dependency_links.txt
[1.599s] writing entry points to ../../build/robot_arm_control/robot_arm_control.egg-info/entry_points.txt
[1.599s] writing requirements to ../../build/robot_arm_control/robot_arm_control.egg-info/requires.txt
[1.600s] writing top-level names to ../../build/robot_arm_control/robot_arm_control.egg-info/top_level.txt
[1.641s] reading manifest file '../../build/robot_arm_control/robot_arm_control.egg-info/SOURCES.txt'
[1.646s] writing manifest file '../../build/robot_arm_control/robot_arm_control.egg-info/SOURCES.txt'
[1.646s] running build
[1.646s] running build_py
[1.646s] copying robot_arm_control/arm_teleop_control.py -> /home/leoo/Desktop/project2_ws/build/robot_arm_control/build/lib/robot_arm_control
[1.647s] copying robot_arm_control/vacuum_gripper.py -> /home/leoo/Desktop/project2_ws/build/robot_arm_control/build/lib/robot_arm_control
[1.647s] running install
[1.647s] running install_lib
[1.648s] copying /home/leoo/Desktop/project2_ws/build/robot_arm_control/build/lib/robot_arm_control/arm_teleop_control.py -> /home/leoo/Desktop/project2_ws/install/robot_arm_control/lib/python3.8/site-packages/robot_arm_control
[1.648s] copying /home/leoo/Desktop/project2_ws/build/robot_arm_control/build/lib/robot_arm_control/vacuum_gripper.py -> /home/leoo/Desktop/project2_ws/install/robot_arm_control/lib/python3.8/site-packages/robot_arm_control
[1.648s] byte-compiling /home/leoo/Desktop/project2_ws/install/robot_arm_control/lib/python3.8/site-packages/robot_arm_control/arm_teleop_control.py to arm_teleop_control.cpython-38.pyc
[1.652s] byte-compiling /home/leoo/Desktop/project2_ws/install/robot_arm_control/lib/python3.8/site-packages/robot_arm_control/vacuum_gripper.py to vacuum_gripper.cpython-38.pyc
[1.654s] running install_data
[1.654s] copying package.xml -> /home/leoo/Desktop/project2_ws/install/robot_arm_control/share/robot_arm_control
[1.655s] running install_egg_info
[1.658s] removing '/home/leoo/Desktop/project2_ws/install/robot_arm_control/lib/python3.8/site-packages/robot_arm_control-0.0.0-py3.8.egg-info' (and everything under it)
[1.658s] Copying ../../build/robot_arm_control/robot_arm_control.egg-info to /home/leoo/Desktop/project2_ws/install/robot_arm_control/lib/python3.8/site-packages/robot_arm_control-0.0.0-py3.8.egg-info
[1.662s] running install_scripts
[1.692s] Installing arm_inv_kine_control script to /home/leoo/Desktop/project2_ws/install/robot_arm_control/lib/robot_arm_control
[1.692s] Installing arm_teleop_control script to /home/leoo/Desktop/project2_ws/install/robot_arm_control/lib/robot_arm_control
[1.692s] Installing vacuum_gripper script to /home/leoo/Desktop/project2_ws/install/robot_arm_control/lib/robot_arm_control
[1.694s] writing list of installed files to '/home/leoo/Desktop/project2_ws/build/robot_arm_control/install.log'
[1.733s] Invoked command in '/home/leoo/Desktop/project2_ws/src/robot_arm_control' returned '0': PYTHONPATH=/home/leoo/Desktop/project2_ws/build/robot_arm_control/prefix_override:/usr/lib/python3/dist-packages/colcon_core/task/python/colcon_distutils_commands:/home/leoo/Desktop/project2_ws/install/robot_arm_control/lib/python3.8/site-packages:${PYTHONPATH} /usr/bin/python3 -W ignore:setup.py install is deprecated setup.py egg_info --egg-base ../../build/robot_arm_control build --build-base /home/leoo/Desktop/project2_ws/build/robot_arm_control/build install --record /home/leoo/Desktop/project2_ws/build/robot_arm_control/install.log --single-version-externally-managed install_data
