-- Install configuration: ""
-- Up-to-date: /home/leoo/Desktop/project2_ws/install/project2_pkg/share/project2_pkg//urdf
-- Up-to-date: /home/leoo/Desktop/project2_ws/install/project2_pkg/share/project2_pkg//urdf/project2_pkg.csv
-- Up-to-date: /home/leoo/Desktop/project2_ws/install/project2_pkg/share/project2_pkg//urdf/project2_pkg.urdf.xacro
-- Up-to-date: /home/leoo/Desktop/project2_ws/install/project2_pkg/share/project2_pkg//meshes
-- Up-to-date: /home/leoo/Desktop/project2_ws/install/project2_pkg/share/project2_pkg//meshes/rrw.STL
-- Up-to-date: /home/leoo/Desktop/project2_ws/install/project2_pkg/share/project2_pkg//meshes/link4.STL
-- Up-to-date: /home/leoo/Desktop/project2_ws/install/project2_pkg/share/project2_pkg//meshes/flw.STL
-- Up-to-date: /home/leoo/Desktop/project2_ws/install/project2_pkg/share/project2_pkg//meshes/link2.STL
-- Up-to-date: /home/leoo/Desktop/project2_ws/install/project2_pkg/share/project2_pkg//meshes/link3.STL
-- Up-to-date: /home/leoo/Desktop/project2_ws/install/project2_pkg/share/project2_pkg//meshes/chassi.STL
-- Up-to-date: /home/leoo/Desktop/project2_ws/install/project2_pkg/share/project2_pkg//meshes/link1.STL
-- Up-to-date: /home/leoo/Desktop/project2_ws/install/project2_pkg/share/project2_pkg//meshes/rlw.STL
-- Up-to-date: /home/leoo/Desktop/project2_ws/install/project2_pkg/share/project2_pkg//meshes/frw.STL
-- Up-to-date: /home/leoo/Desktop/project2_ws/install/project2_pkg/share/project2_pkg//meshes/ef.STL
-- Up-to-date: /home/leoo/Desktop/project2_ws/install/project2_pkg/share/project2_pkg//launch
-- Up-to-date: /home/leoo/Desktop/project2_ws/install/project2_pkg/share/project2_pkg//launch/gazebo.launch.py
-- Up-to-date: /home/leoo/Desktop/project2_ws/install/project2_pkg/share/project2_pkg//launch/debug.launch.py
-- Up-to-date: /home/leoo/Desktop/project2_ws/install/project2_pkg/share/project2_pkg//launch/spawn_robot_ros2.launch.py
-- Up-to-date: /home/leoo/Desktop/project2_ws/install/project2_pkg/share/project2_pkg//launch/display.launch.py
-- Up-to-date: /home/leoo/Desktop/project2_ws/install/project2_pkg/share/project2_pkg//launch/robot_description_publisher.py
-- Installing: /home/leoo/Desktop/project2_ws/install/project2_pkg/share/project2_pkg//launch/competition.launch.py
-- Up-to-date: /home/leoo/Desktop/project2_ws/install/project2_pkg/share/project2_pkg//worlds
-- Up-to-date: /home/leoo/Desktop/project2_ws/install/project2_pkg/share/project2_pkg//worlds/empty_world.world
-- Up-to-date: /home/leoo/Desktop/project2_ws/install/project2_pkg/share/project2_pkg//config
-- Up-to-date: /home/leoo/Desktop/project2_ws/install/project2_pkg/share/project2_pkg//config/control.yaml
-- Up-to-date: /home/leoo/Desktop/project2_ws/install/project2_pkg/share/project2_pkg//competition
-- Up-to-date: /home/leoo/Desktop/project2_ws/install/project2_pkg/share/project2_pkg//competition/arena
-- Up-to-date: /home/leoo/Desktop/project2_ws/install/project2_pkg/share/project2_pkg//competition/arena/meshes
-- Up-to-date: /home/leoo/Desktop/project2_ws/install/project2_pkg/share/project2_pkg//competition/arena/meshes/check_point.STL
-- Up-to-date: /home/leoo/Desktop/project2_ws/install/project2_pkg/share/project2_pkg//competition/arena/meshes/track.STL
-- Up-to-date: /home/leoo/Desktop/project2_ws/install/project2_pkg/share/project2_pkg//competition/arena/meshes/base_link.STL
-- Up-to-date: /home/leoo/Desktop/project2_ws/install/project2_pkg/share/project2_pkg//competition/arena/model.urdf.xacro
-- Up-to-date: /home/leoo/Desktop/project2_ws/install/project2_pkg/share/project2_pkg//competition/arena/model.config
-- Up-to-date: /home/leoo/Desktop/project2_ws/install/project2_pkg/share/project2_pkg//competition/arena/model.sdf
-- Up-to-date: /home/leoo/Desktop/project2_ws/install/project2_pkg/share/project2_pkg//competition/worlds
-- Up-to-date: /home/leoo/Desktop/project2_ws/install/project2_pkg/share/project2_pkg//competition/worlds/competition.world
-- Up-to-date: /home/leoo/Desktop/project2_ws/install/project2_pkg/include/project2_pkg
-- Up-to-date: /home/leoo/Desktop/project2_ws/install/project2_pkg/lib/project2_pkg/robot_description_publisher.py
-- Up-to-date: /home/leoo/Desktop/project2_ws/install/project2_pkg/share/ament_index/resource_index/package_run_dependencies/project2_pkg
-- Up-to-date: /home/leoo/Desktop/project2_ws/install/project2_pkg/share/ament_index/resource_index/parent_prefix_path/project2_pkg
-- Up-to-date: /home/leoo/Desktop/project2_ws/install/project2_pkg/share/project2_pkg/environment/ament_prefix_path.sh
-- Up-to-date: /home/leoo/Desktop/project2_ws/install/project2_pkg/share/project2_pkg/environment/ament_prefix_path.dsv
-- Up-to-date: /home/leoo/Desktop/project2_ws/install/project2_pkg/share/project2_pkg/environment/path.sh
-- Up-to-date: /home/leoo/Desktop/project2_ws/install/project2_pkg/share/project2_pkg/environment/path.dsv
-- Up-to-date: /home/leoo/Desktop/project2_ws/install/project2_pkg/share/project2_pkg/local_setup.bash
-- Up-to-date: /home/leoo/Desktop/project2_ws/install/project2_pkg/share/project2_pkg/local_setup.sh
-- Up-to-date: /home/leoo/Desktop/project2_ws/install/project2_pkg/share/project2_pkg/local_setup.zsh
-- Up-to-date: /home/leoo/Desktop/project2_ws/install/project2_pkg/share/project2_pkg/local_setup.dsv
-- Installing: /home/leoo/Desktop/project2_ws/install/project2_pkg/share/project2_pkg/package.dsv
-- Up-to-date: /home/leoo/Desktop/project2_ws/install/project2_pkg/share/ament_index/resource_index/packages/project2_pkg
-- Up-to-date: /home/leoo/Desktop/project2_ws/install/project2_pkg/share/project2_pkg/cmake/project2_pkgConfig.cmake
-- Up-to-date: /home/leoo/Desktop/project2_ws/install/project2_pkg/share/project2_pkg/cmake/project2_pkgConfig-version.cmake
-- Up-to-date: /home/leoo/Desktop/project2_ws/install/project2_pkg/share/project2_pkg/package.xml
