/home/leoo/Documents/GitHub/ENPM662_Project2/project2_ws/install/robot_arm_control/lib/python3.8/site-packages/robot_arm_control/arm_teleop_control.py
/home/leoo/Documents/GitHub/ENPM662_Project2/project2_ws/install/robot_arm_control/lib/python3.8/site-packages/robot_arm_control/__init__.py
/home/leoo/Documents/GitHub/ENPM662_Project2/project2_ws/install/robot_arm_control/lib/python3.8/site-packages/robot_arm_control/arm_inv_kine_control.py
/home/leoo/Documents/GitHub/ENPM662_Project2/project2_ws/install/robot_arm_control/lib/python3.8/site-packages/robot_arm_control/vacuum_gripper.py
/home/leoo/Documents/GitHub/ENPM662_Project2/project2_ws/install/robot_arm_control/lib/python3.8/site-packages/robot_arm_control/__pycache__/arm_teleop_control.cpython-38.pyc
/home/leoo/Documents/GitHub/ENPM662_Project2/project2_ws/install/robot_arm_control/lib/python3.8/site-packages/robot_arm_control/__pycache__/__init__.cpython-38.pyc
/home/leoo/Documents/GitHub/ENPM662_Project2/project2_ws/install/robot_arm_control/lib/python3.8/site-packages/robot_arm_control/__pycache__/arm_inv_kine_control.cpython-38.pyc
/home/leoo/Documents/GitHub/ENPM662_Project2/project2_ws/install/robot_arm_control/lib/python3.8/site-packages/robot_arm_control/__pycache__/vacuum_gripper.cpython-38.pyc
/home/leoo/Documents/GitHub/ENPM662_Project2/project2_ws/install/robot_arm_control/share/ament_index/resource_index/packages/robot_arm_control
/home/leoo/Documents/GitHub/ENPM662_Project2/project2_ws/install/robot_arm_control/share/robot_arm_control/package.xml
/home/leoo/Documents/GitHub/ENPM662_Project2/project2_ws/install/robot_arm_control/lib/python3.8/site-packages/robot_arm_control-0.0.0-py3.8.egg-info/entry_points.txt
/home/leoo/Documents/GitHub/ENPM662_Project2/project2_ws/install/robot_arm_control/lib/python3.8/site-packages/robot_arm_control-0.0.0-py3.8.egg-info/SOURCES.txt
/home/leoo/Documents/GitHub/ENPM662_Project2/project2_ws/install/robot_arm_control/lib/python3.8/site-packages/robot_arm_control-0.0.0-py3.8.egg-info/top_level.txt
/home/leoo/Documents/GitHub/ENPM662_Project2/project2_ws/install/robot_arm_control/lib/python3.8/site-packages/robot_arm_control-0.0.0-py3.8.egg-info/dependency_links.txt
/home/leoo/Documents/GitHub/ENPM662_Project2/project2_ws/install/robot_arm_control/lib/python3.8/site-packages/robot_arm_control-0.0.0-py3.8.egg-info/requires.txt
/home/leoo/Documents/GitHub/ENPM662_Project2/project2_ws/install/robot_arm_control/lib/python3.8/site-packages/robot_arm_control-0.0.0-py3.8.egg-info/PKG-INFO
/home/leoo/Documents/GitHub/ENPM662_Project2/project2_ws/install/robot_arm_control/lib/python3.8/site-packages/robot_arm_control-0.0.0-py3.8.egg-info/zip-safe
/home/leoo/Documents/GitHub/ENPM662_Project2/project2_ws/install/robot_arm_control/lib/robot_arm_control/arm_inv_kine_control
/home/leoo/Documents/GitHub/ENPM662_Project2/project2_ws/install/robot_arm_control/lib/robot_arm_control/arm_teleop_control
/home/leoo/Documents/GitHub/ENPM662_Project2/project2_ws/install/robot_arm_control/lib/robot_arm_control/vacuum_gripper
