[1.136s] Invoking command in '/home/leoo/Desktop/project2_ws/src/robot_arm_control': PYTHONPATH=/home/leoo/Desktop/project2_ws/build/robot_arm_control/prefix_override:/usr/lib/python3/dist-packages/colcon_core/task/python/colcon_distutils_commands:/home/leoo/Desktop/project2_ws/install/robot_arm_control/lib/python3.8/site-packages:${PYTHONPATH} /usr/bin/python3 -W ignore:setup.py install is deprecated setup.py egg_info --egg-base ../../build/robot_arm_control build --build-base /home/leoo/Desktop/project2_ws/build/robot_arm_control/build install --record /home/leoo/Desktop/project2_ws/build/robot_arm_control/install.log --single-version-externally-managed install_data
[1.393s] running egg_info
[1.394s] writing ../../build/robot_arm_control/robot_arm_control.egg-info/PKG-INFO
[1.395s] writing dependency_links to ../../build/robot_arm_control/robot_arm_control.egg-info/dependency_links.txt
[1.396s] writing entry points to ../../build/robot_arm_control/robot_arm_control.egg-info/entry_points.txt
[1.396s] writing requirements to ../../build/robot_arm_control/robot_arm_control.egg-info/requires.txt
[1.396s] writing top-level names to ../../build/robot_arm_control/robot_arm_control.egg-info/top_level.txt
[1.444s] reading manifest file '../../build/robot_arm_control/robot_arm_control.egg-info/SOURCES.txt'
[1.445s] writing manifest file '../../build/robot_arm_control/robot_arm_control.egg-info/SOURCES.txt'
[1.445s] running build
[1.446s] running build_py
[1.446s] running install
[1.447s] running install_lib
[1.450s] running install_data
[1.450s] running install_egg_info
[1.452s] removing '/home/leoo/Desktop/project2_ws/install/robot_arm_control/lib/python3.8/site-packages/robot_arm_control-0.0.0-py3.8.egg-info' (and everything under it)
[1.453s] Copying ../../build/robot_arm_control/robot_arm_control.egg-info to /home/leoo/Desktop/project2_ws/install/robot_arm_control/lib/python3.8/site-packages/robot_arm_control-0.0.0-py3.8.egg-info
[1.454s] running install_scripts
[1.475s] Installing arm_inv_kine_control script to /home/leoo/Desktop/project2_ws/install/robot_arm_control/lib/robot_arm_control
[1.475s] Installing arm_teleop_control script to /home/leoo/Desktop/project2_ws/install/robot_arm_control/lib/robot_arm_control
[1.476s] Installing vacuum_gripper script to /home/leoo/Desktop/project2_ws/install/robot_arm_control/lib/robot_arm_control
[1.477s] writing list of installed files to '/home/leoo/Desktop/project2_ws/build/robot_arm_control/install.log'
[1.514s] Invoked command in '/home/leoo/Desktop/project2_ws/src/robot_arm_control' returned '0': PYTHONPATH=/home/leoo/Desktop/project2_ws/build/robot_arm_control/prefix_override:/usr/lib/python3/dist-packages/colcon_core/task/python/colcon_distutils_commands:/home/leoo/Desktop/project2_ws/install/robot_arm_control/lib/python3.8/site-packages:${PYTHONPATH} /usr/bin/python3 -W ignore:setup.py install is deprecated setup.py egg_info --egg-base ../../build/robot_arm_control build --build-base /home/leoo/Desktop/project2_ws/build/robot_arm_control/build install --record /home/leoo/Desktop/project2_ws/build/robot_arm_control/install.log --single-version-externally-managed install_data
