[1.340s] Invoking command in '/home/leoo/Desktop/project2_ws/src/robot_arm_control': PYTHONPATH=/home/leoo/Desktop/project2_ws/build/robot_arm_control/prefix_override:/usr/lib/python3/dist-packages/colcon_core/task/python/colcon_distutils_commands:/home/leoo/Desktop/project2_ws/install/robot_arm_control/lib/python3.8/site-packages:${PYTHONPATH} /usr/bin/python3 -W ignore:setup.py install is deprecated setup.py egg_info --egg-base ../../build/robot_arm_control build --build-base /home/leoo/Desktop/project2_ws/build/robot_arm_control/build install --record /home/leoo/Desktop/project2_ws/build/robot_arm_control/install.log --single-version-externally-managed install_data
[1.642s] running egg_info
[1.645s] writing ../../build/robot_arm_control/robot_arm_control.egg-info/PKG-INFO
[1.645s] writing dependency_links to ../../build/robot_arm_control/robot_arm_control.egg-info/dependency_links.txt
[1.646s] writing entry points to ../../build/robot_arm_control/robot_arm_control.egg-info/entry_points.txt
[1.646s] writing requirements to ../../build/robot_arm_control/robot_arm_control.egg-info/requires.txt
[1.646s] writing top-level names to ../../build/robot_arm_control/robot_arm_control.egg-info/top_level.txt
[1.696s] reading manifest file '../../build/robot_arm_control/robot_arm_control.egg-info/SOURCES.txt'
[1.701s] writing manifest file '../../build/robot_arm_control/robot_arm_control.egg-info/SOURCES.txt'
[1.701s] running build
[1.701s] running build_py
[1.701s] copying robot_arm_control/arm_teleop_control.py -> /home/leoo/Desktop/project2_ws/build/robot_arm_control/build/lib/robot_arm_control
[1.705s] copying robot_arm_control/arm_inv_kine_control.py -> /home/leoo/Desktop/project2_ws/build/robot_arm_control/build/lib/robot_arm_control
[1.705s] copying robot_arm_control/vacuum_gripper.py -> /home/leoo/Desktop/project2_ws/build/robot_arm_control/build/lib/robot_arm_control
[1.705s] running install
[1.705s] running install_lib
[1.706s] copying /home/leoo/Desktop/project2_ws/build/robot_arm_control/build/lib/robot_arm_control/arm_teleop_control.py -> /home/leoo/Desktop/project2_ws/install/robot_arm_control/lib/python3.8/site-packages/robot_arm_control
[1.709s] copying /home/leoo/Desktop/project2_ws/build/robot_arm_control/build/lib/robot_arm_control/arm_inv_kine_control.py -> /home/leoo/Desktop/project2_ws/install/robot_arm_control/lib/python3.8/site-packages/robot_arm_control
[1.710s] copying /home/leoo/Desktop/project2_ws/build/robot_arm_control/build/lib/robot_arm_control/vacuum_gripper.py -> /home/leoo/Desktop/project2_ws/install/robot_arm_control/lib/python3.8/site-packages/robot_arm_control
[1.712s] byte-compiling /home/leoo/Desktop/project2_ws/install/robot_arm_control/lib/python3.8/site-packages/robot_arm_control/arm_teleop_control.py to arm_teleop_control.cpython-38.pyc
[1.712s] byte-compiling /home/leoo/Desktop/project2_ws/install/robot_arm_control/lib/python3.8/site-packages/robot_arm_control/arm_inv_kine_control.py to arm_inv_kine_control.cpython-38.pyc
[1.716s] byte-compiling /home/leoo/Desktop/project2_ws/install/robot_arm_control/lib/python3.8/site-packages/robot_arm_control/vacuum_gripper.py to vacuum_gripper.cpython-38.pyc
[1.719s] running install_data
[1.719s] running install_egg_info
[1.721s] removing '/home/leoo/Desktop/project2_ws/install/robot_arm_control/lib/python3.8/site-packages/robot_arm_control-0.0.0-py3.8.egg-info' (and everything under it)
[1.722s] Copying ../../build/robot_arm_control/robot_arm_control.egg-info to /home/leoo/Desktop/project2_ws/install/robot_arm_control/lib/python3.8/site-packages/robot_arm_control-0.0.0-py3.8.egg-info
[1.724s] running install_scripts
[1.745s] Installing arm_inv_kine_control script to /home/leoo/Desktop/project2_ws/install/robot_arm_control/lib/robot_arm_control
[1.748s] Installing arm_teleop_control script to /home/leoo/Desktop/project2_ws/install/robot_arm_control/lib/robot_arm_control
[1.748s] Installing vacuum_gripper script to /home/leoo/Desktop/project2_ws/install/robot_arm_control/lib/robot_arm_control
[1.749s] writing list of installed files to '/home/leoo/Desktop/project2_ws/build/robot_arm_control/install.log'
[1.796s] Invoked command in '/home/leoo/Desktop/project2_ws/src/robot_arm_control' returned '0': PYTHONPATH=/home/leoo/Desktop/project2_ws/build/robot_arm_control/prefix_override:/usr/lib/python3/dist-packages/colcon_core/task/python/colcon_distutils_commands:/home/leoo/Desktop/project2_ws/install/robot_arm_control/lib/python3.8/site-packages:${PYTHONPATH} /usr/bin/python3 -W ignore:setup.py install is deprecated setup.py egg_info --egg-base ../../build/robot_arm_control build --build-base /home/leoo/Desktop/project2_ws/build/robot_arm_control/build install --record /home/leoo/Desktop/project2_ws/build/robot_arm_control/install.log --single-version-externally-managed install_data
