[0.059s] Invoking command in '/home/leoo/Desktop/project2_ws/build/odometry': CMAKE_PREFIX_PATH=${CMAKE_PREFIX_PATH}:/home/leoo/Desktop/project2_ws/install/robot_arm_control:/home/leoo/Desktop/project2_ws/install/project2_control:/opt/ros/galactic /home/leoo/.local/bin/cmake --build /home/leoo/Desktop/project2_ws/build/odometry -- -j8 -l8
[0.663s] -- Found ament_cmake: 1.1.6 (/opt/ros/galactic/share/ament_cmake/cmake)
[0.663s] -- Using PYTHON_EXECUTABLE: /usr/bin/python3
[0.664s] -- Found tf2: 0.17.5 (/opt/ros/galactic/share/tf2/cmake)
[0.664s] -- Using all available rosidl_typesupport_c: rosidl_typesupport_fastrtps_c;rosidl_typesupport_introspection_c
[0.664s] -- Found rosidl_adapter: 2.2.3 (/opt/ros/galactic/share/rosidl_adapter/cmake)
[0.664s] [33mCMake Warning (dev) at /opt/ros/galactic/share/ament_cmake_core/cmake/core/python.cmake:22 (find_package):
[0.664s]   Policy CMP0148 is not set: The FindPythonInterp and FindPythonLibs modules
[0.664s]   are removed.  Run "cmake --help-policy CMP0148" for policy details.  Use
[0.664s]   the cmake_policy command to set the policy and suppress this warning.
[0.666s] 
[0.666s] Call Stack (most recent call first):
[0.666s]   /opt/ros/galactic/share/ament_cmake_core/cmake/core/all.cmake:53 (include)
[0.667s]   /opt/ros/galactic/share/ament_cmake_core/cmake/ament_cmake_core-extras.cmake:17 (include)
[0.667s]   /opt/ros/galactic/share/ament_cmake_core/cmake/ament_cmake_coreConfig.cmake:41 (include)
[0.669s]   /opt/ros/galactic/share/ament_cmake/cmake/ament_cmake_export_dependencies-extras.cmake:15 (find_package)
[0.669s]   /opt/ros/galactic/share/ament_cmake/cmake/ament_cmakeConfig.cmake:41 (include)
[0.669s]   CMakeLists.txt:9 (find_package)
[0.669s] This warning is for project developers.  Use -Wno-dev to suppress it.
[0.670s] [0m
[0.711s] -- Using all available rosidl_typesupport_cpp: rosidl_typesupport_fastrtps_cpp;rosidl_typesupport_introspection_cpp
[0.856s] -- Found tf2_ros: 0.17.5 (/opt/ros/galactic/share/tf2_ros/cmake)
[0.917s] -- Found rmw_implementation_cmake: 3.3.1 (/opt/ros/galactic/share/rmw_implementation_cmake/cmake)
[0.918s] -- Found rmw_cyclonedds_cpp: 0.22.6 (/opt/ros/galactic/share/rmw_cyclonedds_cpp/cmake)
[0.936s] -- Using RMW implementation 'rmw_cyclonedds_cpp' as default
[1.579s] [33mCMake Warning (dev) at /home/leoo/.local/lib/python3.8/site-packages/cmake/data/share/cmake-3.30/Modules/FindPackageHandleStandardArgs.cmake:441 (message):
[1.579s]   The package name passed to `find_package_handle_standard_args` (PkgConfig)
[1.579s]   does not match the name of the calling package (gazebo).  This can lead to
[1.580s]   problems in calling code that expects `find_package` result variables
[1.580s]   (e.g., `_FOUND`) to follow a certain pattern.
[1.580s] Call Stack (most recent call first):
[1.580s]   /home/leoo/.local/lib/python3.8/site-packages/cmake/data/share/cmake-3.30/Modules/FindPkgConfig.cmake:114 (find_package_handle_standard_args)
[1.580s]   /usr/lib/x86_64-linux-gnu/cmake/gazebo/gazebo-config.cmake:72 (include)
[1.580s]   CMakeLists.txt:12 (find_package)
[1.580s] This warning is for project developers.  Use -Wno-dev to suppress it.
[1.580s] [0m
[1.633s] [33mCMake Warning (dev) at /usr/share/dart/cmake/DARTFindBoost.cmake:24 (find_package):
[1.634s]   Policy CMP0167 is not set: The FindBoost module is removed.  Run "cmake
[1.634s]   --help-policy CMP0167" for policy details.  Use the cmake_policy command to
[1.634s]   set the policy and suppress this warning.
[1.634s] 
[1.634s] Call Stack (most recent call first):
[1.634s]   /usr/share/dart/cmake/dart_dartComponent.cmake:6 (include)
[1.635s]   /usr/share/dart/cmake/DARTConfig.cmake:63 (include)
[1.635s]   /usr/share/dart/cmake/DARTConfig.cmake:123 (dart_traverse_components)
[1.635s]   /usr/share/dart/cmake/DARTConfig.cmake:171 (dart_package_init)
[1.635s]   /usr/lib/x86_64-linux-gnu/cmake/gazebo/gazebo-config.cmake:166 (find_package)
[1.635s]   CMakeLists.txt:12 (find_package)
[1.636s] This warning is for project developers.  Use -Wno-dev to suppress it.
[1.636s] [0m
[1.664s] -- Found DART: /usr/include (Required is at least version "6.6") found components: dart
[1.726s] [33mCMake Warning (dev) at /usr/lib/x86_64-linux-gnu/cmake/gazebo/gazebo-config.cmake:197 (find_package):
[1.727s]   Policy CMP0167 is not set: The FindBoost module is removed.  Run "cmake
[1.727s]   --help-policy CMP0167" for policy details.  Use the cmake_policy command to
[1.727s]   set the policy and suppress this warning.
[1.727s] 
[1.727s] Call Stack (most recent call first):
[1.727s]   CMakeLists.txt:12 (find_package)
[1.727s] This warning is for project developers.  Use -Wno-dev to suppress it.
[1.727s] [0m
[1.795s] -- Found Protobuf: /usr/lib/x86_64-linux-gnu/libprotobuf.so;-lpthread (found version "3.6.1")
[1.799s] -- Looking for ignition-math6 -- found version 6.15.1
[1.814s] -- Searching for dependencies of ignition-math6
[1.819s] -- Looking for OGRE...
[1.828s] -- Found Ogre Ghadamon (1.9.0)
[1.828s] -- Found OGRE: optimized;/usr/lib/x86_64-linux-gnu/libOgreMain.so;debug;/usr/lib/x86_64-linux-gnu/libOgreMain.so
[1.829s] [33mCMake Warning (dev) at /usr/share/OGRE/cmake/modules/FindOGRE.cmake:309 (find_package):
[1.829s]   Policy CMP0167 is not set: The FindBoost module is removed.  Run "cmake
[1.829s]   --help-policy CMP0167" for policy details.  Use the cmake_policy command to
[1.829s]   set the policy and suppress this warning.
[1.829s] 
[1.829s] Call Stack (most recent call first):
[1.830s]   /usr/lib/x86_64-linux-gnu/cmake/gazebo/gazebo-config.cmake:213 (find_package)
[1.830s]   CMakeLists.txt:12 (find_package)
[1.830s] This warning is for project developers.  Use -Wno-dev to suppress it.
[1.830s] [0m
[1.834s] [33mCMake Warning (dev) at /usr/share/OGRE/cmake/modules/FindOGRE.cmake:318 (find_package):
[1.834s]   Policy CMP0167 is not set: The FindBoost module is removed.  Run "cmake
[1.834s]   --help-policy CMP0167" for policy details.  Use the cmake_policy command to
[1.834s]   set the policy and suppress this warning.
[1.834s] 
[1.835s] Call Stack (most recent call first):
[1.835s]   /usr/lib/x86_64-linux-gnu/cmake/gazebo/gazebo-config.cmake:213 (find_package)
[1.835s]   CMakeLists.txt:12 (find_package)
[1.835s] This warning is for project developers.  Use -Wno-dev to suppress it.
[1.835s] [0m
[1.839s] -- Looking for OGRE_Paging...
[1.840s] -- Found OGRE_Paging: optimized;/usr/lib/x86_64-linux-gnu/libOgrePaging.so;debug;/usr/lib/x86_64-linux-gnu/libOgrePaging.so
[1.840s] -- Looking for OGRE_Terrain...
[1.840s] -- Found OGRE_Terrain: optimized;/usr/lib/x86_64-linux-gnu/libOgreTerrain.so;debug;/usr/lib/x86_64-linux-gnu/libOgreTerrain.so
[1.841s] -- Looking for OGRE_Property...
[1.841s] -- Found OGRE_Property: optimized;/usr/lib/x86_64-linux-gnu/libOgreProperty.so;debug;/usr/lib/x86_64-linux-gnu/libOgreProperty.so
[1.841s] -- Looking for OGRE_RTShaderSystem...
[1.841s] -- Found OGRE_RTShaderSystem: optimized;/usr/lib/x86_64-linux-gnu/libOgreRTShaderSystem.so;debug;/usr/lib/x86_64-linux-gnu/libOgreRTShaderSystem.so
[1.842s] -- Looking for OGRE_Volume...
[1.842s] -- Found OGRE_Volume: optimized;/usr/lib/x86_64-linux-gnu/libOgreVolume.so;debug;/usr/lib/x86_64-linux-gnu/libOgreVolume.so
[1.842s] -- Looking for OGRE_Overlay...
[1.842s] -- Found OGRE_Overlay: optimized;/usr/lib/x86_64-linux-gnu/libOgreOverlay.so;debug;/usr/lib/x86_64-linux-gnu/libOgreOverlay.so
[2.103s] -- Looking for ignition-math6 -- found version 6.15.1
[2.110s] -- Looking for ignition-transport8 -- found version 8.3.0
[2.111s] -- Searching for dependencies of ignition-transport8
[2.133s] -- Found Protobuf: /usr/lib/x86_64-linux-gnu/libprotobuf.so;-lpthread (found suitable version "3.6.1", minimum required is "3")
[2.147s] -- Config-file not installed for ZeroMQ -- checking for pkg-config
[2.153s] -- Checking for module 'libzmq >= 4'
[2.178s] --   Found libzmq, version 4.3.2
[2.245s] -- Checking for module 'uuid'
[2.263s] --   Found uuid, version 2.34.0
[2.311s] -- Looking for ignition-msgs5 -- found version 5.10.0
[2.311s] -- Searching for dependencies of ignition-msgs5
[2.332s] -- Looking for ignition-math6 -- found version 6.15.1
[2.339s] -- Checking for module 'tinyxml2'
[2.361s] --   Found tinyxml2, version 6.2.0
[2.409s] -- Looking for ignition-msgs5 -- found version 5.10.0
[2.411s] -- Looking for ignition-common3 -- found version 3.14.2
[2.411s] -- Searching for dependencies of ignition-common3
[2.412s] -- Looking for dlfcn.h - found
[2.412s] -- Looking for libdl - found
[2.425s] -- Searching for <ignition-common3> component [graphics]
[2.428s] -- Looking for ignition-common3-graphics -- found version 3.14.2
[2.428s] -- Searching for dependencies of ignition-common3-graphics
[2.428s] -- Looking for ignition-math6 -- found version 6.15.1
[2.432s] -- Looking for ignition-fuel_tools4 -- found version 4.6.0
[2.432s] -- Searching for dependencies of ignition-fuel_tools4
[2.489s] -- Checking for module 'jsoncpp'
[2.511s] --   Found jsoncpp, version 1.7.4
[2.559s] -- Checking for module 'libzip'
[2.578s] --   Found libzip, version 1.5.1
[2.620s] -- Looking for ignition-common3 -- found version 3.14.2
[2.620s] -- Looking for ignition-math6 -- found version 6.15.1
[2.621s] -- Looking for ignition-msgs5 -- found version 5.10.0
[2.624s] -- Found gazebo_ros: 3.5.2 (/opt/ros/galactic/share/gazebo_ros/cmake)
[2.634s] -- Gazebo version: 11.11
[2.703s] -- Found nav_msgs: 2.2.4 (/opt/ros/galactic/share/nav_msgs/cmake)
[2.803s] -- Found ament_lint_auto: 0.10.7 (/opt/ros/galactic/share/ament_lint_auto/cmake)
[2.876s] -- Added test 'copyright' to check source files copyright and LICENSE
[2.878s] -- Added test 'cppcheck' to perform static code analysis on C / C++ code
[2.878s] -- Configured cppcheck include dirs: /home/leoo/Desktop/project2_ws/src/odometry/include
[2.878s] -- Configured cppcheck exclude dirs and/or files: 
[2.879s] -- Added test 'cpplint' to check C / C++ code against the Google style
[2.879s] -- Configured cpplint exclude dirs and/or files: 
[2.879s] -- Added test 'lint_cmake' to check CMake code style
[2.880s] -- Added test 'uncrustify' to check C / C++ code style
[2.881s] -- Configured uncrustify additional arguments: 
[2.881s] -- Added test 'xmllint' to check XML markup files
[2.885s] -- Configuring done (2.6s)
[2.978s] -- Generating done (0.1s)
[2.980s] -- Build files have been written to: /home/leoo/Desktop/project2_ws/build/odometry
[3.027s] [100%] Built target odometry_plugin
[3.045s] Invoked command in '/home/leoo/Desktop/project2_ws/build/odometry' returned '0': CMAKE_PREFIX_PATH=${CMAKE_PREFIX_PATH}:/home/leoo/Desktop/project2_ws/install/robot_arm_control:/home/leoo/Desktop/project2_ws/install/project2_control:/opt/ros/galactic /home/leoo/.local/bin/cmake --build /home/leoo/Desktop/project2_ws/build/odometry -- -j8 -l8
[3.128s] Invoking command in '/home/leoo/Desktop/project2_ws/build/odometry': CMAKE_PREFIX_PATH=${CMAKE_PREFIX_PATH}:/home/leoo/Desktop/project2_ws/install/robot_arm_control:/home/leoo/Desktop/project2_ws/install/project2_control:/opt/ros/galactic /home/leoo/.local/bin/cmake --install /home/leoo/Desktop/project2_ws/build/odometry
[3.190s] -- Install configuration: ""
[3.190s] -- Up-to-date: /home/leoo/Desktop/project2_ws/install/odometry/include
[3.190s] -- Up-to-date: /home/leoo/Desktop/project2_ws/install/odometry/include/odometry
[3.190s] -- Up-to-date: /home/leoo/Desktop/project2_ws/install/odometry/include/odometry/odometry_plugin.hpp
[3.191s] -- Up-to-date: /home/leoo/Desktop/project2_ws/install/odometry/share/odometry//src
[3.191s] -- Up-to-date: /home/leoo/Desktop/project2_ws/install/odometry/share/odometry//src/odometry_plugin.cpp
[3.191s] -- Up-to-date: /home/leoo/Desktop/project2_ws/install/odometry/share/odometry/environment/library_path.sh
[3.191s] -- Installing: /home/leoo/Desktop/project2_ws/install/odometry/share/odometry/environment/library_path.dsv
[3.193s] -- Up-to-date: /home/leoo/Desktop/project2_ws/install/odometry/lib/libodometry_plugin.so
[3.194s] -- Up-to-date: /home/leoo/Desktop/project2_ws/install/odometry/share/ament_index/resource_index/package_run_dependencies/odometry
[3.194s] -- Up-to-date: /home/leoo/Desktop/project2_ws/install/odometry/share/ament_index/resource_index/parent_prefix_path/odometry
[3.194s] -- Up-to-date: /home/leoo/Desktop/project2_ws/install/odometry/share/odometry/environment/ament_prefix_path.sh
[3.194s] -- Installing: /home/leoo/Desktop/project2_ws/install/odometry/share/odometry/environment/ament_prefix_path.dsv
[3.194s] -- Up-to-date: /home/leoo/Desktop/project2_ws/install/odometry/share/odometry/environment/path.sh
[3.195s] -- Installing: /home/leoo/Desktop/project2_ws/install/odometry/share/odometry/environment/path.dsv
[3.195s] -- Up-to-date: /home/leoo/Desktop/project2_ws/install/odometry/share/odometry/local_setup.bash
[3.195s] -- Up-to-date: /home/leoo/Desktop/project2_ws/install/odometry/share/odometry/local_setup.sh
[3.195s] -- Up-to-date: /home/leoo/Desktop/project2_ws/install/odometry/share/odometry/local_setup.zsh
[3.195s] -- Installing: /home/leoo/Desktop/project2_ws/install/odometry/share/odometry/local_setup.dsv
[3.195s] -- Installing: /home/leoo/Desktop/project2_ws/install/odometry/share/odometry/package.dsv
[3.196s] -- Up-to-date: /home/leoo/Desktop/project2_ws/install/odometry/share/ament_index/resource_index/packages/odometry
[3.196s] -- Up-to-date: /home/leoo/Desktop/project2_ws/install/odometry/share/odometry/cmake/ament_cmake_export_libraries-extras.cmake
[3.196s] -- Up-to-date: /home/leoo/Desktop/project2_ws/install/odometry/share/odometry/cmake/odometryConfig.cmake
[3.196s] -- Up-to-date: /home/leoo/Desktop/project2_ws/install/odometry/share/odometry/cmake/odometryConfig-version.cmake
[3.196s] -- Installing: /home/leoo/Desktop/project2_ws/install/odometry/share/odometry/package.xml
[3.218s] Invoked command in '/home/leoo/Desktop/project2_ws/build/odometry' returned '0': CMAKE_PREFIX_PATH=${CMAKE_PREFIX_PATH}:/home/leoo/Desktop/project2_ws/install/robot_arm_control:/home/leoo/Desktop/project2_ws/install/project2_control:/opt/ros/galactic /home/leoo/.local/bin/cmake --install /home/leoo/Desktop/project2_ws/build/odometry
