[0.970s] Invoking command in '/home/leoo/Desktop/project2_ws/src/project2_control': PYTHONPATH=/home/leoo/Desktop/project2_ws/build/project2_control/prefix_override:/usr/lib/python3/dist-packages/colcon_core/task/python/colcon_distutils_commands:/home/leoo/Desktop/project2_ws/install/project2_control/lib/python3.8/site-packages:${PYTHONPATH} /usr/bin/python3 -W ignore:setup.py install is deprecated setup.py egg_info --egg-base ../../build/project2_control build --build-base /home/leoo/Desktop/project2_ws/build/project2_control/build install --record /home/leoo/Desktop/project2_ws/build/project2_control/install.log --single-version-externally-managed install_data
[1.186s] running egg_info
[1.187s] creating ../../build/project2_control/project2_control.egg-info
[1.188s] writing ../../build/project2_control/project2_control.egg-info/PKG-INFO
[1.188s] writing dependency_links to ../../build/project2_control/project2_control.egg-info/dependency_links.txt
[1.188s] writing entry points to ../../build/project2_control/project2_control.egg-info/entry_points.txt
[1.189s] writing requirements to ../../build/project2_control/project2_control.egg-info/requires.txt
[1.189s] writing top-level names to ../../build/project2_control/project2_control.egg-info/top_level.txt
[1.191s] writing manifest file '../../build/project2_control/project2_control.egg-info/SOURCES.txt'
[1.224s] reading manifest file '../../build/project2_control/project2_control.egg-info/SOURCES.txt'
[1.225s] writing manifest file '../../build/project2_control/project2_control.egg-info/SOURCES.txt'
[1.226s] running build
[1.226s] running build_py
[1.227s] creating /home/leoo/Desktop/project2_ws/build/project2_control/build
[1.227s] creating /home/leoo/Desktop/project2_ws/build/project2_control/build/lib
[1.227s] creating /home/leoo/Desktop/project2_ws/build/project2_control/build/lib/project2_control
[1.227s] copying project2_control/__init__.py -> /home/leoo/Desktop/project2_ws/build/project2_control/build/lib/project2_control
[1.228s] copying project2_control/project2_teleop_control.py -> /home/leoo/Desktop/project2_ws/build/project2_control/build/lib/project2_control
[1.228s] running install
[1.229s] running install_lib
[1.231s] creating /home/leoo/Desktop/project2_ws/install/project2_control/lib/python3.8/site-packages/project2_control
[1.231s] copying /home/leoo/Desktop/project2_ws/build/project2_control/build/lib/project2_control/__init__.py -> /home/leoo/Desktop/project2_ws/install/project2_control/lib/python3.8/site-packages/project2_control
[1.232s] copying /home/leoo/Desktop/project2_ws/build/project2_control/build/lib/project2_control/project2_teleop_control.py -> /home/leoo/Desktop/project2_ws/install/project2_control/lib/python3.8/site-packages/project2_control
[1.232s] byte-compiling /home/leoo/Desktop/project2_ws/install/project2_control/lib/python3.8/site-packages/project2_control/__init__.py to __init__.cpython-38.pyc
[1.234s] byte-compiling /home/leoo/Desktop/project2_ws/install/project2_control/lib/python3.8/site-packages/project2_control/project2_teleop_control.py to project2_teleop_control.cpython-38.pyc
[1.235s] running install_data
[1.236s] creating /home/leoo/Desktop/project2_ws/install/project2_control/share/ament_index
[1.236s] creating /home/leoo/Desktop/project2_ws/install/project2_control/share/ament_index/resource_index
[1.236s] creating /home/leoo/Desktop/project2_ws/install/project2_control/share/ament_index/resource_index/packages
[1.237s] copying resource/project2_control -> /home/leoo/Desktop/project2_ws/install/project2_control/share/ament_index/resource_index/packages
[1.237s] copying package.xml -> /home/leoo/Desktop/project2_ws/install/project2_control/share/project2_control
[1.237s] running install_egg_info
[1.241s] Copying ../../build/project2_control/project2_control.egg-info to /home/leoo/Desktop/project2_ws/install/project2_control/lib/python3.8/site-packages/project2_control-0.0.0-py3.8.egg-info
[1.242s] running install_scripts
[1.262s] Installing project2_teleop_control script to /home/leoo/Desktop/project2_ws/install/project2_control/lib/project2_control
[1.265s] writing list of installed files to '/home/leoo/Desktop/project2_ws/build/project2_control/install.log'
[1.295s] Invoked command in '/home/leoo/Desktop/project2_ws/src/project2_control' returned '0': PYTHONPATH=/home/leoo/Desktop/project2_ws/build/project2_control/prefix_override:/usr/lib/python3/dist-packages/colcon_core/task/python/colcon_distutils_commands:/home/leoo/Desktop/project2_ws/install/project2_control/lib/python3.8/site-packages:${PYTHONPATH} /usr/bin/python3 -W ignore:setup.py install is deprecated setup.py egg_info --egg-base ../../build/project2_control build --build-base /home/leoo/Desktop/project2_ws/build/project2_control/build install --record /home/leoo/Desktop/project2_ws/build/project2_control/install.log --single-version-externally-managed install_data
