[0.041s] Invoking command in '/home/leoo/Desktop/project2_ws/build/odometry': CMAKE_PREFIX_PATH=${CMAKE_PREFIX_PATH}:/home/leoo/Desktop/project2_ws/install/robot_arm_control:/home/leoo/Desktop/project2_ws/install/project2_control:/opt/ros/galactic /home/leoo/.local/bin/cmake --build /home/leoo/Desktop/project2_ws/build/odometry -- -j2 -l2
[0.369s] [100%] Built target odometry_plugin
[0.479s] Invoked command in '/home/leoo/Desktop/project2_ws/build/odometry' returned '0': CMAKE_PREFIX_PATH=${CMAKE_PREFIX_PATH}:/home/leoo/Desktop/project2_ws/install/robot_arm_control:/home/leoo/Desktop/project2_ws/install/project2_control:/opt/ros/galactic /home/leoo/.local/bin/cmake --build /home/leoo/Desktop/project2_ws/build/odometry -- -j2 -l2
[0.675s] Invoking command in '/home/leoo/Desktop/project2_ws/build/odometry': CMAKE_PREFIX_PATH=${CMAKE_PREFIX_PATH}:/home/leoo/Desktop/project2_ws/install/robot_arm_control:/home/leoo/Desktop/project2_ws/install/project2_control:/opt/ros/galactic /home/leoo/.local/bin/cmake --install /home/leoo/Desktop/project2_ws/build/odometry
[0.757s] -- Install configuration: ""
[0.758s] -- Up-to-date: /home/leoo/Desktop/project2_ws/install/odometry/include
[0.759s] -- Up-to-date: /home/leoo/Desktop/project2_ws/install/odometry/include/odometry
[0.759s] -- Up-to-date: /home/leoo/Desktop/project2_ws/install/odometry/include/odometry/odometry_plugin.hpp
[0.760s] -- Up-to-date: /home/leoo/Desktop/project2_ws/install/odometry/share/odometry//src
[0.761s] -- Up-to-date: /home/leoo/Desktop/project2_ws/install/odometry/share/odometry//src/odometry_plugin.cpp
[0.763s] -- Up-to-date: /home/leoo/Desktop/project2_ws/install/odometry/share/odometry/environment/library_path.sh
[0.763s] -- Up-to-date: /home/leoo/Desktop/project2_ws/install/odometry/share/odometry/environment/library_path.dsv
[0.765s] -- Up-to-date: /home/leoo/Desktop/project2_ws/install/odometry/lib/libodometry_plugin.so
[0.766s] -- Up-to-date: /home/leoo/Desktop/project2_ws/install/odometry/share/ament_index/resource_index/package_run_dependencies/odometry
[0.769s] -- Up-to-date: /home/leoo/Desktop/project2_ws/install/odometry/share/ament_index/resource_index/parent_prefix_path/odometry
[0.770s] -- Up-to-date: /home/leoo/Desktop/project2_ws/install/odometry/share/odometry/environment/ament_prefix_path.sh
[0.771s] -- Up-to-date: /home/leoo/Desktop/project2_ws/install/odometry/share/odometry/environment/ament_prefix_path.dsv
[0.772s] -- Up-to-date: /home/leoo/Desktop/project2_ws/install/odometry/share/odometry/environment/path.sh
[0.773s] -- Up-to-date: /home/leoo/Desktop/project2_ws/install/odometry/share/odometry/environment/path.dsv
[0.774s] -- Up-to-date: /home/leoo/Desktop/project2_ws/install/odometry/share/odometry/local_setup.bash
[0.775s] -- Up-to-date: /home/leoo/Desktop/project2_ws/install/odometry/share/odometry/local_setup.sh
[0.776s] -- Up-to-date: /home/leoo/Desktop/project2_ws/install/odometry/share/odometry/local_setup.zsh
[0.777s] -- Up-to-date: /home/leoo/Desktop/project2_ws/install/odometry/share/odometry/local_setup.dsv
[0.777s] -- Installing: /home/leoo/Desktop/project2_ws/install/odometry/share/odometry/package.dsv
[0.779s] -- Up-to-date: /home/leoo/Desktop/project2_ws/install/odometry/share/ament_index/resource_index/packages/odometry
[0.779s] -- Up-to-date: /home/leoo/Desktop/project2_ws/install/odometry/share/odometry/cmake/ament_cmake_export_libraries-extras.cmake
[0.780s] -- Up-to-date: /home/leoo/Desktop/project2_ws/install/odometry/share/odometry/cmake/odometryConfig.cmake
[0.780s] -- Up-to-date: /home/leoo/Desktop/project2_ws/install/odometry/share/odometry/cmake/odometryConfig-version.cmake
[0.781s] -- Up-to-date: /home/leoo/Desktop/project2_ws/install/odometry/share/odometry/package.xml
[0.799s] Invoked command in '/home/leoo/Desktop/project2_ws/build/odometry' returned '0': CMAKE_PREFIX_PATH=${CMAKE_PREFIX_PATH}:/home/leoo/Desktop/project2_ws/install/robot_arm_control:/home/leoo/Desktop/project2_ws/install/project2_control:/opt/ros/galactic /home/leoo/.local/bin/cmake --install /home/leoo/Desktop/project2_ws/build/odometry
