[1.410s] Invoking command in '/home/leoo/Desktop/project2_ws/src/project2_control': PYTHONPATH=/home/leoo/Desktop/project2_ws/build/project2_control/prefix_override:/usr/lib/python3/dist-packages/colcon_core/task/python/colcon_distutils_commands:/home/leoo/Desktop/project2_ws/install/project2_control/lib/python3.8/site-packages:${PYTHONPATH} /usr/bin/python3 -W ignore:setup.py install is deprecated setup.py egg_info --egg-base ../../build/project2_control build --build-base /home/leoo/Desktop/project2_ws/build/project2_control/build install --record /home/leoo/Desktop/project2_ws/build/project2_control/install.log --single-version-externally-managed install_data
[1.957s] running egg_info
[2.016s] writing ../../build/project2_control/project2_control.egg-info/PKG-INFO
[2.019s] writing dependency_links to ../../build/project2_control/project2_control.egg-info/dependency_links.txt
[2.020s] writing entry points to ../../build/project2_control/project2_control.egg-info/entry_points.txt
[2.021s] writing requirements to ../../build/project2_control/project2_control.egg-info/requires.txt
[2.022s] writing top-level names to ../../build/project2_control/project2_control.egg-info/top_level.txt
[2.023s] reading manifest file '../../build/project2_control/project2_control.egg-info/SOURCES.txt'
[2.023s] writing manifest file '../../build/project2_control/project2_control.egg-info/SOURCES.txt'
[2.023s] running build
[2.024s] running build_py
[2.024s] running install
[2.024s] running install_lib
[2.025s] running install_data
[2.025s] running install_egg_info
[2.043s] removing '/home/leoo/Desktop/project2_ws/install/project2_control/lib/python3.8/site-packages/project2_control-0.0.0-py3.8.egg-info' (and everything under it)
[2.044s] Copying ../../build/project2_control/project2_control.egg-info to /home/leoo/Desktop/project2_ws/install/project2_control/lib/python3.8/site-packages/project2_control-0.0.0-py3.8.egg-info
[2.102s] running install_scripts
[2.103s] Installing project2_teleop_control script to /home/leoo/Desktop/project2_ws/install/project2_control/lib/project2_control
[2.103s] writing list of installed files to '/home/leoo/Desktop/project2_ws/build/project2_control/install.log'
[2.118s] Invoked command in '/home/leoo/Desktop/project2_ws/src/project2_control' returned '0': PYTHONPATH=/home/leoo/Desktop/project2_ws/build/project2_control/prefix_override:/usr/lib/python3/dist-packages/colcon_core/task/python/colcon_distutils_commands:/home/leoo/Desktop/project2_ws/install/project2_control/lib/python3.8/site-packages:${PYTHONPATH} /usr/bin/python3 -W ignore:setup.py install is deprecated setup.py egg_info --egg-base ../../build/project2_control build --build-base /home/leoo/Desktop/project2_ws/build/project2_control/build install --record /home/leoo/Desktop/project2_ws/build/project2_control/install.log --single-version-externally-managed install_data
