[0.048s] Invoking command in '/home/leoo/Desktop/project2_ws/build/odometry': CMAKE_PREFIX_PATH=${CMAKE_PREFIX_PATH}:/home/leoo/Desktop/project2_ws/install/robot_arm_control:/home/leoo/Desktop/project2_ws/install/project2_control:/home/leoo/Desktop/project2_ws/install/odometry:/opt/ros/galactic /home/leoo/.local/bin/cmake /home/leoo/Desktop/project2_ws/src/odometry -DCMAKE_INSTALL_PREFIX=/home/leoo/Desktop/project2_ws/install/odometry
[1.179s] -- The C compiler identification is GNU 9.4.0
[1.842s] -- The CXX compiler identification is GNU 9.4.0
[1.855s] -- Detecting C compiler ABI info
[2.050s] -- Detecting C compiler ABI info - done
[2.073s] -- Check for working C compiler: /usr/bin/cc - skipped
[2.076s] -- Detecting C compile features
[2.078s] -- Detecting C compile features - done
[2.087s] -- Detecting CXX compiler ABI info
[2.394s] -- Detecting CXX compiler ABI info - done
[2.415s] -- Check for working CXX compiler: /usr/bin/c++ - skipped
[2.416s] -- Detecting CXX compile features
[2.417s] -- Detecting CXX compile features - done
[2.454s] -- Found ament_cmake: 1.1.6 (/opt/ros/galactic/share/ament_cmake/cmake)
[2.482s] [33mCMake Warning (dev) at /opt/ros/galactic/share/ament_cmake_core/cmake/core/python.cmake:22 (find_package):
[2.482s]   Policy CMP0148 is not set: The FindPythonInterp and FindPythonLibs modules
[2.482s]   are removed.  Run "cmake --help-policy CMP0148" for policy details.  Use
[2.482s]   the cmake_policy command to set the policy and suppress this warning.
[2.482s] 
[2.483s] Call Stack (most recent call first):
[2.483s]   /opt/ros/galactic/share/ament_cmake_core/cmake/core/all.cmake:53 (include)
[2.483s]   /opt/ros/galactic/share/ament_cmake_core/cmake/ament_cmake_core-extras.cmake:17 (include)
[2.483s]   /opt/ros/galactic/share/ament_cmake_core/cmake/ament_cmake_coreConfig.cmake:41 (include)
[2.483s]   /opt/ros/galactic/share/ament_cmake/cmake/ament_cmake_export_dependencies-extras.cmake:15 (find_package)
[2.483s]   /opt/ros/galactic/share/ament_cmake/cmake/ament_cmakeConfig.cmake:41 (include)
[2.483s]   CMakeLists.txt:9 (find_package)
[2.483s] This warning is for project developers.  Use -Wno-dev to suppress it.
[2.483s] [0m
[2.536s] -- Found PythonInterp: /usr/bin/python3 (found suitable version "3.8.10", minimum required is "3")
[2.536s] -- Using PYTHON_EXECUTABLE: /usr/bin/python3
[2.726s] -- Found tf2: 0.17.5 (/opt/ros/galactic/share/tf2/cmake)
[2.817s] -- Using all available rosidl_typesupport_c: rosidl_typesupport_fastrtps_c;rosidl_typesupport_introspection_c
[2.834s] -- Found rosidl_adapter: 2.2.3 (/opt/ros/galactic/share/rosidl_adapter/cmake)
[2.981s] -- Found OpenSSL: /usr/lib/x86_64-linux-gnu/libcrypto.so (found version "1.1.1f")
[3.022s] -- Found FastRTPS: /opt/ros/galactic/include
[3.137s] -- Using all available rosidl_typesupport_cpp: rosidl_typesupport_fastrtps_cpp;rosidl_typesupport_introspection_cpp
[3.269s] -- Found tf2_ros: 0.17.5 (/opt/ros/galactic/share/tf2_ros/cmake)
[3.352s] -- Found rmw_implementation_cmake: 3.3.1 (/opt/ros/galactic/share/rmw_implementation_cmake/cmake)
[3.357s] -- Found rmw_cyclonedds_cpp: 0.22.6 (/opt/ros/galactic/share/rmw_cyclonedds_cpp/cmake)
[3.377s] -- Using RMW implementation 'rmw_cyclonedds_cpp' as default
[3.378s] -- Performing Test CMAKE_HAVE_LIBC_PTHREAD
[3.441s] -- Performing Test CMAKE_HAVE_LIBC_PTHREAD - Failed
[3.441s] -- Looking for pthread_create in pthreads
[3.499s] -- Looking for pthread_create in pthreads - not found
[3.499s] -- Looking for pthread_create in pthread
[3.577s] -- Looking for pthread_create in pthread - found
[3.579s] -- Found Threads: TRUE
[4.175s] [33mCMake Warning (dev) at /home/leoo/.local/lib/python3.8/site-packages/cmake/data/share/cmake-3.30/Modules/FindPackageHandleStandardArgs.cmake:441 (message):
[4.175s]   The package name passed to `find_package_handle_standard_args` (PkgConfig)
[4.176s]   does not match the name of the calling package (gazebo).  This can lead to
[4.176s]   problems in calling code that expects `find_package` result variables
[4.176s]   (e.g., `_FOUND`) to follow a certain pattern.
[4.176s] Call Stack (most recent call first):
[4.176s]   /home/leoo/.local/lib/python3.8/site-packages/cmake/data/share/cmake-3.30/Modules/FindPkgConfig.cmake:114 (find_package_handle_standard_args)
[4.176s]   /usr/lib/x86_64-linux-gnu/cmake/gazebo/gazebo-config.cmake:72 (include)
[4.177s]   CMakeLists.txt:12 (find_package)
[4.177s] This warning is for project developers.  Use -Wno-dev to suppress it.
[4.177s] [0m
[4.177s] -- Found PkgConfig: /usr/bin/pkg-config (found version "0.29.1")
[4.177s] -- Checking for module 'bullet>=2.82'
[4.196s] --   Found bullet, version 2.88
[4.347s] -- Found ccd: /usr/include (found suitable version "2.0", minimum required is "2.0")
[4.419s] -- Found fcl: /usr/include (found suitable version "0.5.0", minimum required is "0.3.2")
[4.494s] -- Found assimp: /usr/include (found version "5.0.0")
[4.496s] [33mCMake Warning (dev) at /usr/share/dart/cmake/DARTFindBoost.cmake:24 (find_package):
[4.496s]   Policy CMP0167 is not set: The FindBoost module is removed.  Run "cmake
[4.496s]   --help-policy CMP0167" for policy details.  Use the cmake_policy command to
[4.496s]   set the policy and suppress this warning.
[4.496s] 
[4.496s] Call Stack (most recent call first):
[4.496s]   /usr/share/dart/cmake/dart_dartComponent.cmake:6 (include)
[4.496s]   /usr/share/dart/cmake/DARTConfig.cmake:63 (include)
[4.497s]   /usr/share/dart/cmake/DARTConfig.cmake:123 (dart_traverse_components)
[4.497s]   /usr/share/dart/cmake/DARTConfig.cmake:171 (dart_package_init)
[4.497s]   /usr/lib/x86_64-linux-gnu/cmake/gazebo/gazebo-config.cmake:166 (find_package)
[4.497s]   CMakeLists.txt:12 (find_package)
[4.497s] This warning is for project developers.  Use -Wno-dev to suppress it.
[4.497s] [0m
[4.552s] -- Found DART: /usr/include (Required is at least version "6.6") found components: dart
[4.569s] [33mCMake Warning (dev) at /usr/lib/x86_64-linux-gnu/cmake/gazebo/gazebo-config.cmake:197 (find_package):
[4.569s]   Policy CMP0167 is not set: The FindBoost module is removed.  Run "cmake
[4.569s]   --help-policy CMP0167" for policy details.  Use the cmake_policy command to
[4.569s]   set the policy and suppress this warning.
[4.569s] 
[4.569s] Call Stack (most recent call first):
[4.569s]   CMakeLists.txt:12 (find_package)
[4.569s] This warning is for project developers.  Use -Wno-dev to suppress it.
[4.570s] [0m
[4.616s] -- Found Boost: /usr/lib/x86_64-linux-gnu/cmake/Boost-1.71.0/BoostConfig.cmake (found suitable version "1.71.0", minimum required is "1.40.0") found components: thread system filesystem program_options regex iostreams date_time
[4.692s] -- Found Protobuf: /usr/lib/x86_64-linux-gnu/libprotobuf.so;-lpthread (found version "3.6.1")
[4.703s] -- Looking for ignition-math6 -- found version 6.15.1
[4.724s] -- Searching for dependencies of ignition-math6
[4.730s] -- Looking for OGRE...
[4.731s] -- OGRE_PREFIX_WATCH changed.
[4.737s] -- Checking for module 'OGRE'
[4.757s] --   Found OGRE, version 1.9.0
[4.806s] -- Found Ogre Ghadamon (1.9.0)
[4.825s] -- Found OGRE: optimized;/usr/lib/x86_64-linux-gnu/libOgreMain.so;debug;/usr/lib/x86_64-linux-gnu/libOgreMain.so
[4.825s] [33mCMake Warning (dev) at /usr/share/OGRE/cmake/modules/FindOGRE.cmake:309 (find_package):
[4.826s]   Policy CMP0167 is not set: The FindBoost module is removed.  Run "cmake
[4.826s]   --help-policy CMP0167" for policy details.  Use the cmake_policy command to
[4.826s]   set the policy and suppress this warning.
[4.826s] 
[4.826s] Call Stack (most recent call first):
[4.826s]   /usr/lib/x86_64-linux-gnu/cmake/gazebo/gazebo-config.cmake:213 (find_package)
[4.827s]   CMakeLists.txt:12 (find_package)
[4.827s] This warning is for project developers.  Use -Wno-dev to suppress it.
[4.827s] [0m
[4.832s] [33mCMake Warning (dev) at /usr/share/OGRE/cmake/modules/FindOGRE.cmake:318 (find_package):
[4.832s]   Policy CMP0167 is not set: The FindBoost module is removed.  Run "cmake
[4.832s]   --help-policy CMP0167" for policy details.  Use the cmake_policy command to
[4.832s]   set the policy and suppress this warning.
[4.832s] 
[4.832s] Call Stack (most recent call first):
[4.832s]   /usr/lib/x86_64-linux-gnu/cmake/gazebo/gazebo-config.cmake:213 (find_package)
[4.832s]   CMakeLists.txt:12 (find_package)
[4.833s] This warning is for project developers.  Use -Wno-dev to suppress it.
[4.833s] [0m
[4.838s] -- Looking for OGRE_Paging...
[4.856s] -- Found OGRE_Paging: optimized;/usr/lib/x86_64-linux-gnu/libOgrePaging.so;debug;/usr/lib/x86_64-linux-gnu/libOgrePaging.so
[4.856s] -- Looking for OGRE_Terrain...
[4.873s] -- Found OGRE_Terrain: optimized;/usr/lib/x86_64-linux-gnu/libOgreTerrain.so;debug;/usr/lib/x86_64-linux-gnu/libOgreTerrain.so
[4.873s] -- Looking for OGRE_Property...
[4.887s] -- Found OGRE_Property: optimized;/usr/lib/x86_64-linux-gnu/libOgreProperty.so;debug;/usr/lib/x86_64-linux-gnu/libOgreProperty.so
[4.887s] -- Looking for OGRE_RTShaderSystem...
[4.903s] -- Found OGRE_RTShaderSystem: optimized;/usr/lib/x86_64-linux-gnu/libOgreRTShaderSystem.so;debug;/usr/lib/x86_64-linux-gnu/libOgreRTShaderSystem.so
[4.903s] -- Looking for OGRE_Volume...
[4.915s] -- Found OGRE_Volume: optimized;/usr/lib/x86_64-linux-gnu/libOgreVolume.so;debug;/usr/lib/x86_64-linux-gnu/libOgreVolume.so
[4.916s] -- Looking for OGRE_Overlay...
[4.931s] -- Found OGRE_Overlay: optimized;/usr/lib/x86_64-linux-gnu/libOgreOverlay.so;debug;/usr/lib/x86_64-linux-gnu/libOgreOverlay.so
[5.214s] -- Looking for ignition-math6 -- found version 6.15.1
[5.219s] -- Looking for ignition-transport8 -- found version 8.3.0
[5.220s] -- Searching for dependencies of ignition-transport8
[5.239s] -- Found Protobuf: /usr/lib/x86_64-linux-gnu/libprotobuf.so;-lpthread (found suitable version "3.6.1", minimum required is "3")
[5.250s] -- Config-file not installed for ZeroMQ -- checking for pkg-config
[5.255s] -- Checking for module 'libzmq >= 4'
[5.276s] --   Found libzmq, version 4.3.2
[5.324s] -- Found ZeroMQ: TRUE (Required is at least version "4")
[5.332s] -- Checking for module 'uuid'
[5.353s] --   Found uuid, version 2.34.0
[5.401s] -- Found UUID: TRUE
[5.405s] -- Looking for ignition-msgs5 -- found version 5.10.0
[5.405s] -- Searching for dependencies of ignition-msgs5
[5.427s] -- Looking for ignition-math6 -- found version 6.15.1
[5.434s] -- Checking for module 'tinyxml2'
[5.452s] --   Found tinyxml2, version 6.2.0
[5.501s] -- Looking for ignition-msgs5 -- found version 5.10.0
[5.507s] -- Looking for ignition-common3 -- found version 3.14.2
[5.507s] -- Searching for dependencies of ignition-common3
[5.508s] -- Looking for dlfcn.h - found
[5.509s] -- Looking for libdl - found
[5.511s] -- Found DL: TRUE
[5.523s] -- Searching for <ignition-common3> component [graphics]
[5.527s] -- Looking for ignition-common3-graphics -- found version 3.14.2
[5.527s] -- Searching for dependencies of ignition-common3-graphics
[5.528s] -- Looking for ignition-math6 -- found version 6.15.1
[5.533s] -- Looking for ignition-fuel_tools4 -- found version 4.6.0
[5.534s] -- Searching for dependencies of ignition-fuel_tools4
[5.642s] -- Found CURL: /usr/lib/x86_64-linux-gnu/libcurl.so (found version "7.68.0")
[5.653s] -- Checking for module 'jsoncpp'
[5.674s] --   Found jsoncpp, version 1.7.4
[5.720s] -- Found JSONCPP: TRUE
[5.727s] -- Checking for module 'libzip'
[5.746s] --   Found libzip, version 1.5.1
[5.792s] -- Found ZIP: TRUE
[5.793s] -- Looking for ignition-common3 -- found version 3.14.2
[5.793s] -- Looking for ignition-math6 -- found version 6.15.1
[5.794s] -- Looking for ignition-msgs5 -- found version 5.10.0
[5.800s] -- Found gazebo_ros: 3.5.2 (/opt/ros/galactic/share/gazebo_ros/cmake)
[5.809s] -- Gazebo version: 11.11
[5.817s] -- Found nav_msgs: 2.2.4 (/opt/ros/galactic/share/nav_msgs/cmake)
[5.906s] -- Found ament_lint_auto: 0.10.7 (/opt/ros/galactic/share/ament_lint_auto/cmake)
[5.980s] -- Added test 'copyright' to check source files copyright and LICENSE
[5.981s] -- Added test 'cppcheck' to perform static code analysis on C / C++ code
[5.981s] -- Configured cppcheck include dirs: /home/leoo/Desktop/project2_ws/src/odometry/include
[5.982s] -- Configured cppcheck exclude dirs and/or files: 
[5.983s] -- Added test 'cpplint' to check C / C++ code against the Google style
[5.983s] -- Configured cpplint exclude dirs and/or files: 
[5.984s] -- Added test 'lint_cmake' to check CMake code style
[5.985s] -- Added test 'uncrustify' to check C / C++ code style
[5.985s] -- Configured uncrustify additional arguments: 
[5.986s] -- Added test 'xmllint' to check XML markup files
[5.988s] -- Configuring done (5.7s)
[6.074s] -- Generating done (0.1s)
[6.075s] -- Build files have been written to: /home/leoo/Desktop/project2_ws/build/odometry
[6.108s] Invoked command in '/home/leoo/Desktop/project2_ws/build/odometry' returned '0': CMAKE_PREFIX_PATH=${CMAKE_PREFIX_PATH}:/home/leoo/Desktop/project2_ws/install/robot_arm_control:/home/leoo/Desktop/project2_ws/install/project2_control:/home/leoo/Desktop/project2_ws/install/odometry:/opt/ros/galactic /home/leoo/.local/bin/cmake /home/leoo/Desktop/project2_ws/src/odometry -DCMAKE_INSTALL_PREFIX=/home/leoo/Desktop/project2_ws/install/odometry
[6.112s] Invoking command in '/home/leoo/Desktop/project2_ws/build/odometry': CMAKE_PREFIX_PATH=${CMAKE_PREFIX_PATH}:/home/leoo/Desktop/project2_ws/install/robot_arm_control:/home/leoo/Desktop/project2_ws/install/project2_control:/home/leoo/Desktop/project2_ws/install/odometry:/opt/ros/galactic /home/leoo/.local/bin/cmake --build /home/leoo/Desktop/project2_ws/build/odometry -- -j8 -l8
[6.187s] [ 50%] [32mBuilding CXX object CMakeFiles/odometry_plugin.dir/src/odometry_plugin.cpp.o[0m
[28.405s] [100%] [32m[1mLinking CXX shared library libodometry_plugin.so[0m
[29.626s] [100%] Built target odometry_plugin
[29.644s] Invoked command in '/home/leoo/Desktop/project2_ws/build/odometry' returned '0': CMAKE_PREFIX_PATH=${CMAKE_PREFIX_PATH}:/home/leoo/Desktop/project2_ws/install/robot_arm_control:/home/leoo/Desktop/project2_ws/install/project2_control:/home/leoo/Desktop/project2_ws/install/odometry:/opt/ros/galactic /home/leoo/.local/bin/cmake --build /home/leoo/Desktop/project2_ws/build/odometry -- -j8 -l8
[29.752s] Invoking command in '/home/leoo/Desktop/project2_ws/build/odometry': CMAKE_PREFIX_PATH=${CMAKE_PREFIX_PATH}:/home/leoo/Desktop/project2_ws/install/robot_arm_control:/home/leoo/Desktop/project2_ws/install/project2_control:/home/leoo/Desktop/project2_ws/install/odometry:/opt/ros/galactic /home/leoo/.local/bin/cmake --install /home/leoo/Desktop/project2_ws/build/odometry
[29.806s] -- Install configuration: ""
[29.806s] -- Installing: /home/leoo/Desktop/project2_ws/install/odometry/include
[29.807s] -- Installing: /home/leoo/Desktop/project2_ws/install/odometry/include/odometry
[29.807s] -- Installing: /home/leoo/Desktop/project2_ws/install/odometry/include/odometry/odometry_plugin.hpp
[29.807s] -- Installing: /home/leoo/Desktop/project2_ws/install/odometry/share/odometry//src
[29.807s] -- Installing: /home/leoo/Desktop/project2_ws/install/odometry/share/odometry//src/odometry_plugin.cpp
[29.808s] -- Installing: /home/leoo/Desktop/project2_ws/install/odometry/share/odometry/environment/library_path.sh
[29.808s] -- Installing: /home/leoo/Desktop/project2_ws/install/odometry/share/odometry/environment/library_path.dsv
[29.808s] -- Installing: /home/leoo/Desktop/project2_ws/install/odometry/lib/libodometry_plugin.so
[29.811s] -- Set non-toolchain portion of runtime path of "/home/leoo/Desktop/project2_ws/install/odometry/lib/libodometry_plugin.so" to ""
[29.811s] -- Installing: /home/leoo/Desktop/project2_ws/install/odometry/share/ament_index/resource_index/package_run_dependencies/odometry
[29.812s] -- Installing: /home/leoo/Desktop/project2_ws/install/odometry/share/ament_index/resource_index/parent_prefix_path/odometry
[29.812s] -- Installing: /home/leoo/Desktop/project2_ws/install/odometry/share/odometry/environment/ament_prefix_path.sh
[29.812s] -- Installing: /home/leoo/Desktop/project2_ws/install/odometry/share/odometry/environment/ament_prefix_path.dsv
[29.813s] -- Installing: /home/leoo/Desktop/project2_ws/install/odometry/share/odometry/environment/path.sh
[29.813s] -- Installing: /home/leoo/Desktop/project2_ws/install/odometry/share/odometry/environment/path.dsv
[29.813s] -- Installing: /home/leoo/Desktop/project2_ws/install/odometry/share/odometry/local_setup.bash
[29.814s] -- Installing: /home/leoo/Desktop/project2_ws/install/odometry/share/odometry/local_setup.sh
[29.814s] -- Installing: /home/leoo/Desktop/project2_ws/install/odometry/share/odometry/local_setup.zsh
[29.814s] -- Installing: /home/leoo/Desktop/project2_ws/install/odometry/share/odometry/local_setup.dsv
[29.815s] -- Installing: /home/leoo/Desktop/project2_ws/install/odometry/share/odometry/package.dsv
[29.815s] -- Installing: /home/leoo/Desktop/project2_ws/install/odometry/share/ament_index/resource_index/packages/odometry
[29.815s] -- Installing: /home/leoo/Desktop/project2_ws/install/odometry/share/odometry/cmake/ament_cmake_export_libraries-extras.cmake
[29.815s] -- Installing: /home/leoo/Desktop/project2_ws/install/odometry/share/odometry/cmake/odometryConfig.cmake
[29.815s] -- Installing: /home/leoo/Desktop/project2_ws/install/odometry/share/odometry/cmake/odometryConfig-version.cmake
[29.815s] -- Installing: /home/leoo/Desktop/project2_ws/install/odometry/share/odometry/package.xml
[29.827s] Invoked command in '/home/leoo/Desktop/project2_ws/build/odometry' returned '0': CMAKE_PREFIX_PATH=${CMAKE_PREFIX_PATH}:/home/leoo/Desktop/project2_ws/install/robot_arm_control:/home/leoo/Desktop/project2_ws/install/project2_control:/home/leoo/Desktop/project2_ws/install/odometry:/opt/ros/galactic /home/leoo/.local/bin/cmake --install /home/leoo/Desktop/project2_ws/build/odometry
