[0.250s] DEBUG:colcon:Command line arguments: ['/usr/bin/colcon', 'build']
[0.250s] DEBUG:colcon:Parsed command line arguments: Namespace(allow_overriding=[], ament_cmake_args=None, base_paths=['.'], build_base='build', catkin_cmake_args=None, catkin_skip_building_tests=False, cmake_args=None, cmake_clean_cache=False, cmake_clean_first=False, cmake_force_configure=False, cmake_target=None, cmake_target_skip_unavailable=False, continue_on_error=False, event_handlers=None, executor='parallel', ignore_user_meta=False, install_base='install', log_base=None, log_level=None, main=<bound method BuildVerb.main of <colcon_core.verb.build.BuildVerb object at 0x7f313db80e20>>, merge_install=False, metas=['./colcon.meta'], packages_above=None, packages_above_and_dependencies=None, packages_above_depth=None, packages_end=None, packages_ignore=None, packages_ignore_regex=None, packages_select=None, packages_select_build_failed=False, packages_select_by_dep=None, packages_select_regex=None, packages_select_test_failures=False, packages_skip=None, packages_skip_build_finished=False, packages_skip_by_dep=None, packages_skip_regex=None, packages_skip_test_passed=False, packages_skip_up_to=None, packages_start=None, packages_up_to=None, packages_up_to_regex=None, parallel_workers=8, paths=None, symlink_install=False, test_result_base=None, verb_extension=<colcon_core.verb.build.BuildVerb object at 0x7f313db80e20>, verb_name='build', verb_parser=<colcon_defaults.argument_parser.defaults.DefaultArgumentsDecorator object at 0x7f313db904f0>)
[0.415s] Level 1:colcon.colcon_core.package_discovery:discover_packages(colcon_meta) check parameters
[0.415s] Level 1:colcon.colcon_core.package_discovery:discover_packages(recursive) check parameters
[0.415s] Level 1:colcon.colcon_core.package_discovery:discover_packages(ignore) check parameters
[0.415s] Level 1:colcon.colcon_core.package_discovery:discover_packages(path) check parameters
[0.415s] Level 1:colcon.colcon_core.package_discovery:discover_packages(colcon_meta) discover
[0.415s] Level 1:colcon.colcon_core.package_discovery:discover_packages(recursive) discover
[0.415s] INFO:colcon.colcon_core.package_discovery:Crawling recursively for packages in '/home/leoo/Documents/GitHub/ENPM662_Project2/project2_ws'
[0.415s] Level 1:colcon.colcon_core.package_identification:_identify(.) by extensions ['ignore', 'ignore_ament_install']
[0.415s] Level 1:colcon.colcon_core.package_identification:_identify(.) by extension 'ignore'
[0.416s] Level 1:colcon.colcon_core.package_identification:_identify(.) by extension 'ignore_ament_install'
[0.416s] Level 1:colcon.colcon_core.package_identification:_identify(.) by extensions ['colcon_pkg']
[0.416s] Level 1:colcon.colcon_core.package_identification:_identify(.) by extension 'colcon_pkg'
[0.416s] Level 1:colcon.colcon_core.package_identification:_identify(.) by extensions ['colcon_meta']
[0.416s] Level 1:colcon.colcon_core.package_identification:_identify(.) by extension 'colcon_meta'
[0.416s] Level 1:colcon.colcon_core.package_identification:_identify(.) by extensions ['ros']
[0.416s] Level 1:colcon.colcon_core.package_identification:_identify(.) by extension 'ros'
[0.426s] Level 1:colcon.colcon_core.package_identification:_identify(.) by extensions ['cmake', 'python']
[0.427s] Level 1:colcon.colcon_core.package_identification:_identify(.) by extension 'cmake'
[0.427s] Level 1:colcon.colcon_core.package_identification:_identify(.) by extension 'python'
[0.427s] Level 1:colcon.colcon_core.package_identification:_identify(.) by extensions ['python_setup_py']
[0.427s] Level 1:colcon.colcon_core.package_identification:_identify(.) by extension 'python_setup_py'
[0.427s] Level 1:colcon.colcon_core.package_identification:_identify(build) by extensions ['ignore', 'ignore_ament_install']
[0.427s] Level 1:colcon.colcon_core.package_identification:_identify(build) by extension 'ignore'
[0.427s] Level 1:colcon.colcon_core.package_identification:_identify(build) ignored
[0.427s] Level 1:colcon.colcon_core.package_identification:_identify(install) by extensions ['ignore', 'ignore_ament_install']
[0.427s] Level 1:colcon.colcon_core.package_identification:_identify(install) by extension 'ignore'
[0.427s] Level 1:colcon.colcon_core.package_identification:_identify(install) ignored
[0.427s] Level 1:colcon.colcon_core.package_identification:_identify(log) by extensions ['ignore', 'ignore_ament_install']
[0.427s] Level 1:colcon.colcon_core.package_identification:_identify(log) by extension 'ignore'
[0.427s] Level 1:colcon.colcon_core.package_identification:_identify(log) ignored
[0.427s] Level 1:colcon.colcon_core.package_identification:_identify(src) by extensions ['ignore', 'ignore_ament_install']
[0.427s] Level 1:colcon.colcon_core.package_identification:_identify(src) by extension 'ignore'
[0.428s] Level 1:colcon.colcon_core.package_identification:_identify(src) by extension 'ignore_ament_install'
[0.428s] Level 1:colcon.colcon_core.package_identification:_identify(src) by extensions ['colcon_pkg']
[0.428s] Level 1:colcon.colcon_core.package_identification:_identify(src) by extension 'colcon_pkg'
[0.428s] Level 1:colcon.colcon_core.package_identification:_identify(src) by extensions ['colcon_meta']
[0.428s] Level 1:colcon.colcon_core.package_identification:_identify(src) by extension 'colcon_meta'
[0.428s] Level 1:colcon.colcon_core.package_identification:_identify(src) by extensions ['ros']
[0.428s] Level 1:colcon.colcon_core.package_identification:_identify(src) by extension 'ros'
[0.428s] Level 1:colcon.colcon_core.package_identification:_identify(src) by extensions ['cmake', 'python']
[0.428s] Level 1:colcon.colcon_core.package_identification:_identify(src) by extension 'cmake'
[0.428s] Level 1:colcon.colcon_core.package_identification:_identify(src) by extension 'python'
[0.428s] Level 1:colcon.colcon_core.package_identification:_identify(src) by extensions ['python_setup_py']
[0.428s] Level 1:colcon.colcon_core.package_identification:_identify(src) by extension 'python_setup_py'
[0.428s] Level 1:colcon.colcon_core.package_identification:_identify(src/odometry) by extensions ['ignore', 'ignore_ament_install']
[0.428s] Level 1:colcon.colcon_core.package_identification:_identify(src/odometry) by extension 'ignore'
[0.428s] Level 1:colcon.colcon_core.package_identification:_identify(src/odometry) by extension 'ignore_ament_install'
[0.428s] Level 1:colcon.colcon_core.package_identification:_identify(src/odometry) by extensions ['colcon_pkg']
[0.428s] Level 1:colcon.colcon_core.package_identification:_identify(src/odometry) by extension 'colcon_pkg'
[0.428s] Level 1:colcon.colcon_core.package_identification:_identify(src/odometry) by extensions ['colcon_meta']
[0.428s] Level 1:colcon.colcon_core.package_identification:_identify(src/odometry) by extension 'colcon_meta'
[0.428s] Level 1:colcon.colcon_core.package_identification:_identify(src/odometry) by extensions ['ros']
[0.428s] Level 1:colcon.colcon_core.package_identification:_identify(src/odometry) by extension 'ros'
[0.431s] DEBUG:colcon.colcon_core.package_identification:Package 'src/odometry' with type 'ros.ament_cmake' and name 'odometry'
[0.431s] Level 1:colcon.colcon_core.package_identification:_identify(src/project2_control) by extensions ['ignore', 'ignore_ament_install']
[0.431s] Level 1:colcon.colcon_core.package_identification:_identify(src/project2_control) by extension 'ignore'
[0.431s] Level 1:colcon.colcon_core.package_identification:_identify(src/project2_control) by extension 'ignore_ament_install'
[0.431s] Level 1:colcon.colcon_core.package_identification:_identify(src/project2_control) by extensions ['colcon_pkg']
[0.432s] Level 1:colcon.colcon_core.package_identification:_identify(src/project2_control) by extension 'colcon_pkg'
[0.432s] Level 1:colcon.colcon_core.package_identification:_identify(src/project2_control) by extensions ['colcon_meta']
[0.432s] Level 1:colcon.colcon_core.package_identification:_identify(src/project2_control) by extension 'colcon_meta'
[0.432s] Level 1:colcon.colcon_core.package_identification:_identify(src/project2_control) by extensions ['ros']
[0.432s] Level 1:colcon.colcon_core.package_identification:_identify(src/project2_control) by extension 'ros'
[0.433s] DEBUG:colcon.colcon_core.package_identification:Package 'src/project2_control' with type 'ros.ament_python' and name 'project2_control'
[0.433s] Level 1:colcon.colcon_core.package_identification:_identify(src/project2_pkg) by extensions ['ignore', 'ignore_ament_install']
[0.433s] Level 1:colcon.colcon_core.package_identification:_identify(src/project2_pkg) by extension 'ignore'
[0.433s] Level 1:colcon.colcon_core.package_identification:_identify(src/project2_pkg) by extension 'ignore_ament_install'
[0.433s] Level 1:colcon.colcon_core.package_identification:_identify(src/project2_pkg) by extensions ['colcon_pkg']
[0.434s] Level 1:colcon.colcon_core.package_identification:_identify(src/project2_pkg) by extension 'colcon_pkg'
[0.434s] Level 1:colcon.colcon_core.package_identification:_identify(src/project2_pkg) by extensions ['colcon_meta']
[0.434s] Level 1:colcon.colcon_core.package_identification:_identify(src/project2_pkg) by extension 'colcon_meta'
[0.434s] Level 1:colcon.colcon_core.package_identification:_identify(src/project2_pkg) by extensions ['ros']
[0.434s] Level 1:colcon.colcon_core.package_identification:_identify(src/project2_pkg) by extension 'ros'
[0.435s] DEBUG:colcon.colcon_core.package_identification:Package 'src/project2_pkg' with type 'ros.ament_cmake' and name 'project2_pkg'
[0.435s] Level 1:colcon.colcon_core.package_identification:_identify(src/robot_arm_control) by extensions ['ignore', 'ignore_ament_install']
[0.435s] Level 1:colcon.colcon_core.package_identification:_identify(src/robot_arm_control) by extension 'ignore'
[0.435s] Level 1:colcon.colcon_core.package_identification:_identify(src/robot_arm_control) by extension 'ignore_ament_install'
[0.435s] Level 1:colcon.colcon_core.package_identification:_identify(src/robot_arm_control) by extensions ['colcon_pkg']
[0.436s] Level 1:colcon.colcon_core.package_identification:_identify(src/robot_arm_control) by extension 'colcon_pkg'
[0.436s] Level 1:colcon.colcon_core.package_identification:_identify(src/robot_arm_control) by extensions ['colcon_meta']
[0.436s] Level 1:colcon.colcon_core.package_identification:_identify(src/robot_arm_control) by extension 'colcon_meta'
[0.436s] Level 1:colcon.colcon_core.package_identification:_identify(src/robot_arm_control) by extensions ['ros']
[0.436s] Level 1:colcon.colcon_core.package_identification:_identify(src/robot_arm_control) by extension 'ros'
[0.436s] DEBUG:colcon.colcon_core.package_identification:Package 'src/robot_arm_control' with type 'ros.ament_python' and name 'robot_arm_control'
[0.437s] Level 1:colcon.colcon_core.package_discovery:discover_packages(recursive) using defaults
[0.437s] Level 1:colcon.colcon_core.package_discovery:discover_packages(ignore) discover
[0.437s] Level 1:colcon.colcon_core.package_discovery:discover_packages(ignore) using defaults
[0.437s] Level 1:colcon.colcon_core.package_discovery:discover_packages(path) discover
[0.437s] Level 1:colcon.colcon_core.package_discovery:discover_packages(path) using defaults
[0.463s] Level 1:colcon.colcon_core.package_discovery:discover_packages(prefix_path) check parameters
[0.463s] Level 1:colcon.colcon_core.package_discovery:discover_packages(prefix_path) discover
[0.472s] DEBUG:colcon.colcon_installed_package_information.package_discovery:Found 4 installed packages in /home/leoo/Desktop/project2_ws/install
[0.473s] DEBUG:colcon.colcon_installed_package_information.package_discovery:Found 355 installed packages in /opt/ros/galactic
[0.475s] Level 1:colcon.colcon_core.package_discovery:discover_packages(prefix_path) using defaults
[0.635s] Level 5:colcon.colcon_core.verb:set package 'odometry' build argument 'cmake_args' from command line to 'None'
[0.635s] Level 5:colcon.colcon_core.verb:set package 'odometry' build argument 'cmake_target' from command line to 'None'
[0.635s] Level 5:colcon.colcon_core.verb:set package 'odometry' build argument 'cmake_target_skip_unavailable' from command line to 'False'
[0.635s] Level 5:colcon.colcon_core.verb:set package 'odometry' build argument 'cmake_clean_cache' from command line to 'False'
[0.635s] Level 5:colcon.colcon_core.verb:set package 'odometry' build argument 'cmake_clean_first' from command line to 'False'
[0.635s] Level 5:colcon.colcon_core.verb:set package 'odometry' build argument 'cmake_force_configure' from command line to 'False'
[0.635s] Level 5:colcon.colcon_core.verb:set package 'odometry' build argument 'ament_cmake_args' from command line to 'None'
[0.635s] Level 5:colcon.colcon_core.verb:set package 'odometry' build argument 'catkin_cmake_args' from command line to 'None'
[0.635s] Level 5:colcon.colcon_core.verb:set package 'odometry' build argument 'catkin_skip_building_tests' from command line to 'False'
[0.635s] DEBUG:colcon.colcon_core.verb:Building package 'odometry' with the following arguments: {'ament_cmake_args': None, 'build_base': '/home/leoo/Documents/GitHub/ENPM662_Project2/project2_ws/build/odometry', 'catkin_cmake_args': None, 'catkin_skip_building_tests': False, 'cmake_args': None, 'cmake_clean_cache': False, 'cmake_clean_first': False, 'cmake_force_configure': False, 'cmake_target': None, 'cmake_target_skip_unavailable': False, 'install_base': '/home/leoo/Documents/GitHub/ENPM662_Project2/project2_ws/install/odometry', 'merge_install': False, 'path': '/home/leoo/Documents/GitHub/ENPM662_Project2/project2_ws/src/odometry', 'symlink_install': False, 'test_result_base': None}
[0.636s] Level 5:colcon.colcon_core.verb:set package 'project2_control' build argument 'cmake_args' from command line to 'None'
[0.636s] Level 5:colcon.colcon_core.verb:set package 'project2_control' build argument 'cmake_target' from command line to 'None'
[0.636s] Level 5:colcon.colcon_core.verb:set package 'project2_control' build argument 'cmake_target_skip_unavailable' from command line to 'False'
[0.636s] Level 5:colcon.colcon_core.verb:set package 'project2_control' build argument 'cmake_clean_cache' from command line to 'False'
[0.636s] Level 5:colcon.colcon_core.verb:set package 'project2_control' build argument 'cmake_clean_first' from command line to 'False'
[0.636s] Level 5:colcon.colcon_core.verb:set package 'project2_control' build argument 'cmake_force_configure' from command line to 'False'
[0.636s] Level 5:colcon.colcon_core.verb:set package 'project2_control' build argument 'ament_cmake_args' from command line to 'None'
[0.636s] Level 5:colcon.colcon_core.verb:set package 'project2_control' build argument 'catkin_cmake_args' from command line to 'None'
[0.636s] Level 5:colcon.colcon_core.verb:set package 'project2_control' build argument 'catkin_skip_building_tests' from command line to 'False'
[0.636s] DEBUG:colcon.colcon_core.verb:Building package 'project2_control' with the following arguments: {'ament_cmake_args': None, 'build_base': '/home/leoo/Documents/GitHub/ENPM662_Project2/project2_ws/build/project2_control', 'catkin_cmake_args': None, 'catkin_skip_building_tests': False, 'cmake_args': None, 'cmake_clean_cache': False, 'cmake_clean_first': False, 'cmake_force_configure': False, 'cmake_target': None, 'cmake_target_skip_unavailable': False, 'install_base': '/home/leoo/Documents/GitHub/ENPM662_Project2/project2_ws/install/project2_control', 'merge_install': False, 'path': '/home/leoo/Documents/GitHub/ENPM662_Project2/project2_ws/src/project2_control', 'symlink_install': False, 'test_result_base': None}
[0.636s] Level 5:colcon.colcon_core.verb:set package 'project2_pkg' build argument 'cmake_args' from command line to 'None'
[0.636s] Level 5:colcon.colcon_core.verb:set package 'project2_pkg' build argument 'cmake_target' from command line to 'None'
[0.636s] Level 5:colcon.colcon_core.verb:set package 'project2_pkg' build argument 'cmake_target_skip_unavailable' from command line to 'False'
[0.636s] Level 5:colcon.colcon_core.verb:set package 'project2_pkg' build argument 'cmake_clean_cache' from command line to 'False'
[0.636s] Level 5:colcon.colcon_core.verb:set package 'project2_pkg' build argument 'cmake_clean_first' from command line to 'False'
[0.636s] Level 5:colcon.colcon_core.verb:set package 'project2_pkg' build argument 'cmake_force_configure' from command line to 'False'
[0.636s] Level 5:colcon.colcon_core.verb:set package 'project2_pkg' build argument 'ament_cmake_args' from command line to 'None'
[0.636s] Level 5:colcon.colcon_core.verb:set package 'project2_pkg' build argument 'catkin_cmake_args' from command line to 'None'
[0.636s] Level 5:colcon.colcon_core.verb:set package 'project2_pkg' build argument 'catkin_skip_building_tests' from command line to 'False'
[0.636s] DEBUG:colcon.colcon_core.verb:Building package 'project2_pkg' with the following arguments: {'ament_cmake_args': None, 'build_base': '/home/leoo/Documents/GitHub/ENPM662_Project2/project2_ws/build/project2_pkg', 'catkin_cmake_args': None, 'catkin_skip_building_tests': False, 'cmake_args': None, 'cmake_clean_cache': False, 'cmake_clean_first': False, 'cmake_force_configure': False, 'cmake_target': None, 'cmake_target_skip_unavailable': False, 'install_base': '/home/leoo/Documents/GitHub/ENPM662_Project2/project2_ws/install/project2_pkg', 'merge_install': False, 'path': '/home/leoo/Documents/GitHub/ENPM662_Project2/project2_ws/src/project2_pkg', 'symlink_install': False, 'test_result_base': None}
[0.637s] Level 5:colcon.colcon_core.verb:set package 'robot_arm_control' build argument 'cmake_args' from command line to 'None'
[0.637s] Level 5:colcon.colcon_core.verb:set package 'robot_arm_control' build argument 'cmake_target' from command line to 'None'
[0.637s] Level 5:colcon.colcon_core.verb:set package 'robot_arm_control' build argument 'cmake_target_skip_unavailable' from command line to 'False'
[0.637s] Level 5:colcon.colcon_core.verb:set package 'robot_arm_control' build argument 'cmake_clean_cache' from command line to 'False'
[0.637s] Level 5:colcon.colcon_core.verb:set package 'robot_arm_control' build argument 'cmake_clean_first' from command line to 'False'
[0.637s] Level 5:colcon.colcon_core.verb:set package 'robot_arm_control' build argument 'cmake_force_configure' from command line to 'False'
[0.637s] Level 5:colcon.colcon_core.verb:set package 'robot_arm_control' build argument 'ament_cmake_args' from command line to 'None'
[0.637s] Level 5:colcon.colcon_core.verb:set package 'robot_arm_control' build argument 'catkin_cmake_args' from command line to 'None'
[0.637s] Level 5:colcon.colcon_core.verb:set package 'robot_arm_control' build argument 'catkin_skip_building_tests' from command line to 'False'
[0.637s] DEBUG:colcon.colcon_core.verb:Building package 'robot_arm_control' with the following arguments: {'ament_cmake_args': None, 'build_base': '/home/leoo/Documents/GitHub/ENPM662_Project2/project2_ws/build/robot_arm_control', 'catkin_cmake_args': None, 'catkin_skip_building_tests': False, 'cmake_args': None, 'cmake_clean_cache': False, 'cmake_clean_first': False, 'cmake_force_configure': False, 'cmake_target': None, 'cmake_target_skip_unavailable': False, 'install_base': '/home/leoo/Documents/GitHub/ENPM662_Project2/project2_ws/install/robot_arm_control', 'merge_install': False, 'path': '/home/leoo/Documents/GitHub/ENPM662_Project2/project2_ws/src/robot_arm_control', 'symlink_install': False, 'test_result_base': None}
[0.637s] INFO:colcon.colcon_core.executor:Executing jobs using 'parallel' executor
[0.638s] DEBUG:colcon.colcon_parallel_executor.executor.parallel:run_until_complete
[0.639s] INFO:colcon.colcon_ros.task.ament_cmake.build:Building ROS package in '/home/leoo/Documents/GitHub/ENPM662_Project2/project2_ws/src/odometry' with build type 'ament_cmake'
[0.639s] INFO:colcon.colcon_cmake.task.cmake.build:Building CMake package in '/home/leoo/Documents/GitHub/ENPM662_Project2/project2_ws/src/odometry'
[0.645s] INFO:colcon.colcon_core.plugin_system:Skipping extension 'colcon_core.shell.bat': Not used on non-Windows systems
[0.645s] INFO:colcon.colcon_core.shell:Skip shell extension 'powershell' for command environment: Not usable outside of PowerShell
[0.645s] DEBUG:colcon.colcon_core.shell:Skip shell extension 'dsv' for command environment
[0.652s] INFO:colcon.colcon_ros.task.ament_python.build:Building ROS package in '/home/leoo/Documents/GitHub/ENPM662_Project2/project2_ws/src/project2_control' with build type 'ament_python'
[0.653s] Level 1:colcon.colcon_core.shell:create_environment_hook('project2_control', 'ament_prefix_path')
[0.654s] INFO:colcon.colcon_core.shell:Creating environment hook '/home/leoo/Documents/GitHub/ENPM662_Project2/project2_ws/install/project2_control/share/project2_control/hook/ament_prefix_path.ps1'
[0.655s] INFO:colcon.colcon_core.shell:Creating environment descriptor '/home/leoo/Documents/GitHub/ENPM662_Project2/project2_ws/install/project2_control/share/project2_control/hook/ament_prefix_path.dsv'
[0.656s] INFO:colcon.colcon_core.shell:Creating environment hook '/home/leoo/Documents/GitHub/ENPM662_Project2/project2_ws/install/project2_control/share/project2_control/hook/ament_prefix_path.sh'
[0.657s] INFO:colcon.colcon_core.shell:Skip shell extension 'powershell' for command environment: Not usable outside of PowerShell
[0.657s] DEBUG:colcon.colcon_core.shell:Skip shell extension 'dsv' for command environment
[0.662s] INFO:colcon.colcon_ros.task.ament_cmake.build:Building ROS package in '/home/leoo/Documents/GitHub/ENPM662_Project2/project2_ws/src/project2_pkg' with build type 'ament_cmake'
[0.663s] INFO:colcon.colcon_cmake.task.cmake.build:Building CMake package in '/home/leoo/Documents/GitHub/ENPM662_Project2/project2_ws/src/project2_pkg'
[0.663s] INFO:colcon.colcon_core.shell:Skip shell extension 'powershell' for command environment: Not usable outside of PowerShell
[0.664s] DEBUG:colcon.colcon_core.shell:Skip shell extension 'dsv' for command environment
[0.670s] INFO:colcon.colcon_ros.task.ament_python.build:Building ROS package in '/home/leoo/Documents/GitHub/ENPM662_Project2/project2_ws/src/robot_arm_control' with build type 'ament_python'
[0.671s] Level 1:colcon.colcon_core.shell:create_environment_hook('robot_arm_control', 'ament_prefix_path')
[0.671s] INFO:colcon.colcon_core.shell:Creating environment hook '/home/leoo/Documents/GitHub/ENPM662_Project2/project2_ws/install/robot_arm_control/share/robot_arm_control/hook/ament_prefix_path.ps1'
[0.672s] INFO:colcon.colcon_core.shell:Creating environment descriptor '/home/leoo/Documents/GitHub/ENPM662_Project2/project2_ws/install/robot_arm_control/share/robot_arm_control/hook/ament_prefix_path.dsv'
[0.673s] INFO:colcon.colcon_core.shell:Creating environment hook '/home/leoo/Documents/GitHub/ENPM662_Project2/project2_ws/install/robot_arm_control/share/robot_arm_control/hook/ament_prefix_path.sh'
[0.674s] INFO:colcon.colcon_core.shell:Skip shell extension 'powershell' for command environment: Not usable outside of PowerShell
[0.674s] DEBUG:colcon.colcon_core.shell:Skip shell extension 'dsv' for command environment
[0.690s] DEBUG:colcon.colcon_core.event_handler.log_command:Invoking command in '/home/leoo/Documents/GitHub/ENPM662_Project2/project2_ws/build/odometry': CMAKE_PREFIX_PATH=${CMAKE_PREFIX_PATH}:/home/leoo/Desktop/project2_ws/install/robot_arm_control:/home/leoo/Desktop/project2_ws/install/project2_control:/opt/ros/galactic /home/leoo/.local/bin/cmake --build /home/leoo/Documents/GitHub/ENPM662_Project2/project2_ws/build/odometry -- -j8 -l8
[0.948s] INFO:colcon.colcon_core.task.python.build:Building Python package in '/home/leoo/Documents/GitHub/ENPM662_Project2/project2_ws/src/project2_control'
[0.949s] INFO:colcon.colcon_core.shell:Skip shell extension 'powershell' for command environment: Not usable outside of PowerShell
[0.949s] DEBUG:colcon.colcon_core.shell:Skip shell extension 'dsv' for command environment
[0.964s] DEBUG:colcon.colcon_core.event_handler.log_command:Invoking command in '/home/leoo/Documents/GitHub/ENPM662_Project2/project2_ws/build/project2_pkg': CMAKE_PREFIX_PATH=${CMAKE_PREFIX_PATH}:/home/leoo/Desktop/project2_ws/install/robot_arm_control:/home/leoo/Desktop/project2_ws/install/project2_control:/opt/ros/galactic /home/leoo/.local/bin/cmake --build /home/leoo/Documents/GitHub/ENPM662_Project2/project2_ws/build/project2_pkg -- -j8 -l8
[1.234s] INFO:colcon.colcon_core.task.python.build:Building Python package in '/home/leoo/Documents/GitHub/ENPM662_Project2/project2_ws/src/robot_arm_control'
[1.234s] INFO:colcon.colcon_core.shell:Skip shell extension 'powershell' for command environment: Not usable outside of PowerShell
[1.234s] DEBUG:colcon.colcon_core.shell:Skip shell extension 'dsv' for command environment
[1.250s] DEBUG:colcon.colcon_core.event_handler.log_command:Invoked command in '/home/leoo/Documents/GitHub/ENPM662_Project2/project2_ws/build/odometry' returned '0': CMAKE_PREFIX_PATH=${CMAKE_PREFIX_PATH}:/home/leoo/Desktop/project2_ws/install/robot_arm_control:/home/leoo/Desktop/project2_ws/install/project2_control:/opt/ros/galactic /home/leoo/.local/bin/cmake --build /home/leoo/Documents/GitHub/ENPM662_Project2/project2_ws/build/odometry -- -j8 -l8
[1.255s] DEBUG:colcon.colcon_core.event_handler.log_command:Invoked command in '/home/leoo/Documents/GitHub/ENPM662_Project2/project2_ws/build/project2_pkg' returned '0': CMAKE_PREFIX_PATH=${CMAKE_PREFIX_PATH}:/home/leoo/Desktop/project2_ws/install/robot_arm_control:/home/leoo/Desktop/project2_ws/install/project2_control:/opt/ros/galactic /home/leoo/.local/bin/cmake --build /home/leoo/Documents/GitHub/ENPM662_Project2/project2_ws/build/project2_pkg -- -j8 -l8
[1.523s] DEBUG:colcon.colcon_core.event_handler.log_command:Invoking command in '/home/leoo/Documents/GitHub/ENPM662_Project2/project2_ws/build/odometry': CMAKE_PREFIX_PATH=${CMAKE_PREFIX_PATH}:/home/leoo/Desktop/project2_ws/install/robot_arm_control:/home/leoo/Desktop/project2_ws/install/project2_control:/opt/ros/galactic /home/leoo/.local/bin/cmake --install /home/leoo/Documents/GitHub/ENPM662_Project2/project2_ws/build/odometry
[1.530s] DEBUG:colcon.colcon_core.event_handler.log_command:Invoking command in '/home/leoo/Documents/GitHub/ENPM662_Project2/project2_ws/build/project2_pkg': CMAKE_PREFIX_PATH=${CMAKE_PREFIX_PATH}:/home/leoo/Desktop/project2_ws/install/robot_arm_control:/home/leoo/Desktop/project2_ws/install/project2_control:/opt/ros/galactic /home/leoo/.local/bin/cmake --install /home/leoo/Documents/GitHub/ENPM662_Project2/project2_ws/build/project2_pkg
[1.642s] Level 1:colcon.colcon_core.environment:create_environment_scripts_only(project2_pkg)
[1.643s] DEBUG:colcon.colcon_core.event_handler.log_command:Invoked command in '/home/leoo/Documents/GitHub/ENPM662_Project2/project2_ws/build/project2_pkg' returned '0': CMAKE_PREFIX_PATH=${CMAKE_PREFIX_PATH}:/home/leoo/Desktop/project2_ws/install/robot_arm_control:/home/leoo/Desktop/project2_ws/install/project2_control:/opt/ros/galactic /home/leoo/.local/bin/cmake --install /home/leoo/Documents/GitHub/ENPM662_Project2/project2_ws/build/project2_pkg
[1.656s] Level 1:colcon.colcon_core.environment:checking '/home/leoo/Documents/GitHub/ENPM662_Project2/project2_ws/install/project2_pkg' for CMake module files
[1.657s] Level 1:colcon.colcon_core.environment:checking '/home/leoo/Documents/GitHub/ENPM662_Project2/project2_ws/install/project2_pkg' for CMake config files
[1.658s] Level 1:colcon.colcon_core.shell:create_environment_hook('project2_pkg', 'cmake_prefix_path')
[1.659s] INFO:colcon.colcon_core.shell:Creating environment hook '/home/leoo/Documents/GitHub/ENPM662_Project2/project2_ws/install/project2_pkg/share/project2_pkg/hook/cmake_prefix_path.ps1'
[1.661s] INFO:colcon.colcon_core.shell:Creating environment descriptor '/home/leoo/Documents/GitHub/ENPM662_Project2/project2_ws/install/project2_pkg/share/project2_pkg/hook/cmake_prefix_path.dsv'
[1.662s] INFO:colcon.colcon_core.shell:Creating environment hook '/home/leoo/Documents/GitHub/ENPM662_Project2/project2_ws/install/project2_pkg/share/project2_pkg/hook/cmake_prefix_path.sh'
[1.664s] Level 1:colcon.colcon_core.environment:checking '/home/leoo/Documents/GitHub/ENPM662_Project2/project2_ws/install/project2_pkg/lib'
[1.664s] Level 1:colcon.colcon_core.environment:checking '/home/leoo/Documents/GitHub/ENPM662_Project2/project2_ws/install/project2_pkg/bin'
[1.665s] Level 1:colcon.colcon_core.environment:checking '/home/leoo/Documents/GitHub/ENPM662_Project2/project2_ws/install/project2_pkg/lib/pkgconfig/project2_pkg.pc'
[1.665s] Level 1:colcon.colcon_core.environment:checking '/home/leoo/Documents/GitHub/ENPM662_Project2/project2_ws/install/project2_pkg/lib/python3.8/site-packages'
[1.666s] Level 1:colcon.colcon_core.environment:checking '/home/leoo/Documents/GitHub/ENPM662_Project2/project2_ws/install/project2_pkg/bin'
[1.666s] INFO:colcon.colcon_core.shell:Creating package script '/home/leoo/Documents/GitHub/ENPM662_Project2/project2_ws/install/project2_pkg/share/project2_pkg/package.ps1'
[1.669s] INFO:colcon.colcon_core.shell:Creating package descriptor '/home/leoo/Documents/GitHub/ENPM662_Project2/project2_ws/install/project2_pkg/share/project2_pkg/package.dsv'
[1.671s] INFO:colcon.colcon_core.shell:Creating package script '/home/leoo/Documents/GitHub/ENPM662_Project2/project2_ws/install/project2_pkg/share/project2_pkg/package.sh'
[1.674s] INFO:colcon.colcon_core.shell:Creating package script '/home/leoo/Documents/GitHub/ENPM662_Project2/project2_ws/install/project2_pkg/share/project2_pkg/package.bash'
[1.676s] INFO:colcon.colcon_core.shell:Creating package script '/home/leoo/Documents/GitHub/ENPM662_Project2/project2_ws/install/project2_pkg/share/project2_pkg/package.zsh'
[1.678s] Level 1:colcon.colcon_core.environment:create_file_with_runtime_dependencies(/home/leoo/Documents/GitHub/ENPM662_Project2/project2_ws/install/project2_pkg/share/colcon-core/packages/project2_pkg)
[1.687s] Level 1:colcon.colcon_core.environment:create_environment_scripts_only(odometry)
[1.688s] DEBUG:colcon.colcon_core.event_handler.log_command:Invoked command in '/home/leoo/Documents/GitHub/ENPM662_Project2/project2_ws/build/odometry' returned '0': CMAKE_PREFIX_PATH=${CMAKE_PREFIX_PATH}:/home/leoo/Desktop/project2_ws/install/robot_arm_control:/home/leoo/Desktop/project2_ws/install/project2_control:/opt/ros/galactic /home/leoo/.local/bin/cmake --install /home/leoo/Documents/GitHub/ENPM662_Project2/project2_ws/build/odometry
[1.690s] Level 1:colcon.colcon_core.environment:checking '/home/leoo/Documents/GitHub/ENPM662_Project2/project2_ws/install/odometry' for CMake module files
[1.691s] Level 1:colcon.colcon_core.environment:checking '/home/leoo/Documents/GitHub/ENPM662_Project2/project2_ws/install/odometry' for CMake config files
[1.692s] Level 1:colcon.colcon_core.shell:create_environment_hook('odometry', 'cmake_prefix_path')
[1.693s] INFO:colcon.colcon_core.shell:Creating environment hook '/home/leoo/Documents/GitHub/ENPM662_Project2/project2_ws/install/odometry/share/odometry/hook/cmake_prefix_path.ps1'
[1.695s] INFO:colcon.colcon_core.shell:Creating environment descriptor '/home/leoo/Documents/GitHub/ENPM662_Project2/project2_ws/install/odometry/share/odometry/hook/cmake_prefix_path.dsv'
[1.697s] INFO:colcon.colcon_core.shell:Creating environment hook '/home/leoo/Documents/GitHub/ENPM662_Project2/project2_ws/install/odometry/share/odometry/hook/cmake_prefix_path.sh'
[1.699s] Level 1:colcon.colcon_core.environment:checking '/home/leoo/Documents/GitHub/ENPM662_Project2/project2_ws/install/odometry/lib'
[1.699s] Level 1:colcon.colcon_core.shell:create_environment_hook('odometry', 'ld_library_path_lib')
[1.700s] INFO:colcon.colcon_core.shell:Creating environment hook '/home/leoo/Documents/GitHub/ENPM662_Project2/project2_ws/install/odometry/share/odometry/hook/ld_library_path_lib.ps1'
[1.702s] INFO:colcon.colcon_core.shell:Creating environment descriptor '/home/leoo/Documents/GitHub/ENPM662_Project2/project2_ws/install/odometry/share/odometry/hook/ld_library_path_lib.dsv'
[1.703s] INFO:colcon.colcon_core.shell:Creating environment hook '/home/leoo/Documents/GitHub/ENPM662_Project2/project2_ws/install/odometry/share/odometry/hook/ld_library_path_lib.sh'
[1.704s] Level 1:colcon.colcon_core.environment:checking '/home/leoo/Documents/GitHub/ENPM662_Project2/project2_ws/install/odometry/bin'
[1.705s] Level 1:colcon.colcon_core.environment:checking '/home/leoo/Documents/GitHub/ENPM662_Project2/project2_ws/install/odometry/lib/pkgconfig/odometry.pc'
[1.706s] Level 1:colcon.colcon_core.environment:checking '/home/leoo/Documents/GitHub/ENPM662_Project2/project2_ws/install/odometry/lib/python3.8/site-packages'
[1.706s] Level 1:colcon.colcon_core.environment:checking '/home/leoo/Documents/GitHub/ENPM662_Project2/project2_ws/install/odometry/bin'
[1.707s] INFO:colcon.colcon_core.shell:Creating package script '/home/leoo/Documents/GitHub/ENPM662_Project2/project2_ws/install/odometry/share/odometry/package.ps1'
[1.709s] INFO:colcon.colcon_core.shell:Creating package descriptor '/home/leoo/Documents/GitHub/ENPM662_Project2/project2_ws/install/odometry/share/odometry/package.dsv'
[1.710s] INFO:colcon.colcon_core.shell:Creating package script '/home/leoo/Documents/GitHub/ENPM662_Project2/project2_ws/install/odometry/share/odometry/package.sh'
[1.712s] INFO:colcon.colcon_core.shell:Creating package script '/home/leoo/Documents/GitHub/ENPM662_Project2/project2_ws/install/odometry/share/odometry/package.bash'
[1.713s] INFO:colcon.colcon_core.shell:Creating package script '/home/leoo/Documents/GitHub/ENPM662_Project2/project2_ws/install/odometry/share/odometry/package.zsh'
[1.715s] Level 1:colcon.colcon_core.environment:create_file_with_runtime_dependencies(/home/leoo/Documents/GitHub/ENPM662_Project2/project2_ws/install/odometry/share/colcon-core/packages/odometry)
[1.802s] Level 1:colcon.colcon_core.environment:create_environment_scripts_only(project2_pkg)
[1.803s] Level 1:colcon.colcon_core.environment:checking '/home/leoo/Documents/GitHub/ENPM662_Project2/project2_ws/install/project2_pkg' for CMake module files
[1.803s] Level 1:colcon.colcon_core.environment:checking '/home/leoo/Documents/GitHub/ENPM662_Project2/project2_ws/install/project2_pkg' for CMake config files
[1.804s] Level 1:colcon.colcon_core.shell:create_environment_hook('project2_pkg', 'cmake_prefix_path')
[1.804s] INFO:colcon.colcon_core.shell:Creating environment hook '/home/leoo/Documents/GitHub/ENPM662_Project2/project2_ws/install/project2_pkg/share/project2_pkg/hook/cmake_prefix_path.ps1'
[1.806s] INFO:colcon.colcon_core.shell:Creating environment descriptor '/home/leoo/Documents/GitHub/ENPM662_Project2/project2_ws/install/project2_pkg/share/project2_pkg/hook/cmake_prefix_path.dsv'
[1.807s] INFO:colcon.colcon_core.shell:Creating environment hook '/home/leoo/Documents/GitHub/ENPM662_Project2/project2_ws/install/project2_pkg/share/project2_pkg/hook/cmake_prefix_path.sh'
[1.808s] Level 1:colcon.colcon_core.environment:checking '/home/leoo/Documents/GitHub/ENPM662_Project2/project2_ws/install/project2_pkg/lib'
[1.809s] Level 1:colcon.colcon_core.environment:checking '/home/leoo/Documents/GitHub/ENPM662_Project2/project2_ws/install/project2_pkg/bin'
[1.809s] Level 1:colcon.colcon_core.environment:checking '/home/leoo/Documents/GitHub/ENPM662_Project2/project2_ws/install/project2_pkg/lib/pkgconfig/project2_pkg.pc'
[1.809s] Level 1:colcon.colcon_core.environment:checking '/home/leoo/Documents/GitHub/ENPM662_Project2/project2_ws/install/project2_pkg/lib/python3.8/site-packages'
[1.810s] Level 1:colcon.colcon_core.environment:checking '/home/leoo/Documents/GitHub/ENPM662_Project2/project2_ws/install/project2_pkg/bin'
[1.810s] INFO:colcon.colcon_core.shell:Creating package script '/home/leoo/Documents/GitHub/ENPM662_Project2/project2_ws/install/project2_pkg/share/project2_pkg/package.ps1'
[1.811s] INFO:colcon.colcon_core.shell:Creating package descriptor '/home/leoo/Documents/GitHub/ENPM662_Project2/project2_ws/install/project2_pkg/share/project2_pkg/package.dsv'
[1.813s] INFO:colcon.colcon_core.shell:Creating package script '/home/leoo/Documents/GitHub/ENPM662_Project2/project2_ws/install/project2_pkg/share/project2_pkg/package.sh'
[1.814s] INFO:colcon.colcon_core.shell:Creating package script '/home/leoo/Documents/GitHub/ENPM662_Project2/project2_ws/install/project2_pkg/share/project2_pkg/package.bash'
[1.815s] INFO:colcon.colcon_core.shell:Creating package script '/home/leoo/Documents/GitHub/ENPM662_Project2/project2_ws/install/project2_pkg/share/project2_pkg/package.zsh'
[1.816s] Level 1:colcon.colcon_core.environment:create_file_with_runtime_dependencies(/home/leoo/Documents/GitHub/ENPM662_Project2/project2_ws/install/project2_pkg/share/colcon-core/packages/project2_pkg)
[1.836s] Level 1:colcon.colcon_core.environment:create_environment_scripts_only(odometry)
[1.836s] Level 1:colcon.colcon_core.environment:checking '/home/leoo/Documents/GitHub/ENPM662_Project2/project2_ws/install/odometry' for CMake module files
[1.837s] Level 1:colcon.colcon_core.environment:checking '/home/leoo/Documents/GitHub/ENPM662_Project2/project2_ws/install/odometry' for CMake config files
[1.837s] Level 1:colcon.colcon_core.shell:create_environment_hook('odometry', 'cmake_prefix_path')
[1.838s] INFO:colcon.colcon_core.shell:Creating environment hook '/home/leoo/Documents/GitHub/ENPM662_Project2/project2_ws/install/odometry/share/odometry/hook/cmake_prefix_path.ps1'
[1.839s] INFO:colcon.colcon_core.shell:Creating environment descriptor '/home/leoo/Documents/GitHub/ENPM662_Project2/project2_ws/install/odometry/share/odometry/hook/cmake_prefix_path.dsv'
[1.840s] INFO:colcon.colcon_core.shell:Creating environment hook '/home/leoo/Documents/GitHub/ENPM662_Project2/project2_ws/install/odometry/share/odometry/hook/cmake_prefix_path.sh'
[1.841s] Level 1:colcon.colcon_core.environment:checking '/home/leoo/Documents/GitHub/ENPM662_Project2/project2_ws/install/odometry/lib'
[1.841s] Level 1:colcon.colcon_core.shell:create_environment_hook('odometry', 'ld_library_path_lib')
[1.842s] INFO:colcon.colcon_core.shell:Creating environment hook '/home/leoo/Documents/GitHub/ENPM662_Project2/project2_ws/install/odometry/share/odometry/hook/ld_library_path_lib.ps1'
[1.843s] INFO:colcon.colcon_core.shell:Creating environment descriptor '/home/leoo/Documents/GitHub/ENPM662_Project2/project2_ws/install/odometry/share/odometry/hook/ld_library_path_lib.dsv'
[1.844s] INFO:colcon.colcon_core.shell:Creating environment hook '/home/leoo/Documents/GitHub/ENPM662_Project2/project2_ws/install/odometry/share/odometry/hook/ld_library_path_lib.sh'
[1.850s] Level 1:colcon.colcon_core.environment:checking '/home/leoo/Documents/GitHub/ENPM662_Project2/project2_ws/install/odometry/bin'
[1.850s] Level 1:colcon.colcon_core.environment:checking '/home/leoo/Documents/GitHub/ENPM662_Project2/project2_ws/install/odometry/lib/pkgconfig/odometry.pc'
[1.850s] Level 1:colcon.colcon_core.environment:checking '/home/leoo/Documents/GitHub/ENPM662_Project2/project2_ws/install/odometry/lib/python3.8/site-packages'
[1.850s] Level 1:colcon.colcon_core.environment:checking '/home/leoo/Documents/GitHub/ENPM662_Project2/project2_ws/install/odometry/bin'
[1.851s] INFO:colcon.colcon_core.shell:Creating package script '/home/leoo/Documents/GitHub/ENPM662_Project2/project2_ws/install/odometry/share/odometry/package.ps1'
[1.852s] INFO:colcon.colcon_core.shell:Creating package descriptor '/home/leoo/Documents/GitHub/ENPM662_Project2/project2_ws/install/odometry/share/odometry/package.dsv'
[1.854s] INFO:colcon.colcon_core.shell:Creating package script '/home/leoo/Documents/GitHub/ENPM662_Project2/project2_ws/install/odometry/share/odometry/package.sh'
[1.856s] INFO:colcon.colcon_core.shell:Creating package script '/home/leoo/Documents/GitHub/ENPM662_Project2/project2_ws/install/odometry/share/odometry/package.bash'
[1.857s] INFO:colcon.colcon_core.shell:Creating package script '/home/leoo/Documents/GitHub/ENPM662_Project2/project2_ws/install/odometry/share/odometry/package.zsh'
[1.858s] Level 1:colcon.colcon_core.environment:create_file_with_runtime_dependencies(/home/leoo/Documents/GitHub/ENPM662_Project2/project2_ws/install/odometry/share/colcon-core/packages/odometry)
[1.965s] DEBUG:colcon.colcon_core.event_handler.log_command:Invoking command in '/home/leoo/Documents/GitHub/ENPM662_Project2/project2_ws/src/project2_control': PYTHONPATH=/home/leoo/Documents/GitHub/ENPM662_Project2/project2_ws/build/project2_control/prefix_override:/usr/lib/python3/dist-packages/colcon_core/task/python/colcon_distutils_commands:/home/leoo/Documents/GitHub/ENPM662_Project2/project2_ws/install/project2_control/lib/python3.8/site-packages:${PYTHONPATH} /usr/bin/python3 -W ignore:setup.py install is deprecated setup.py egg_info --egg-base ../../build/project2_control build --build-base /home/leoo/Documents/GitHub/ENPM662_Project2/project2_ws/build/project2_control/build install --record /home/leoo/Documents/GitHub/ENPM662_Project2/project2_ws/build/project2_control/install.log --single-version-externally-managed install_data
[1.987s] DEBUG:colcon.colcon_core.event_handler.log_command:Invoking command in '/home/leoo/Documents/GitHub/ENPM662_Project2/project2_ws/src/robot_arm_control': PYTHONPATH=/home/leoo/Documents/GitHub/ENPM662_Project2/project2_ws/build/robot_arm_control/prefix_override:/usr/lib/python3/dist-packages/colcon_core/task/python/colcon_distutils_commands:/home/leoo/Documents/GitHub/ENPM662_Project2/project2_ws/install/robot_arm_control/lib/python3.8/site-packages:${PYTHONPATH} /usr/bin/python3 -W ignore:setup.py install is deprecated setup.py egg_info --egg-base ../../build/robot_arm_control build --build-base /home/leoo/Documents/GitHub/ENPM662_Project2/project2_ws/build/robot_arm_control/build install --record /home/leoo/Documents/GitHub/ENPM662_Project2/project2_ws/build/robot_arm_control/install.log --single-version-externally-managed install_data
[2.348s] Level 1:colcon.colcon_core.environment:checking '/home/leoo/Documents/GitHub/ENPM662_Project2/project2_ws/install/project2_control' for CMake module files
[2.349s] DEBUG:colcon.colcon_core.event_handler.log_command:Invoked command in '/home/leoo/Documents/GitHub/ENPM662_Project2/project2_ws/src/project2_control' returned '0': PYTHONPATH=/home/leoo/Documents/GitHub/ENPM662_Project2/project2_ws/build/project2_control/prefix_override:/usr/lib/python3/dist-packages/colcon_core/task/python/colcon_distutils_commands:/home/leoo/Documents/GitHub/ENPM662_Project2/project2_ws/install/project2_control/lib/python3.8/site-packages:${PYTHONPATH} /usr/bin/python3 -W ignore:setup.py install is deprecated setup.py egg_info --egg-base ../../build/project2_control build --build-base /home/leoo/Documents/GitHub/ENPM662_Project2/project2_ws/build/project2_control/build install --record /home/leoo/Documents/GitHub/ENPM662_Project2/project2_ws/build/project2_control/install.log --single-version-externally-managed install_data
[2.350s] Level 1:colcon.colcon_core.environment:checking '/home/leoo/Documents/GitHub/ENPM662_Project2/project2_ws/install/project2_control' for CMake config files
[2.351s] Level 1:colcon.colcon_core.environment:checking '/home/leoo/Documents/GitHub/ENPM662_Project2/project2_ws/install/project2_control/lib'
[2.352s] Level 1:colcon.colcon_core.environment:checking '/home/leoo/Documents/GitHub/ENPM662_Project2/project2_ws/install/project2_control/bin'
[2.352s] Level 1:colcon.colcon_core.environment:checking '/home/leoo/Documents/GitHub/ENPM662_Project2/project2_ws/install/project2_control/lib/pkgconfig/project2_control.pc'
[2.352s] Level 1:colcon.colcon_core.environment:checking '/home/leoo/Documents/GitHub/ENPM662_Project2/project2_ws/install/project2_control/lib/python3.8/site-packages'
[2.353s] Level 1:colcon.colcon_core.shell:create_environment_hook('project2_control', 'pythonpath')
[2.353s] INFO:colcon.colcon_core.shell:Creating environment hook '/home/leoo/Documents/GitHub/ENPM662_Project2/project2_ws/install/project2_control/share/project2_control/hook/pythonpath.ps1'
[2.355s] INFO:colcon.colcon_core.shell:Creating environment descriptor '/home/leoo/Documents/GitHub/ENPM662_Project2/project2_ws/install/project2_control/share/project2_control/hook/pythonpath.dsv'
[2.356s] INFO:colcon.colcon_core.shell:Creating environment hook '/home/leoo/Documents/GitHub/ENPM662_Project2/project2_ws/install/project2_control/share/project2_control/hook/pythonpath.sh'
[2.357s] Level 1:colcon.colcon_core.environment:checking '/home/leoo/Documents/GitHub/ENPM662_Project2/project2_ws/install/project2_control/bin'
[2.358s] Level 1:colcon.colcon_core.environment:create_environment_scripts_only(project2_control)
[2.358s] INFO:colcon.colcon_core.shell:Creating package script '/home/leoo/Documents/GitHub/ENPM662_Project2/project2_ws/install/project2_control/share/project2_control/package.ps1'
[2.360s] INFO:colcon.colcon_core.shell:Creating package descriptor '/home/leoo/Documents/GitHub/ENPM662_Project2/project2_ws/install/project2_control/share/project2_control/package.dsv'
[2.361s] INFO:colcon.colcon_core.shell:Creating package script '/home/leoo/Documents/GitHub/ENPM662_Project2/project2_ws/install/project2_control/share/project2_control/package.sh'
[2.363s] INFO:colcon.colcon_core.shell:Creating package script '/home/leoo/Documents/GitHub/ENPM662_Project2/project2_ws/install/project2_control/share/project2_control/package.bash'
[2.364s] INFO:colcon.colcon_core.shell:Creating package script '/home/leoo/Documents/GitHub/ENPM662_Project2/project2_ws/install/project2_control/share/project2_control/package.zsh'
[2.365s] Level 1:colcon.colcon_core.environment:create_file_with_runtime_dependencies(/home/leoo/Documents/GitHub/ENPM662_Project2/project2_ws/install/project2_control/share/colcon-core/packages/project2_control)
[2.368s] Level 1:colcon.colcon_core.environment:checking '/home/leoo/Documents/GitHub/ENPM662_Project2/project2_ws/install/robot_arm_control' for CMake module files
[2.370s] Level 1:colcon.colcon_core.environment:checking '/home/leoo/Documents/GitHub/ENPM662_Project2/project2_ws/install/robot_arm_control' for CMake config files
[2.370s] Level 1:colcon.colcon_core.environment:checking '/home/leoo/Documents/GitHub/ENPM662_Project2/project2_ws/install/robot_arm_control/lib'
[2.371s] Level 1:colcon.colcon_core.environment:checking '/home/leoo/Documents/GitHub/ENPM662_Project2/project2_ws/install/robot_arm_control/bin'
[2.371s] Level 1:colcon.colcon_core.environment:checking '/home/leoo/Documents/GitHub/ENPM662_Project2/project2_ws/install/robot_arm_control/lib/pkgconfig/robot_arm_control.pc'
[2.371s] Level 1:colcon.colcon_core.environment:checking '/home/leoo/Documents/GitHub/ENPM662_Project2/project2_ws/install/robot_arm_control/lib/python3.8/site-packages'
[2.371s] Level 1:colcon.colcon_core.shell:create_environment_hook('robot_arm_control', 'pythonpath')
[2.371s] INFO:colcon.colcon_core.shell:Creating environment hook '/home/leoo/Documents/GitHub/ENPM662_Project2/project2_ws/install/robot_arm_control/share/robot_arm_control/hook/pythonpath.ps1'
[2.372s] INFO:colcon.colcon_core.shell:Creating environment descriptor '/home/leoo/Documents/GitHub/ENPM662_Project2/project2_ws/install/robot_arm_control/share/robot_arm_control/hook/pythonpath.dsv'
[2.374s] INFO:colcon.colcon_core.shell:Creating environment hook '/home/leoo/Documents/GitHub/ENPM662_Project2/project2_ws/install/robot_arm_control/share/robot_arm_control/hook/pythonpath.sh'
[2.374s] DEBUG:colcon.colcon_core.event_handler.log_command:Invoked command in '/home/leoo/Documents/GitHub/ENPM662_Project2/project2_ws/src/robot_arm_control' returned '0': PYTHONPATH=/home/leoo/Documents/GitHub/ENPM662_Project2/project2_ws/build/robot_arm_control/prefix_override:/usr/lib/python3/dist-packages/colcon_core/task/python/colcon_distutils_commands:/home/leoo/Documents/GitHub/ENPM662_Project2/project2_ws/install/robot_arm_control/lib/python3.8/site-packages:${PYTHONPATH} /usr/bin/python3 -W ignore:setup.py install is deprecated setup.py egg_info --egg-base ../../build/robot_arm_control build --build-base /home/leoo/Documents/GitHub/ENPM662_Project2/project2_ws/build/robot_arm_control/build install --record /home/leoo/Documents/GitHub/ENPM662_Project2/project2_ws/build/robot_arm_control/install.log --single-version-externally-managed install_data
[2.375s] Level 1:colcon.colcon_core.environment:checking '/home/leoo/Documents/GitHub/ENPM662_Project2/project2_ws/install/robot_arm_control/bin'
[2.376s] Level 1:colcon.colcon_core.environment:create_environment_scripts_only(robot_arm_control)
[2.376s] INFO:colcon.colcon_core.shell:Creating package script '/home/leoo/Documents/GitHub/ENPM662_Project2/project2_ws/install/robot_arm_control/share/robot_arm_control/package.ps1'
[2.377s] INFO:colcon.colcon_core.shell:Creating package descriptor '/home/leoo/Documents/GitHub/ENPM662_Project2/project2_ws/install/robot_arm_control/share/robot_arm_control/package.dsv'
[2.378s] INFO:colcon.colcon_core.shell:Creating package script '/home/leoo/Documents/GitHub/ENPM662_Project2/project2_ws/install/robot_arm_control/share/robot_arm_control/package.sh'
[2.379s] INFO:colcon.colcon_core.shell:Creating package script '/home/leoo/Documents/GitHub/ENPM662_Project2/project2_ws/install/robot_arm_control/share/robot_arm_control/package.bash'
[2.380s] INFO:colcon.colcon_core.shell:Creating package script '/home/leoo/Documents/GitHub/ENPM662_Project2/project2_ws/install/robot_arm_control/share/robot_arm_control/package.zsh'
[2.381s] Level 1:colcon.colcon_core.environment:create_file_with_runtime_dependencies(/home/leoo/Documents/GitHub/ENPM662_Project2/project2_ws/install/robot_arm_control/share/colcon-core/packages/robot_arm_control)
[2.382s] DEBUG:colcon.colcon_parallel_executor.executor.parallel:closing loop
[2.382s] DEBUG:colcon.colcon_parallel_executor.executor.parallel:loop closed
[2.382s] DEBUG:colcon.colcon_parallel_executor.executor.parallel:run_until_complete finished with '0'
[2.382s] DEBUG:colcon.colcon_core.event_reactor:joining thread
[2.399s] INFO:colcon.colcon_core.plugin_system:Skipping extension 'colcon_notification.desktop_notification.terminal_notifier': Not used on non-Darwin systems
[2.399s] INFO:colcon.colcon_core.plugin_system:Skipping extension 'colcon_notification.desktop_notification.win32': Not used on non-Windows systems
[2.399s] INFO:colcon.colcon_notification.desktop_notification:Sending desktop notification using 'notify2'
[2.482s] DEBUG:colcon.colcon_core.event_reactor:joined thread
[2.483s] INFO:colcon.colcon_core.shell:Creating prefix script '/home/leoo/Documents/GitHub/ENPM662_Project2/project2_ws/install/local_setup.ps1'
[2.484s] INFO:colcon.colcon_core.shell:Creating prefix util module '/home/leoo/Documents/GitHub/ENPM662_Project2/project2_ws/install/_local_setup_util_ps1.py'
[2.487s] INFO:colcon.colcon_core.shell:Creating prefix chain script '/home/leoo/Documents/GitHub/ENPM662_Project2/project2_ws/install/setup.ps1'
[2.491s] INFO:colcon.colcon_core.shell:Creating prefix script '/home/leoo/Documents/GitHub/ENPM662_Project2/project2_ws/install/local_setup.sh'
[2.493s] INFO:colcon.colcon_core.shell:Creating prefix util module '/home/leoo/Documents/GitHub/ENPM662_Project2/project2_ws/install/_local_setup_util_sh.py'
[2.494s] INFO:colcon.colcon_core.shell:Creating prefix chain script '/home/leoo/Documents/GitHub/ENPM662_Project2/project2_ws/install/setup.sh'
[2.496s] INFO:colcon.colcon_core.shell:Creating prefix script '/home/leoo/Documents/GitHub/ENPM662_Project2/project2_ws/install/local_setup.bash'
[2.497s] INFO:colcon.colcon_core.shell:Creating prefix chain script '/home/leoo/Documents/GitHub/ENPM662_Project2/project2_ws/install/setup.bash'
[2.499s] INFO:colcon.colcon_core.shell:Creating prefix script '/home/leoo/Documents/GitHub/ENPM662_Project2/project2_ws/install/local_setup.zsh'
[2.501s] INFO:colcon.colcon_core.shell:Creating prefix chain script '/home/leoo/Documents/GitHub/ENPM662_Project2/project2_ws/install/setup.zsh'
