running egg_info
creating ../../build/project2_control/project2_control.egg-info
writing ../../build/project2_control/project2_control.egg-info/PKG-INFO
writing dependency_links to ../../build/project2_control/project2_control.egg-info/dependency_links.txt
writing entry points to ../../build/project2_control/project2_control.egg-info/entry_points.txt
writing requirements to ../../build/project2_control/project2_control.egg-info/requires.txt
writing top-level names to ../../build/project2_control/project2_control.egg-info/top_level.txt
writing manifest file '../../build/project2_control/project2_control.egg-info/SOURCES.txt'
reading manifest file '../../build/project2_control/project2_control.egg-info/SOURCES.txt'
writing manifest file '../../build/project2_control/project2_control.egg-info/SOURCES.txt'
running build
running build_py
creating /home/leoo/Desktop/project2_ws/build/project2_control/build
creating /home/leoo/Desktop/project2_ws/build/project2_control/build/lib
creating /home/leoo/Desktop/project2_ws/build/project2_control/build/lib/project2_control
copying project2_control/__init__.py -> /home/leoo/Desktop/project2_ws/build/project2_control/build/lib/project2_control
copying project2_control/project2_teleop_control.py -> /home/leoo/Desktop/project2_ws/build/project2_control/build/lib/project2_control
running install
running install_lib
creating /home/leoo/Desktop/project2_ws/install/project2_control/lib/python3.8/site-packages/project2_control
copying /home/leoo/Desktop/project2_ws/build/project2_control/build/lib/project2_control/__init__.py -> /home/leoo/Desktop/project2_ws/install/project2_control/lib/python3.8/site-packages/project2_control
copying /home/leoo/Desktop/project2_ws/build/project2_control/build/lib/project2_control/project2_teleop_control.py -> /home/leoo/Desktop/project2_ws/install/project2_control/lib/python3.8/site-packages/project2_control
byte-compiling /home/leoo/Desktop/project2_ws/install/project2_control/lib/python3.8/site-packages/project2_control/__init__.py to __init__.cpython-38.pyc
byte-compiling /home/leoo/Desktop/project2_ws/install/project2_control/lib/python3.8/site-packages/project2_control/project2_teleop_control.py to project2_teleop_control.cpython-38.pyc
running install_data
creating /home/leoo/Desktop/project2_ws/install/project2_control/share/ament_index
creating /home/leoo/Desktop/project2_ws/install/project2_control/share/ament_index/resource_index
creating /home/leoo/Desktop/project2_ws/install/project2_control/share/ament_index/resource_index/packages
copying resource/project2_control -> /home/leoo/Desktop/project2_ws/install/project2_control/share/ament_index/resource_index/packages
copying package.xml -> /home/leoo/Desktop/project2_ws/install/project2_control/share/project2_control
running install_egg_info
Copying ../../build/project2_control/project2_control.egg-info to /home/leoo/Desktop/project2_ws/install/project2_control/lib/python3.8/site-packages/project2_control-0.0.0-py3.8.egg-info
running install_scripts
Installing project2_teleop_control script to /home/leoo/Desktop/project2_ws/install/project2_control/lib/project2_control
writing list of installed files to '/home/leoo/Desktop/project2_ws/build/project2_control/install.log'
