[1.282s] Invoking command in '/home/leoo/Desktop/project2_ws/src/project2_control': PYTHONPATH=/home/leoo/Desktop/project2_ws/build/project2_control/prefix_override:/usr/lib/python3/dist-packages/colcon_core/task/python/colcon_distutils_commands:/home/leoo/Desktop/project2_ws/install/project2_control/lib/python3.8/site-packages:${PYTHONPATH} /usr/bin/python3 -W ignore:setup.py install is deprecated setup.py egg_info --egg-base ../../build/project2_control build --build-base /home/leoo/Desktop/project2_ws/build/project2_control/build install --record /home/leoo/Desktop/project2_ws/build/project2_control/install.log --single-version-externally-managed install_data
[1.602s] running egg_info
[1.603s] writing ../../build/project2_control/project2_control.egg-info/PKG-INFO
[1.604s] writing dependency_links to ../../build/project2_control/project2_control.egg-info/dependency_links.txt
[1.604s] writing entry points to ../../build/project2_control/project2_control.egg-info/entry_points.txt
[1.605s] writing requirements to ../../build/project2_control/project2_control.egg-info/requires.txt
[1.607s] writing top-level names to ../../build/project2_control/project2_control.egg-info/top_level.txt
[1.668s] reading manifest file '../../build/project2_control/project2_control.egg-info/SOURCES.txt'
[1.670s] writing manifest file '../../build/project2_control/project2_control.egg-info/SOURCES.txt'
[1.670s] running build
[1.670s] running build_py
[1.670s] copying project2_control/project2_teleop_control.py -> /home/leoo/Desktop/project2_ws/build/project2_control/build/lib/project2_control
[1.671s] running install
[1.672s] running install_lib
[1.675s] copying /home/leoo/Desktop/project2_ws/build/project2_control/build/lib/project2_control/project2_teleop_control.py -> /home/leoo/Desktop/project2_ws/install/project2_control/lib/python3.8/site-packages/project2_control
[1.676s] byte-compiling /home/leoo/Desktop/project2_ws/install/project2_control/lib/python3.8/site-packages/project2_control/project2_teleop_control.py to project2_teleop_control.cpython-38.pyc
[1.679s] running install_data
[1.680s] copying package.xml -> /home/leoo/Desktop/project2_ws/install/project2_control/share/project2_control
[1.681s] running install_egg_info
[1.684s] removing '/home/leoo/Desktop/project2_ws/install/project2_control/lib/python3.8/site-packages/project2_control-0.0.0-py3.8.egg-info' (and everything under it)
[1.686s] Copying ../../build/project2_control/project2_control.egg-info to /home/leoo/Desktop/project2_ws/install/project2_control/lib/python3.8/site-packages/project2_control-0.0.0-py3.8.egg-info
[1.691s] running install_scripts
[1.714s] Installing project2_teleop_control script to /home/leoo/Desktop/project2_ws/install/project2_control/lib/project2_control
[1.719s] writing list of installed files to '/home/leoo/Desktop/project2_ws/build/project2_control/install.log'
[1.783s] Invoked command in '/home/leoo/Desktop/project2_ws/src/project2_control' returned '0': PYTHONPATH=/home/leoo/Desktop/project2_ws/build/project2_control/prefix_override:/usr/lib/python3/dist-packages/colcon_core/task/python/colcon_distutils_commands:/home/leoo/Desktop/project2_ws/install/project2_control/lib/python3.8/site-packages:${PYTHONPATH} /usr/bin/python3 -W ignore:setup.py install is deprecated setup.py egg_info --egg-base ../../build/project2_control build --build-base /home/leoo/Desktop/project2_ws/build/project2_control/build install --record /home/leoo/Desktop/project2_ws/build/project2_control/install.log --single-version-externally-managed install_data
