[0.029s] Invoking command in '/home/leoo/Desktop/project2_ws/build/odometry': CMAKE_PREFIX_PATH=${CMAKE_PREFIX_PATH}:/home/leoo/Desktop/project2_ws/install/robot_arm_control:/home/leoo/Desktop/project2_ws/install/project2_control:/opt/ros/galactic /home/leoo/.local/bin/cmake --build /home/leoo/Desktop/project2_ws/build/odometry -- -j2 -l2
[0.368s] [100%] Built target odometry_plugin
[0.561s] Invoked command in '/home/leoo/Desktop/project2_ws/build/odometry' returned '0': CMAKE_PREFIX_PATH=${CMAKE_PREFIX_PATH}:/home/leoo/Desktop/project2_ws/install/robot_arm_control:/home/leoo/Desktop/project2_ws/install/project2_control:/opt/ros/galactic /home/leoo/.local/bin/cmake --build /home/leoo/Desktop/project2_ws/build/odometry -- -j2 -l2
[0.989s] Invoking command in '/home/leoo/Desktop/project2_ws/build/odometry': CMAKE_PREFIX_PATH=${CMAKE_PREFIX_PATH}:/home/leoo/Desktop/project2_ws/install/robot_arm_control:/home/leoo/Desktop/project2_ws/install/project2_control:/opt/ros/galactic /home/leoo/.local/bin/cmake --install /home/leoo/Desktop/project2_ws/build/odometry
[1.156s] -- Install configuration: ""
[1.156s] -- Up-to-date: /home/leoo/Desktop/project2_ws/install/odometry/include
[1.157s] -- Up-to-date: /home/leoo/Desktop/project2_ws/install/odometry/include/odometry
[1.158s] -- Up-to-date: /home/leoo/Desktop/project2_ws/install/odometry/include/odometry/odometry_plugin.hpp
[1.158s] -- Up-to-date: /home/leoo/Desktop/project2_ws/install/odometry/share/odometry//src
[1.159s] -- Up-to-date: /home/leoo/Desktop/project2_ws/install/odometry/share/odometry//src/odometry_plugin.cpp
[1.160s] -- Up-to-date: /home/leoo/Desktop/project2_ws/install/odometry/share/odometry/environment/library_path.sh
[1.160s] -- Up-to-date: /home/leoo/Desktop/project2_ws/install/odometry/share/odometry/environment/library_path.dsv
[1.161s] -- Up-to-date: /home/leoo/Desktop/project2_ws/install/odometry/lib/libodometry_plugin.so
[1.164s] -- Up-to-date: /home/leoo/Desktop/project2_ws/install/odometry/share/ament_index/resource_index/package_run_dependencies/odometry
[1.164s] -- Up-to-date: /home/leoo/Desktop/project2_ws/install/odometry/share/ament_index/resource_index/parent_prefix_path/odometry
[1.164s] -- Up-to-date: /home/leoo/Desktop/project2_ws/install/odometry/share/odometry/environment/ament_prefix_path.sh
[1.164s] -- Up-to-date: /home/leoo/Desktop/project2_ws/install/odometry/share/odometry/environment/ament_prefix_path.dsv
[1.164s] -- Up-to-date: /home/leoo/Desktop/project2_ws/install/odometry/share/odometry/environment/path.sh
[1.164s] -- Up-to-date: /home/leoo/Desktop/project2_ws/install/odometry/share/odometry/environment/path.dsv
[1.164s] -- Up-to-date: /home/leoo/Desktop/project2_ws/install/odometry/share/odometry/local_setup.bash
[1.164s] -- Up-to-date: /home/leoo/Desktop/project2_ws/install/odometry/share/odometry/local_setup.sh
[1.164s] -- Up-to-date: /home/leoo/Desktop/project2_ws/install/odometry/share/odometry/local_setup.zsh
[1.166s] -- Up-to-date: /home/leoo/Desktop/project2_ws/install/odometry/share/odometry/local_setup.dsv
[1.171s] -- Installing: /home/leoo/Desktop/project2_ws/install/odometry/share/odometry/package.dsv
[1.172s] -- Up-to-date: /home/leoo/Desktop/project2_ws/install/odometry/share/ament_index/resource_index/packages/odometry
[1.173s] -- Up-to-date: /home/leoo/Desktop/project2_ws/install/odometry/share/odometry/cmake/ament_cmake_export_libraries-extras.cmake
[1.173s] -- Up-to-date: /home/leoo/Desktop/project2_ws/install/odometry/share/odometry/cmake/odometryConfig.cmake
[1.174s] -- Up-to-date: /home/leoo/Desktop/project2_ws/install/odometry/share/odometry/cmake/odometryConfig-version.cmake
[1.174s] -- Up-to-date: /home/leoo/Desktop/project2_ws/install/odometry/share/odometry/package.xml
[1.200s] Invoked command in '/home/leoo/Desktop/project2_ws/build/odometry' returned '0': CMAKE_PREFIX_PATH=${CMAKE_PREFIX_PATH}:/home/leoo/Desktop/project2_ws/install/robot_arm_control:/home/leoo/Desktop/project2_ws/install/project2_control:/opt/ros/galactic /home/leoo/.local/bin/cmake --install /home/leoo/Desktop/project2_ws/build/odometry
