[0.261s] DEBUG:colcon:Command line arguments: ['/usr/bin/colcon', 'build']
[0.261s] DEBUG:colcon:Parsed command line arguments: Namespace(allow_overriding=[], ament_cmake_args=None, base_paths=['.'], build_base='build', catkin_cmake_args=None, catkin_skip_building_tests=False, cmake_args=None, cmake_clean_cache=False, cmake_clean_first=False, cmake_force_configure=False, cmake_target=None, cmake_target_skip_unavailable=False, continue_on_error=False, event_handlers=None, executor='parallel', ignore_user_meta=False, install_base='install', log_base=None, log_level=None, main=<bound method BuildVerb.main of <colcon_core.verb.build.BuildVerb object at 0x7f501f709fd0>>, merge_install=False, metas=['./colcon.meta'], packages_above=None, packages_above_and_dependencies=None, packages_above_depth=None, packages_end=None, packages_ignore=None, packages_ignore_regex=None, packages_select=None, packages_select_build_failed=False, packages_select_by_dep=None, packages_select_regex=None, packages_select_test_failures=False, packages_skip=None, packages_skip_build_finished=False, packages_skip_by_dep=None, packages_skip_regex=None, packages_skip_test_passed=False, packages_skip_up_to=None, packages_start=None, packages_up_to=None, packages_up_to_regex=None, parallel_workers=8, paths=None, symlink_install=False, test_result_base=None, verb_extension=<colcon_core.verb.build.BuildVerb object at 0x7f501f709fd0>, verb_name='build', verb_parser=<colcon_defaults.argument_parser.defaults.DefaultArgumentsDecorator object at 0x7f501f718520>)
[0.435s] Level 1:colcon.colcon_core.package_discovery:discover_packages(colcon_meta) check parameters
[0.436s] Level 1:colcon.colcon_core.package_discovery:discover_packages(recursive) check parameters
[0.436s] Level 1:colcon.colcon_core.package_discovery:discover_packages(ignore) check parameters
[0.436s] Level 1:colcon.colcon_core.package_discovery:discover_packages(path) check parameters
[0.436s] Level 1:colcon.colcon_core.package_discovery:discover_packages(colcon_meta) discover
[0.436s] Level 1:colcon.colcon_core.package_discovery:discover_packages(recursive) discover
[0.436s] INFO:colcon.colcon_core.package_discovery:Crawling recursively for packages in '/home/leoo/Desktop/project2_ws'
[0.436s] Level 1:colcon.colcon_core.package_identification:_identify(.) by extensions ['ignore', 'ignore_ament_install']
[0.437s] Level 1:colcon.colcon_core.package_identification:_identify(.) by extension 'ignore'
[0.437s] Level 1:colcon.colcon_core.package_identification:_identify(.) by extension 'ignore_ament_install'
[0.437s] Level 1:colcon.colcon_core.package_identification:_identify(.) by extensions ['colcon_pkg']
[0.437s] Level 1:colcon.colcon_core.package_identification:_identify(.) by extension 'colcon_pkg'
[0.437s] Level 1:colcon.colcon_core.package_identification:_identify(.) by extensions ['colcon_meta']
[0.437s] Level 1:colcon.colcon_core.package_identification:_identify(.) by extension 'colcon_meta'
[0.437s] Level 1:colcon.colcon_core.package_identification:_identify(.) by extensions ['ros']
[0.437s] Level 1:colcon.colcon_core.package_identification:_identify(.) by extension 'ros'
[0.452s] Level 1:colcon.colcon_core.package_identification:_identify(.) by extensions ['cmake', 'python']
[0.452s] Level 1:colcon.colcon_core.package_identification:_identify(.) by extension 'cmake'
[0.452s] Level 1:colcon.colcon_core.package_identification:_identify(.) by extension 'python'
[0.452s] Level 1:colcon.colcon_core.package_identification:_identify(.) by extensions ['python_setup_py']
[0.452s] Level 1:colcon.colcon_core.package_identification:_identify(.) by extension 'python_setup_py'
[0.452s] Level 1:colcon.colcon_core.package_identification:_identify(build) by extensions ['ignore', 'ignore_ament_install']
[0.452s] Level 1:colcon.colcon_core.package_identification:_identify(build) by extension 'ignore'
[0.453s] Level 1:colcon.colcon_core.package_identification:_identify(build) ignored
[0.453s] Level 1:colcon.colcon_core.package_identification:_identify(install) by extensions ['ignore', 'ignore_ament_install']
[0.453s] Level 1:colcon.colcon_core.package_identification:_identify(install) by extension 'ignore'
[0.453s] Level 1:colcon.colcon_core.package_identification:_identify(install) ignored
[0.453s] Level 1:colcon.colcon_core.package_identification:_identify(log) by extensions ['ignore', 'ignore_ament_install']
[0.454s] Level 1:colcon.colcon_core.package_identification:_identify(log) by extension 'ignore'
[0.454s] Level 1:colcon.colcon_core.package_identification:_identify(log) ignored
[0.454s] Level 1:colcon.colcon_core.package_identification:_identify(src) by extensions ['ignore', 'ignore_ament_install']
[0.454s] Level 1:colcon.colcon_core.package_identification:_identify(src) by extension 'ignore'
[0.454s] Level 1:colcon.colcon_core.package_identification:_identify(src) by extension 'ignore_ament_install'
[0.454s] Level 1:colcon.colcon_core.package_identification:_identify(src) by extensions ['colcon_pkg']
[0.454s] Level 1:colcon.colcon_core.package_identification:_identify(src) by extension 'colcon_pkg'
[0.454s] Level 1:colcon.colcon_core.package_identification:_identify(src) by extensions ['colcon_meta']
[0.454s] Level 1:colcon.colcon_core.package_identification:_identify(src) by extension 'colcon_meta'
[0.455s] Level 1:colcon.colcon_core.package_identification:_identify(src) by extensions ['ros']
[0.455s] Level 1:colcon.colcon_core.package_identification:_identify(src) by extension 'ros'
[0.455s] Level 1:colcon.colcon_core.package_identification:_identify(src) by extensions ['cmake', 'python']
[0.455s] Level 1:colcon.colcon_core.package_identification:_identify(src) by extension 'cmake'
[0.455s] Level 1:colcon.colcon_core.package_identification:_identify(src) by extension 'python'
[0.455s] Level 1:colcon.colcon_core.package_identification:_identify(src) by extensions ['python_setup_py']
[0.455s] Level 1:colcon.colcon_core.package_identification:_identify(src) by extension 'python_setup_py'
[0.455s] Level 1:colcon.colcon_core.package_identification:_identify(src/odometry) by extensions ['ignore', 'ignore_ament_install']
[0.455s] Level 1:colcon.colcon_core.package_identification:_identify(src/odometry) by extension 'ignore'
[0.455s] Level 1:colcon.colcon_core.package_identification:_identify(src/odometry) by extension 'ignore_ament_install'
[0.455s] Level 1:colcon.colcon_core.package_identification:_identify(src/odometry) by extensions ['colcon_pkg']
[0.455s] Level 1:colcon.colcon_core.package_identification:_identify(src/odometry) by extension 'colcon_pkg'
[0.456s] Level 1:colcon.colcon_core.package_identification:_identify(src/odometry) by extensions ['colcon_meta']
[0.456s] Level 1:colcon.colcon_core.package_identification:_identify(src/odometry) by extension 'colcon_meta'
[0.456s] Level 1:colcon.colcon_core.package_identification:_identify(src/odometry) by extensions ['ros']
[0.456s] Level 1:colcon.colcon_core.package_identification:_identify(src/odometry) by extension 'ros'
[0.461s] DEBUG:colcon.colcon_core.package_identification:Package 'src/odometry' with type 'ros.ament_cmake' and name 'odometry'
[0.461s] Level 1:colcon.colcon_core.package_identification:_identify(src/project2_control) by extensions ['ignore', 'ignore_ament_install']
[0.461s] Level 1:colcon.colcon_core.package_identification:_identify(src/project2_control) by extension 'ignore'
[0.462s] Level 1:colcon.colcon_core.package_identification:_identify(src/project2_control) by extension 'ignore_ament_install'
[0.462s] Level 1:colcon.colcon_core.package_identification:_identify(src/project2_control) by extensions ['colcon_pkg']
[0.462s] Level 1:colcon.colcon_core.package_identification:_identify(src/project2_control) by extension 'colcon_pkg'
[0.462s] Level 1:colcon.colcon_core.package_identification:_identify(src/project2_control) by extensions ['colcon_meta']
[0.462s] Level 1:colcon.colcon_core.package_identification:_identify(src/project2_control) by extension 'colcon_meta'
[0.462s] Level 1:colcon.colcon_core.package_identification:_identify(src/project2_control) by extensions ['ros']
[0.462s] Level 1:colcon.colcon_core.package_identification:_identify(src/project2_control) by extension 'ros'
[0.463s] DEBUG:colcon.colcon_core.package_identification:Package 'src/project2_control' with type 'ros.ament_python' and name 'project2_control'
[0.463s] Level 1:colcon.colcon_core.package_identification:_identify(src/project2_pkg) by extensions ['ignore', 'ignore_ament_install']
[0.463s] Level 1:colcon.colcon_core.package_identification:_identify(src/project2_pkg) by extension 'ignore'
[0.463s] Level 1:colcon.colcon_core.package_identification:_identify(src/project2_pkg) by extension 'ignore_ament_install'
[0.464s] Level 1:colcon.colcon_core.package_identification:_identify(src/project2_pkg) by extensions ['colcon_pkg']
[0.464s] Level 1:colcon.colcon_core.package_identification:_identify(src/project2_pkg) by extension 'colcon_pkg'
[0.464s] Level 1:colcon.colcon_core.package_identification:_identify(src/project2_pkg) by extensions ['colcon_meta']
[0.464s] Level 1:colcon.colcon_core.package_identification:_identify(src/project2_pkg) by extension 'colcon_meta'
[0.464s] Level 1:colcon.colcon_core.package_identification:_identify(src/project2_pkg) by extensions ['ros']
[0.464s] Level 1:colcon.colcon_core.package_identification:_identify(src/project2_pkg) by extension 'ros'
[0.465s] DEBUG:colcon.colcon_core.package_identification:Package 'src/project2_pkg' with type 'ros.ament_cmake' and name 'project2_pkg'
[0.465s] Level 1:colcon.colcon_core.package_identification:_identify(src/robot_arm_control) by extensions ['ignore', 'ignore_ament_install']
[0.466s] Level 1:colcon.colcon_core.package_identification:_identify(src/robot_arm_control) by extension 'ignore'
[0.466s] Level 1:colcon.colcon_core.package_identification:_identify(src/robot_arm_control) by extension 'ignore_ament_install'
[0.466s] Level 1:colcon.colcon_core.package_identification:_identify(src/robot_arm_control) by extensions ['colcon_pkg']
[0.466s] Level 1:colcon.colcon_core.package_identification:_identify(src/robot_arm_control) by extension 'colcon_pkg'
[0.466s] Level 1:colcon.colcon_core.package_identification:_identify(src/robot_arm_control) by extensions ['colcon_meta']
[0.466s] Level 1:colcon.colcon_core.package_identification:_identify(src/robot_arm_control) by extension 'colcon_meta'
[0.466s] Level 1:colcon.colcon_core.package_identification:_identify(src/robot_arm_control) by extensions ['ros']
[0.466s] Level 1:colcon.colcon_core.package_identification:_identify(src/robot_arm_control) by extension 'ros'
[0.467s] DEBUG:colcon.colcon_core.package_identification:Package 'src/robot_arm_control' with type 'ros.ament_python' and name 'robot_arm_control'
[0.468s] Level 1:colcon.colcon_core.package_discovery:discover_packages(recursive) using defaults
[0.468s] Level 1:colcon.colcon_core.package_discovery:discover_packages(ignore) discover
[0.468s] Level 1:colcon.colcon_core.package_discovery:discover_packages(ignore) using defaults
[0.468s] Level 1:colcon.colcon_core.package_discovery:discover_packages(path) discover
[0.468s] Level 1:colcon.colcon_core.package_discovery:discover_packages(path) using defaults
[0.498s] Level 1:colcon.colcon_core.package_discovery:discover_packages(prefix_path) check parameters
[0.498s] Level 1:colcon.colcon_core.package_discovery:discover_packages(prefix_path) discover
[0.505s] DEBUG:colcon.colcon_installed_package_information.package_discovery:Found 355 installed packages in /opt/ros/galactic
[0.506s] Level 1:colcon.colcon_core.package_discovery:discover_packages(prefix_path) using defaults
[0.690s] Level 5:colcon.colcon_core.verb:set package 'odometry' build argument 'cmake_args' from command line to 'None'
[0.691s] Level 5:colcon.colcon_core.verb:set package 'odometry' build argument 'cmake_target' from command line to 'None'
[0.691s] Level 5:colcon.colcon_core.verb:set package 'odometry' build argument 'cmake_target_skip_unavailable' from command line to 'False'
[0.691s] Level 5:colcon.colcon_core.verb:set package 'odometry' build argument 'cmake_clean_cache' from command line to 'False'
[0.691s] Level 5:colcon.colcon_core.verb:set package 'odometry' build argument 'cmake_clean_first' from command line to 'False'
[0.691s] Level 5:colcon.colcon_core.verb:set package 'odometry' build argument 'cmake_force_configure' from command line to 'False'
[0.691s] Level 5:colcon.colcon_core.verb:set package 'odometry' build argument 'ament_cmake_args' from command line to 'None'
[0.691s] Level 5:colcon.colcon_core.verb:set package 'odometry' build argument 'catkin_cmake_args' from command line to 'None'
[0.691s] Level 5:colcon.colcon_core.verb:set package 'odometry' build argument 'catkin_skip_building_tests' from command line to 'False'
[0.691s] DEBUG:colcon.colcon_core.verb:Building package 'odometry' with the following arguments: {'ament_cmake_args': None, 'build_base': '/home/leoo/Desktop/project2_ws/build/odometry', 'catkin_cmake_args': None, 'catkin_skip_building_tests': False, 'cmake_args': None, 'cmake_clean_cache': False, 'cmake_clean_first': False, 'cmake_force_configure': False, 'cmake_target': None, 'cmake_target_skip_unavailable': False, 'install_base': '/home/leoo/Desktop/project2_ws/install/odometry', 'merge_install': False, 'path': '/home/leoo/Desktop/project2_ws/src/odometry', 'symlink_install': False, 'test_result_base': None}
[0.691s] Level 5:colcon.colcon_core.verb:set package 'project2_control' build argument 'cmake_args' from command line to 'None'
[0.691s] Level 5:colcon.colcon_core.verb:set package 'project2_control' build argument 'cmake_target' from command line to 'None'
[0.692s] Level 5:colcon.colcon_core.verb:set package 'project2_control' build argument 'cmake_target_skip_unavailable' from command line to 'False'
[0.692s] Level 5:colcon.colcon_core.verb:set package 'project2_control' build argument 'cmake_clean_cache' from command line to 'False'
[0.692s] Level 5:colcon.colcon_core.verb:set package 'project2_control' build argument 'cmake_clean_first' from command line to 'False'
[0.692s] Level 5:colcon.colcon_core.verb:set package 'project2_control' build argument 'cmake_force_configure' from command line to 'False'
[0.692s] Level 5:colcon.colcon_core.verb:set package 'project2_control' build argument 'ament_cmake_args' from command line to 'None'
[0.692s] Level 5:colcon.colcon_core.verb:set package 'project2_control' build argument 'catkin_cmake_args' from command line to 'None'
[0.692s] Level 5:colcon.colcon_core.verb:set package 'project2_control' build argument 'catkin_skip_building_tests' from command line to 'False'
[0.692s] DEBUG:colcon.colcon_core.verb:Building package 'project2_control' with the following arguments: {'ament_cmake_args': None, 'build_base': '/home/leoo/Desktop/project2_ws/build/project2_control', 'catkin_cmake_args': None, 'catkin_skip_building_tests': False, 'cmake_args': None, 'cmake_clean_cache': False, 'cmake_clean_first': False, 'cmake_force_configure': False, 'cmake_target': None, 'cmake_target_skip_unavailable': False, 'install_base': '/home/leoo/Desktop/project2_ws/install/project2_control', 'merge_install': False, 'path': '/home/leoo/Desktop/project2_ws/src/project2_control', 'symlink_install': False, 'test_result_base': None}
[0.692s] Level 5:colcon.colcon_core.verb:set package 'project2_pkg' build argument 'cmake_args' from command line to 'None'
[0.692s] Level 5:colcon.colcon_core.verb:set package 'project2_pkg' build argument 'cmake_target' from command line to 'None'
[0.692s] Level 5:colcon.colcon_core.verb:set package 'project2_pkg' build argument 'cmake_target_skip_unavailable' from command line to 'False'
[0.692s] Level 5:colcon.colcon_core.verb:set package 'project2_pkg' build argument 'cmake_clean_cache' from command line to 'False'
[0.692s] Level 5:colcon.colcon_core.verb:set package 'project2_pkg' build argument 'cmake_clean_first' from command line to 'False'
[0.692s] Level 5:colcon.colcon_core.verb:set package 'project2_pkg' build argument 'cmake_force_configure' from command line to 'False'
[0.692s] Level 5:colcon.colcon_core.verb:set package 'project2_pkg' build argument 'ament_cmake_args' from command line to 'None'
[0.692s] Level 5:colcon.colcon_core.verb:set package 'project2_pkg' build argument 'catkin_cmake_args' from command line to 'None'
[0.692s] Level 5:colcon.colcon_core.verb:set package 'project2_pkg' build argument 'catkin_skip_building_tests' from command line to 'False'
[0.692s] DEBUG:colcon.colcon_core.verb:Building package 'project2_pkg' with the following arguments: {'ament_cmake_args': None, 'build_base': '/home/leoo/Desktop/project2_ws/build/project2_pkg', 'catkin_cmake_args': None, 'catkin_skip_building_tests': False, 'cmake_args': None, 'cmake_clean_cache': False, 'cmake_clean_first': False, 'cmake_force_configure': False, 'cmake_target': None, 'cmake_target_skip_unavailable': False, 'install_base': '/home/leoo/Desktop/project2_ws/install/project2_pkg', 'merge_install': False, 'path': '/home/leoo/Desktop/project2_ws/src/project2_pkg', 'symlink_install': False, 'test_result_base': None}
[0.693s] Level 5:colcon.colcon_core.verb:set package 'robot_arm_control' build argument 'cmake_args' from command line to 'None'
[0.693s] Level 5:colcon.colcon_core.verb:set package 'robot_arm_control' build argument 'cmake_target' from command line to 'None'
[0.693s] Level 5:colcon.colcon_core.verb:set package 'robot_arm_control' build argument 'cmake_target_skip_unavailable' from command line to 'False'
[0.693s] Level 5:colcon.colcon_core.verb:set package 'robot_arm_control' build argument 'cmake_clean_cache' from command line to 'False'
[0.693s] Level 5:colcon.colcon_core.verb:set package 'robot_arm_control' build argument 'cmake_clean_first' from command line to 'False'
[0.693s] Level 5:colcon.colcon_core.verb:set package 'robot_arm_control' build argument 'cmake_force_configure' from command line to 'False'
[0.693s] Level 5:colcon.colcon_core.verb:set package 'robot_arm_control' build argument 'ament_cmake_args' from command line to 'None'
[0.693s] Level 5:colcon.colcon_core.verb:set package 'robot_arm_control' build argument 'catkin_cmake_args' from command line to 'None'
[0.693s] Level 5:colcon.colcon_core.verb:set package 'robot_arm_control' build argument 'catkin_skip_building_tests' from command line to 'False'
[0.693s] DEBUG:colcon.colcon_core.verb:Building package 'robot_arm_control' with the following arguments: {'ament_cmake_args': None, 'build_base': '/home/leoo/Desktop/project2_ws/build/robot_arm_control', 'catkin_cmake_args': None, 'catkin_skip_building_tests': False, 'cmake_args': None, 'cmake_clean_cache': False, 'cmake_clean_first': False, 'cmake_force_configure': False, 'cmake_target': None, 'cmake_target_skip_unavailable': False, 'install_base': '/home/leoo/Desktop/project2_ws/install/robot_arm_control', 'merge_install': False, 'path': '/home/leoo/Desktop/project2_ws/src/robot_arm_control', 'symlink_install': False, 'test_result_base': None}
[0.693s] INFO:colcon.colcon_core.executor:Executing jobs using 'parallel' executor
[0.694s] DEBUG:colcon.colcon_parallel_executor.executor.parallel:run_until_complete
[0.694s] INFO:colcon.colcon_ros.task.ament_cmake.build:Building ROS package in '/home/leoo/Desktop/project2_ws/src/odometry' with build type 'ament_cmake'
[0.695s] INFO:colcon.colcon_cmake.task.cmake.build:Building CMake package in '/home/leoo/Desktop/project2_ws/src/odometry'
[0.700s] INFO:colcon.colcon_core.plugin_system:Skipping extension 'colcon_core.shell.bat': Not used on non-Windows systems
[0.700s] INFO:colcon.colcon_core.shell:Skip shell extension 'powershell' for command environment: Not usable outside of PowerShell
[0.700s] DEBUG:colcon.colcon_core.shell:Skip shell extension 'dsv' for command environment
[0.705s] INFO:colcon.colcon_ros.task.ament_python.build:Building ROS package in '/home/leoo/Desktop/project2_ws/src/project2_control' with build type 'ament_python'
[0.706s] Level 1:colcon.colcon_core.shell:create_environment_hook('project2_control', 'ament_prefix_path')
[0.706s] INFO:colcon.colcon_core.shell:Creating environment hook '/home/leoo/Desktop/project2_ws/install/project2_control/share/project2_control/hook/ament_prefix_path.ps1'
[0.708s] INFO:colcon.colcon_core.shell:Creating environment descriptor '/home/leoo/Desktop/project2_ws/install/project2_control/share/project2_control/hook/ament_prefix_path.dsv'
[0.709s] INFO:colcon.colcon_core.shell:Creating environment hook '/home/leoo/Desktop/project2_ws/install/project2_control/share/project2_control/hook/ament_prefix_path.sh'
[0.711s] INFO:colcon.colcon_core.shell:Skip shell extension 'powershell' for command environment: Not usable outside of PowerShell
[0.711s] DEBUG:colcon.colcon_core.shell:Skip shell extension 'dsv' for command environment
[0.715s] INFO:colcon.colcon_ros.task.ament_cmake.build:Building ROS package in '/home/leoo/Desktop/project2_ws/src/project2_pkg' with build type 'ament_cmake'
[0.715s] INFO:colcon.colcon_cmake.task.cmake.build:Building CMake package in '/home/leoo/Desktop/project2_ws/src/project2_pkg'
[0.716s] INFO:colcon.colcon_core.shell:Skip shell extension 'powershell' for command environment: Not usable outside of PowerShell
[0.716s] DEBUG:colcon.colcon_core.shell:Skip shell extension 'dsv' for command environment
[0.720s] INFO:colcon.colcon_ros.task.ament_python.build:Building ROS package in '/home/leoo/Desktop/project2_ws/src/robot_arm_control' with build type 'ament_python'
[0.721s] Level 1:colcon.colcon_core.shell:create_environment_hook('robot_arm_control', 'ament_prefix_path')
[0.721s] INFO:colcon.colcon_core.shell:Creating environment hook '/home/leoo/Desktop/project2_ws/install/robot_arm_control/share/robot_arm_control/hook/ament_prefix_path.ps1'
[0.723s] INFO:colcon.colcon_core.shell:Creating environment descriptor '/home/leoo/Desktop/project2_ws/install/robot_arm_control/share/robot_arm_control/hook/ament_prefix_path.dsv'
[0.724s] INFO:colcon.colcon_core.shell:Creating environment hook '/home/leoo/Desktop/project2_ws/install/robot_arm_control/share/robot_arm_control/hook/ament_prefix_path.sh'
[0.725s] INFO:colcon.colcon_core.shell:Skip shell extension 'powershell' for command environment: Not usable outside of PowerShell
[0.725s] DEBUG:colcon.colcon_core.shell:Skip shell extension 'dsv' for command environment
[0.737s] DEBUG:colcon.colcon_core.event_handler.log_command:Invoking command in '/home/leoo/Desktop/project2_ws/build/odometry': CMAKE_PREFIX_PATH=/opt/ros/galactic /home/leoo/.local/bin/cmake --build /home/leoo/Desktop/project2_ws/build/odometry -- -j8 -l8
[1.040s] INFO:colcon.colcon_core.task.python.build:Building Python package in '/home/leoo/Desktop/project2_ws/src/project2_control'
[1.041s] INFO:colcon.colcon_core.shell:Skip shell extension 'powershell' for command environment: Not usable outside of PowerShell
[1.041s] DEBUG:colcon.colcon_core.shell:Skip shell extension 'dsv' for command environment
[1.051s] DEBUG:colcon.colcon_core.event_handler.log_command:Invoking command in '/home/leoo/Desktop/project2_ws/build/project2_pkg': CMAKE_PREFIX_PATH=/opt/ros/galactic /home/leoo/.local/bin/cmake --build /home/leoo/Desktop/project2_ws/build/project2_pkg -- -j8 -l8
[1.260s] INFO:colcon.colcon_core.task.python.build:Building Python package in '/home/leoo/Desktop/project2_ws/src/robot_arm_control'
[1.261s] INFO:colcon.colcon_core.shell:Skip shell extension 'powershell' for command environment: Not usable outside of PowerShell
[1.261s] DEBUG:colcon.colcon_core.shell:Skip shell extension 'dsv' for command environment
[1.270s] DEBUG:colcon.colcon_core.event_handler.log_command:Invoked command in '/home/leoo/Desktop/project2_ws/build/odometry' returned '0': CMAKE_PREFIX_PATH=/opt/ros/galactic /home/leoo/.local/bin/cmake --build /home/leoo/Desktop/project2_ws/build/odometry -- -j8 -l8
[1.272s] DEBUG:colcon.colcon_core.event_handler.log_command:Invoked command in '/home/leoo/Desktop/project2_ws/build/project2_pkg' returned '0': CMAKE_PREFIX_PATH=/opt/ros/galactic /home/leoo/.local/bin/cmake --build /home/leoo/Desktop/project2_ws/build/project2_pkg -- -j8 -l8
[1.445s] DEBUG:colcon.colcon_core.event_handler.log_command:Invoking command in '/home/leoo/Desktop/project2_ws/build/odometry': CMAKE_PREFIX_PATH=/opt/ros/galactic /home/leoo/.local/bin/cmake --install /home/leoo/Desktop/project2_ws/build/odometry
[1.452s] DEBUG:colcon.colcon_core.event_handler.log_command:Invoking command in '/home/leoo/Desktop/project2_ws/build/project2_pkg': CMAKE_PREFIX_PATH=/opt/ros/galactic /home/leoo/.local/bin/cmake --install /home/leoo/Desktop/project2_ws/build/project2_pkg
[1.527s] Level 1:colcon.colcon_core.environment:create_environment_scripts_only(odometry)
[1.529s] DEBUG:colcon.colcon_core.event_handler.log_command:Invoked command in '/home/leoo/Desktop/project2_ws/build/odometry' returned '0': CMAKE_PREFIX_PATH=/opt/ros/galactic /home/leoo/.local/bin/cmake --install /home/leoo/Desktop/project2_ws/build/odometry
[1.537s] Level 1:colcon.colcon_core.environment:checking '/home/leoo/Desktop/project2_ws/install/odometry' for CMake module files
[1.537s] Level 1:colcon.colcon_core.environment:checking '/home/leoo/Desktop/project2_ws/install/odometry' for CMake config files
[1.537s] Level 1:colcon.colcon_core.shell:create_environment_hook('odometry', 'cmake_prefix_path')
[1.538s] INFO:colcon.colcon_core.shell:Creating environment hook '/home/leoo/Desktop/project2_ws/install/odometry/share/odometry/hook/cmake_prefix_path.ps1'
[1.539s] INFO:colcon.colcon_core.shell:Creating environment descriptor '/home/leoo/Desktop/project2_ws/install/odometry/share/odometry/hook/cmake_prefix_path.dsv'
[1.539s] INFO:colcon.colcon_core.shell:Creating environment hook '/home/leoo/Desktop/project2_ws/install/odometry/share/odometry/hook/cmake_prefix_path.sh'
[1.540s] Level 1:colcon.colcon_core.environment:checking '/home/leoo/Desktop/project2_ws/install/odometry/lib'
[1.541s] Level 1:colcon.colcon_core.shell:create_environment_hook('odometry', 'ld_library_path_lib')
[1.541s] INFO:colcon.colcon_core.shell:Creating environment hook '/home/leoo/Desktop/project2_ws/install/odometry/share/odometry/hook/ld_library_path_lib.ps1'
[1.542s] INFO:colcon.colcon_core.shell:Creating environment descriptor '/home/leoo/Desktop/project2_ws/install/odometry/share/odometry/hook/ld_library_path_lib.dsv'
[1.542s] INFO:colcon.colcon_core.shell:Creating environment hook '/home/leoo/Desktop/project2_ws/install/odometry/share/odometry/hook/ld_library_path_lib.sh'
[1.543s] Level 1:colcon.colcon_core.environment:checking '/home/leoo/Desktop/project2_ws/install/odometry/bin'
[1.543s] Level 1:colcon.colcon_core.environment:checking '/home/leoo/Desktop/project2_ws/install/odometry/lib/pkgconfig/odometry.pc'
[1.543s] Level 1:colcon.colcon_core.environment:checking '/home/leoo/Desktop/project2_ws/install/odometry/lib/python3.8/site-packages'
[1.543s] Level 1:colcon.colcon_core.environment:checking '/home/leoo/Desktop/project2_ws/install/odometry/bin'
[1.544s] INFO:colcon.colcon_core.shell:Creating package script '/home/leoo/Desktop/project2_ws/install/odometry/share/odometry/package.ps1'
[1.545s] INFO:colcon.colcon_core.shell:Creating package descriptor '/home/leoo/Desktop/project2_ws/install/odometry/share/odometry/package.dsv'
[1.547s] INFO:colcon.colcon_core.shell:Creating package script '/home/leoo/Desktop/project2_ws/install/odometry/share/odometry/package.sh'
[1.548s] INFO:colcon.colcon_core.shell:Creating package script '/home/leoo/Desktop/project2_ws/install/odometry/share/odometry/package.bash'
[1.550s] INFO:colcon.colcon_core.shell:Creating package script '/home/leoo/Desktop/project2_ws/install/odometry/share/odometry/package.zsh'
[1.551s] Level 1:colcon.colcon_core.environment:create_file_with_runtime_dependencies(/home/leoo/Desktop/project2_ws/install/odometry/share/colcon-core/packages/odometry)
[1.555s] Level 1:colcon.colcon_core.environment:create_environment_scripts_only(project2_pkg)
[1.555s] Level 1:colcon.colcon_core.environment:checking '/home/leoo/Desktop/project2_ws/install/project2_pkg' for CMake module files
[1.556s] DEBUG:colcon.colcon_core.event_handler.log_command:Invoked command in '/home/leoo/Desktop/project2_ws/build/project2_pkg' returned '0': CMAKE_PREFIX_PATH=/opt/ros/galactic /home/leoo/.local/bin/cmake --install /home/leoo/Desktop/project2_ws/build/project2_pkg
[1.557s] Level 1:colcon.colcon_core.environment:checking '/home/leoo/Desktop/project2_ws/install/project2_pkg' for CMake config files
[1.557s] Level 1:colcon.colcon_core.shell:create_environment_hook('project2_pkg', 'cmake_prefix_path')
[1.558s] INFO:colcon.colcon_core.shell:Creating environment hook '/home/leoo/Desktop/project2_ws/install/project2_pkg/share/project2_pkg/hook/cmake_prefix_path.ps1'
[1.559s] INFO:colcon.colcon_core.shell:Creating environment descriptor '/home/leoo/Desktop/project2_ws/install/project2_pkg/share/project2_pkg/hook/cmake_prefix_path.dsv'
[1.560s] INFO:colcon.colcon_core.shell:Creating environment hook '/home/leoo/Desktop/project2_ws/install/project2_pkg/share/project2_pkg/hook/cmake_prefix_path.sh'
[1.561s] Level 1:colcon.colcon_core.environment:checking '/home/leoo/Desktop/project2_ws/install/project2_pkg/lib'
[1.561s] Level 1:colcon.colcon_core.environment:checking '/home/leoo/Desktop/project2_ws/install/project2_pkg/bin'
[1.561s] Level 1:colcon.colcon_core.environment:checking '/home/leoo/Desktop/project2_ws/install/project2_pkg/lib/pkgconfig/project2_pkg.pc'
[1.561s] Level 1:colcon.colcon_core.environment:checking '/home/leoo/Desktop/project2_ws/install/project2_pkg/lib/python3.8/site-packages'
[1.561s] Level 1:colcon.colcon_core.environment:checking '/home/leoo/Desktop/project2_ws/install/project2_pkg/bin'
[1.562s] INFO:colcon.colcon_core.shell:Creating package script '/home/leoo/Desktop/project2_ws/install/project2_pkg/share/project2_pkg/package.ps1'
[1.563s] INFO:colcon.colcon_core.shell:Creating package descriptor '/home/leoo/Desktop/project2_ws/install/project2_pkg/share/project2_pkg/package.dsv'
[1.563s] INFO:colcon.colcon_core.shell:Creating package script '/home/leoo/Desktop/project2_ws/install/project2_pkg/share/project2_pkg/package.sh'
[1.564s] INFO:colcon.colcon_core.shell:Creating package script '/home/leoo/Desktop/project2_ws/install/project2_pkg/share/project2_pkg/package.bash'
[1.565s] INFO:colcon.colcon_core.shell:Creating package script '/home/leoo/Desktop/project2_ws/install/project2_pkg/share/project2_pkg/package.zsh'
[1.566s] Level 1:colcon.colcon_core.environment:create_file_with_runtime_dependencies(/home/leoo/Desktop/project2_ws/install/project2_pkg/share/colcon-core/packages/project2_pkg)
[1.644s] Level 1:colcon.colcon_core.environment:create_environment_scripts_only(project2_pkg)
[1.645s] Level 1:colcon.colcon_core.environment:checking '/home/leoo/Desktop/project2_ws/install/project2_pkg' for CMake module files
[1.645s] Level 1:colcon.colcon_core.environment:checking '/home/leoo/Desktop/project2_ws/install/project2_pkg' for CMake config files
[1.646s] Level 1:colcon.colcon_core.shell:create_environment_hook('project2_pkg', 'cmake_prefix_path')
[1.646s] INFO:colcon.colcon_core.shell:Creating environment hook '/home/leoo/Desktop/project2_ws/install/project2_pkg/share/project2_pkg/hook/cmake_prefix_path.ps1'
[1.647s] INFO:colcon.colcon_core.shell:Creating environment descriptor '/home/leoo/Desktop/project2_ws/install/project2_pkg/share/project2_pkg/hook/cmake_prefix_path.dsv'
[1.648s] INFO:colcon.colcon_core.shell:Creating environment hook '/home/leoo/Desktop/project2_ws/install/project2_pkg/share/project2_pkg/hook/cmake_prefix_path.sh'
[1.650s] Level 1:colcon.colcon_core.environment:checking '/home/leoo/Desktop/project2_ws/install/project2_pkg/lib'
[1.650s] Level 1:colcon.colcon_core.environment:checking '/home/leoo/Desktop/project2_ws/install/project2_pkg/bin'
[1.650s] Level 1:colcon.colcon_core.environment:checking '/home/leoo/Desktop/project2_ws/install/project2_pkg/lib/pkgconfig/project2_pkg.pc'
[1.650s] Level 1:colcon.colcon_core.environment:checking '/home/leoo/Desktop/project2_ws/install/project2_pkg/lib/python3.8/site-packages'
[1.651s] Level 1:colcon.colcon_core.environment:checking '/home/leoo/Desktop/project2_ws/install/project2_pkg/bin'
[1.651s] INFO:colcon.colcon_core.shell:Creating package script '/home/leoo/Desktop/project2_ws/install/project2_pkg/share/project2_pkg/package.ps1'
[1.652s] INFO:colcon.colcon_core.shell:Creating package descriptor '/home/leoo/Desktop/project2_ws/install/project2_pkg/share/project2_pkg/package.dsv'
[1.653s] INFO:colcon.colcon_core.shell:Creating package script '/home/leoo/Desktop/project2_ws/install/project2_pkg/share/project2_pkg/package.sh'
[1.654s] INFO:colcon.colcon_core.shell:Creating package script '/home/leoo/Desktop/project2_ws/install/project2_pkg/share/project2_pkg/package.bash'
[1.655s] INFO:colcon.colcon_core.shell:Creating package script '/home/leoo/Desktop/project2_ws/install/project2_pkg/share/project2_pkg/package.zsh'
[1.656s] Level 1:colcon.colcon_core.environment:create_file_with_runtime_dependencies(/home/leoo/Desktop/project2_ws/install/project2_pkg/share/colcon-core/packages/project2_pkg)
[1.659s] Level 1:colcon.colcon_core.environment:create_environment_scripts_only(odometry)
[1.659s] Level 1:colcon.colcon_core.environment:checking '/home/leoo/Desktop/project2_ws/install/odometry' for CMake module files
[1.659s] Level 1:colcon.colcon_core.environment:checking '/home/leoo/Desktop/project2_ws/install/odometry' for CMake config files
[1.660s] Level 1:colcon.colcon_core.shell:create_environment_hook('odometry', 'cmake_prefix_path')
[1.661s] INFO:colcon.colcon_core.shell:Creating environment hook '/home/leoo/Desktop/project2_ws/install/odometry/share/odometry/hook/cmake_prefix_path.ps1'
[1.661s] INFO:colcon.colcon_core.shell:Creating environment descriptor '/home/leoo/Desktop/project2_ws/install/odometry/share/odometry/hook/cmake_prefix_path.dsv'
[1.664s] INFO:colcon.colcon_core.shell:Creating environment hook '/home/leoo/Desktop/project2_ws/install/odometry/share/odometry/hook/cmake_prefix_path.sh'
[1.665s] Level 1:colcon.colcon_core.environment:checking '/home/leoo/Desktop/project2_ws/install/odometry/lib'
[1.665s] Level 1:colcon.colcon_core.shell:create_environment_hook('odometry', 'ld_library_path_lib')
[1.665s] INFO:colcon.colcon_core.shell:Creating environment hook '/home/leoo/Desktop/project2_ws/install/odometry/share/odometry/hook/ld_library_path_lib.ps1'
[1.666s] INFO:colcon.colcon_core.shell:Creating environment descriptor '/home/leoo/Desktop/project2_ws/install/odometry/share/odometry/hook/ld_library_path_lib.dsv'
[1.667s] INFO:colcon.colcon_core.shell:Creating environment hook '/home/leoo/Desktop/project2_ws/install/odometry/share/odometry/hook/ld_library_path_lib.sh'
[1.668s] Level 1:colcon.colcon_core.environment:checking '/home/leoo/Desktop/project2_ws/install/odometry/bin'
[1.668s] Level 1:colcon.colcon_core.environment:checking '/home/leoo/Desktop/project2_ws/install/odometry/lib/pkgconfig/odometry.pc'
[1.668s] Level 1:colcon.colcon_core.environment:checking '/home/leoo/Desktop/project2_ws/install/odometry/lib/python3.8/site-packages'
[1.668s] Level 1:colcon.colcon_core.environment:checking '/home/leoo/Desktop/project2_ws/install/odometry/bin'
[1.669s] INFO:colcon.colcon_core.shell:Creating package script '/home/leoo/Desktop/project2_ws/install/odometry/share/odometry/package.ps1'
[1.669s] INFO:colcon.colcon_core.shell:Creating package descriptor '/home/leoo/Desktop/project2_ws/install/odometry/share/odometry/package.dsv'
[1.670s] INFO:colcon.colcon_core.shell:Creating package script '/home/leoo/Desktop/project2_ws/install/odometry/share/odometry/package.sh'
[1.671s] INFO:colcon.colcon_core.shell:Creating package script '/home/leoo/Desktop/project2_ws/install/odometry/share/odometry/package.bash'
[1.672s] INFO:colcon.colcon_core.shell:Creating package script '/home/leoo/Desktop/project2_ws/install/odometry/share/odometry/package.zsh'
[1.672s] Level 1:colcon.colcon_core.environment:create_file_with_runtime_dependencies(/home/leoo/Desktop/project2_ws/install/odometry/share/colcon-core/packages/odometry)
[1.881s] DEBUG:colcon.colcon_core.event_handler.log_command:Invoking command in '/home/leoo/Desktop/project2_ws/src/project2_control': PYTHONPATH=/home/leoo/Desktop/project2_ws/build/project2_control/prefix_override:/usr/lib/python3/dist-packages/colcon_core/task/python/colcon_distutils_commands:/home/leoo/Desktop/project2_ws/install/project2_control/lib/python3.8/site-packages:${PYTHONPATH} /usr/bin/python3 -W ignore:setup.py install is deprecated setup.py egg_info --egg-base ../../build/project2_control build --build-base /home/leoo/Desktop/project2_ws/build/project2_control/build install --record /home/leoo/Desktop/project2_ws/build/project2_control/install.log --single-version-externally-managed install_data
[1.886s] DEBUG:colcon.colcon_core.event_handler.log_command:Invoking command in '/home/leoo/Desktop/project2_ws/src/robot_arm_control': PYTHONPATH=/home/leoo/Desktop/project2_ws/build/robot_arm_control/prefix_override:/usr/lib/python3/dist-packages/colcon_core/task/python/colcon_distutils_commands:/home/leoo/Desktop/project2_ws/install/robot_arm_control/lib/python3.8/site-packages:${PYTHONPATH} /usr/bin/python3 -W ignore:setup.py install is deprecated setup.py egg_info --egg-base ../../build/robot_arm_control build --build-base /home/leoo/Desktop/project2_ws/build/robot_arm_control/build install --record /home/leoo/Desktop/project2_ws/build/robot_arm_control/install.log --single-version-externally-managed install_data
[2.173s] Level 1:colcon.colcon_core.environment:checking '/home/leoo/Desktop/project2_ws/install/project2_control' for CMake module files
[2.173s] DEBUG:colcon.colcon_core.event_handler.log_command:Invoked command in '/home/leoo/Desktop/project2_ws/src/project2_control' returned '0': PYTHONPATH=/home/leoo/Desktop/project2_ws/build/project2_control/prefix_override:/usr/lib/python3/dist-packages/colcon_core/task/python/colcon_distutils_commands:/home/leoo/Desktop/project2_ws/install/project2_control/lib/python3.8/site-packages:${PYTHONPATH} /usr/bin/python3 -W ignore:setup.py install is deprecated setup.py egg_info --egg-base ../../build/project2_control build --build-base /home/leoo/Desktop/project2_ws/build/project2_control/build install --record /home/leoo/Desktop/project2_ws/build/project2_control/install.log --single-version-externally-managed install_data
[2.174s] Level 1:colcon.colcon_core.environment:checking '/home/leoo/Desktop/project2_ws/install/project2_control' for CMake config files
[2.175s] Level 1:colcon.colcon_core.environment:checking '/home/leoo/Desktop/project2_ws/install/project2_control/lib'
[2.175s] Level 1:colcon.colcon_core.environment:checking '/home/leoo/Desktop/project2_ws/install/project2_control/bin'
[2.175s] Level 1:colcon.colcon_core.environment:checking '/home/leoo/Desktop/project2_ws/install/project2_control/lib/pkgconfig/project2_control.pc'
[2.175s] Level 1:colcon.colcon_core.environment:checking '/home/leoo/Desktop/project2_ws/install/project2_control/lib/python3.8/site-packages'
[2.175s] Level 1:colcon.colcon_core.shell:create_environment_hook('project2_control', 'pythonpath')
[2.175s] INFO:colcon.colcon_core.shell:Creating environment hook '/home/leoo/Desktop/project2_ws/install/project2_control/share/project2_control/hook/pythonpath.ps1'
[2.176s] INFO:colcon.colcon_core.shell:Creating environment descriptor '/home/leoo/Desktop/project2_ws/install/project2_control/share/project2_control/hook/pythonpath.dsv'
[2.177s] INFO:colcon.colcon_core.shell:Creating environment hook '/home/leoo/Desktop/project2_ws/install/project2_control/share/project2_control/hook/pythonpath.sh'
[2.178s] Level 1:colcon.colcon_core.environment:checking '/home/leoo/Desktop/project2_ws/install/project2_control/bin'
[2.178s] Level 1:colcon.colcon_core.environment:create_environment_scripts_only(project2_control)
[2.179s] INFO:colcon.colcon_core.shell:Creating package script '/home/leoo/Desktop/project2_ws/install/project2_control/share/project2_control/package.ps1'
[2.180s] INFO:colcon.colcon_core.shell:Creating package descriptor '/home/leoo/Desktop/project2_ws/install/project2_control/share/project2_control/package.dsv'
[2.181s] INFO:colcon.colcon_core.shell:Creating package script '/home/leoo/Desktop/project2_ws/install/project2_control/share/project2_control/package.sh'
[2.182s] INFO:colcon.colcon_core.shell:Creating package script '/home/leoo/Desktop/project2_ws/install/project2_control/share/project2_control/package.bash'
[2.183s] INFO:colcon.colcon_core.shell:Creating package script '/home/leoo/Desktop/project2_ws/install/project2_control/share/project2_control/package.zsh'
[2.183s] Level 1:colcon.colcon_core.environment:create_file_with_runtime_dependencies(/home/leoo/Desktop/project2_ws/install/project2_control/share/colcon-core/packages/project2_control)
[2.185s] Level 1:colcon.colcon_core.environment:checking '/home/leoo/Desktop/project2_ws/install/robot_arm_control' for CMake module files
[2.187s] DEBUG:colcon.colcon_core.event_handler.log_command:Invoked command in '/home/leoo/Desktop/project2_ws/src/robot_arm_control' returned '0': PYTHONPATH=/home/leoo/Desktop/project2_ws/build/robot_arm_control/prefix_override:/usr/lib/python3/dist-packages/colcon_core/task/python/colcon_distutils_commands:/home/leoo/Desktop/project2_ws/install/robot_arm_control/lib/python3.8/site-packages:${PYTHONPATH} /usr/bin/python3 -W ignore:setup.py install is deprecated setup.py egg_info --egg-base ../../build/robot_arm_control build --build-base /home/leoo/Desktop/project2_ws/build/robot_arm_control/build install --record /home/leoo/Desktop/project2_ws/build/robot_arm_control/install.log --single-version-externally-managed install_data
[2.187s] Level 1:colcon.colcon_core.environment:checking '/home/leoo/Desktop/project2_ws/install/robot_arm_control' for CMake config files
[2.187s] Level 1:colcon.colcon_core.environment:checking '/home/leoo/Desktop/project2_ws/install/robot_arm_control/lib'
[2.188s] Level 1:colcon.colcon_core.environment:checking '/home/leoo/Desktop/project2_ws/install/robot_arm_control/bin'
[2.188s] Level 1:colcon.colcon_core.environment:checking '/home/leoo/Desktop/project2_ws/install/robot_arm_control/lib/pkgconfig/robot_arm_control.pc'
[2.188s] Level 1:colcon.colcon_core.environment:checking '/home/leoo/Desktop/project2_ws/install/robot_arm_control/lib/python3.8/site-packages'
[2.188s] Level 1:colcon.colcon_core.shell:create_environment_hook('robot_arm_control', 'pythonpath')
[2.188s] INFO:colcon.colcon_core.shell:Creating environment hook '/home/leoo/Desktop/project2_ws/install/robot_arm_control/share/robot_arm_control/hook/pythonpath.ps1'
[2.189s] INFO:colcon.colcon_core.shell:Creating environment descriptor '/home/leoo/Desktop/project2_ws/install/robot_arm_control/share/robot_arm_control/hook/pythonpath.dsv'
[2.189s] INFO:colcon.colcon_core.shell:Creating environment hook '/home/leoo/Desktop/project2_ws/install/robot_arm_control/share/robot_arm_control/hook/pythonpath.sh'
[2.190s] Level 1:colcon.colcon_core.environment:checking '/home/leoo/Desktop/project2_ws/install/robot_arm_control/bin'
[2.190s] Level 1:colcon.colcon_core.environment:create_environment_scripts_only(robot_arm_control)
[2.190s] INFO:colcon.colcon_core.shell:Creating package script '/home/leoo/Desktop/project2_ws/install/robot_arm_control/share/robot_arm_control/package.ps1'
[2.192s] INFO:colcon.colcon_core.shell:Creating package descriptor '/home/leoo/Desktop/project2_ws/install/robot_arm_control/share/robot_arm_control/package.dsv'
[2.193s] INFO:colcon.colcon_core.shell:Creating package script '/home/leoo/Desktop/project2_ws/install/robot_arm_control/share/robot_arm_control/package.sh'
[2.194s] INFO:colcon.colcon_core.shell:Creating package script '/home/leoo/Desktop/project2_ws/install/robot_arm_control/share/robot_arm_control/package.bash'
[2.194s] INFO:colcon.colcon_core.shell:Creating package script '/home/leoo/Desktop/project2_ws/install/robot_arm_control/share/robot_arm_control/package.zsh'
[2.195s] Level 1:colcon.colcon_core.environment:create_file_with_runtime_dependencies(/home/leoo/Desktop/project2_ws/install/robot_arm_control/share/colcon-core/packages/robot_arm_control)
[2.195s] DEBUG:colcon.colcon_parallel_executor.executor.parallel:closing loop
[2.196s] DEBUG:colcon.colcon_parallel_executor.executor.parallel:loop closed
[2.196s] DEBUG:colcon.colcon_parallel_executor.executor.parallel:run_until_complete finished with '0'
[2.197s] DEBUG:colcon.colcon_core.event_reactor:joining thread
[2.207s] INFO:colcon.colcon_core.plugin_system:Skipping extension 'colcon_notification.desktop_notification.terminal_notifier': Not used on non-Darwin systems
[2.208s] INFO:colcon.colcon_core.plugin_system:Skipping extension 'colcon_notification.desktop_notification.win32': Not used on non-Windows systems
[2.208s] INFO:colcon.colcon_notification.desktop_notification:Sending desktop notification using 'notify2'
[2.237s] DEBUG:colcon.colcon_core.event_reactor:joined thread
[2.238s] INFO:colcon.colcon_core.shell:Creating prefix script '/home/leoo/Desktop/project2_ws/install/local_setup.ps1'
[2.239s] INFO:colcon.colcon_core.shell:Creating prefix util module '/home/leoo/Desktop/project2_ws/install/_local_setup_util_ps1.py'
[2.242s] INFO:colcon.colcon_core.shell:Creating prefix chain script '/home/leoo/Desktop/project2_ws/install/setup.ps1'
[2.245s] INFO:colcon.colcon_core.shell:Creating prefix script '/home/leoo/Desktop/project2_ws/install/local_setup.sh'
[2.247s] INFO:colcon.colcon_core.shell:Creating prefix util module '/home/leoo/Desktop/project2_ws/install/_local_setup_util_sh.py'
[2.247s] INFO:colcon.colcon_core.shell:Creating prefix chain script '/home/leoo/Desktop/project2_ws/install/setup.sh'
[2.249s] INFO:colcon.colcon_core.shell:Creating prefix script '/home/leoo/Desktop/project2_ws/install/local_setup.bash'
[2.251s] INFO:colcon.colcon_core.shell:Creating prefix chain script '/home/leoo/Desktop/project2_ws/install/setup.bash'
[2.253s] INFO:colcon.colcon_core.shell:Creating prefix script '/home/leoo/Desktop/project2_ws/install/local_setup.zsh'
[2.255s] INFO:colcon.colcon_core.shell:Creating prefix chain script '/home/leoo/Desktop/project2_ws/install/setup.zsh'
