[0.065s] Invoking command in '/home/leoo/Desktop/project2_ws/build/project2_pkg': CMAKE_PREFIX_PATH=/opt/ros/galactic /home/leoo/.local/bin/cmake --build /home/leoo/Desktop/project2_ws/build/project2_pkg -- -j2 -l2
[0.293s] Invoked command in '/home/leoo/Desktop/project2_ws/build/project2_pkg' returned '0': CMAKE_PREFIX_PATH=/opt/ros/galactic /home/leoo/.local/bin/cmake --build /home/leoo/Desktop/project2_ws/build/project2_pkg -- -j2 -l2
[0.555s] Invoking command in '/home/leoo/Desktop/project2_ws/build/project2_pkg': CMAKE_PREFIX_PATH=/opt/ros/galactic /home/leoo/.local/bin/cmake --install /home/leoo/Desktop/project2_ws/build/project2_pkg
[0.679s] -- Install configuration: ""
[0.680s] -- Up-to-date: /home/leoo/Desktop/project2_ws/install/project2_pkg/share/project2_pkg//urdf
[0.681s] -- Up-to-date: /home/leoo/Desktop/project2_ws/install/project2_pkg/share/project2_pkg//urdf/project2_pkg.csv
[0.681s] -- Up-to-date: /home/leoo/Desktop/project2_ws/install/project2_pkg/share/project2_pkg//urdf/project2_pkg.urdf.xacro
[0.682s] -- Up-to-date: /home/leoo/Desktop/project2_ws/install/project2_pkg/share/project2_pkg//meshes
[0.682s] -- Up-to-date: /home/leoo/Desktop/project2_ws/install/project2_pkg/share/project2_pkg//meshes/rrw.STL
[0.683s] -- Up-to-date: /home/leoo/Desktop/project2_ws/install/project2_pkg/share/project2_pkg//meshes/link4.STL
[0.683s] -- Up-to-date: /home/leoo/Desktop/project2_ws/install/project2_pkg/share/project2_pkg//meshes/flw.STL
[0.684s] -- Up-to-date: /home/leoo/Desktop/project2_ws/install/project2_pkg/share/project2_pkg//meshes/link2.STL
[0.685s] -- Up-to-date: /home/leoo/Desktop/project2_ws/install/project2_pkg/share/project2_pkg//meshes/link3.STL
[0.685s] -- Up-to-date: /home/leoo/Desktop/project2_ws/install/project2_pkg/share/project2_pkg//meshes/chassi.STL
[0.686s] -- Up-to-date: /home/leoo/Desktop/project2_ws/install/project2_pkg/share/project2_pkg//meshes/link1.STL
[0.687s] -- Up-to-date: /home/leoo/Desktop/project2_ws/install/project2_pkg/share/project2_pkg//meshes/rlw.STL
[0.687s] -- Up-to-date: /home/leoo/Desktop/project2_ws/install/project2_pkg/share/project2_pkg//meshes/frw.STL
[0.688s] -- Up-to-date: /home/leoo/Desktop/project2_ws/install/project2_pkg/share/project2_pkg//meshes/ef.STL
[0.689s] -- Up-to-date: /home/leoo/Desktop/project2_ws/install/project2_pkg/share/project2_pkg//launch
[0.690s] -- Up-to-date: /home/leoo/Desktop/project2_ws/install/project2_pkg/share/project2_pkg//launch/gazebo.launch.py
[0.691s] -- Up-to-date: /home/leoo/Desktop/project2_ws/install/project2_pkg/share/project2_pkg//launch/debug.launch.py
[0.692s] -- Up-to-date: /home/leoo/Desktop/project2_ws/install/project2_pkg/share/project2_pkg//launch/spawn_robot_ros2.launch.py
[0.693s] -- Installing: /home/leoo/Desktop/project2_ws/install/project2_pkg/share/project2_pkg//launch/display.launch.py
[0.695s] -- Up-to-date: /home/leoo/Desktop/project2_ws/install/project2_pkg/share/project2_pkg//launch/robot_description_publisher.py
[0.696s] -- Up-to-date: /home/leoo/Desktop/project2_ws/install/project2_pkg/share/project2_pkg//launch/competition.launch.py
[0.697s] -- Up-to-date: /home/leoo/Desktop/project2_ws/install/project2_pkg/share/project2_pkg//worlds
[0.699s] -- Up-to-date: /home/leoo/Desktop/project2_ws/install/project2_pkg/share/project2_pkg//worlds/empty_world.world
[0.699s] -- Up-to-date: /home/leoo/Desktop/project2_ws/install/project2_pkg/share/project2_pkg//config
[0.701s] -- Up-to-date: /home/leoo/Desktop/project2_ws/install/project2_pkg/share/project2_pkg//config/control.yaml
[0.701s] -- Up-to-date: /home/leoo/Desktop/project2_ws/install/project2_pkg/share/project2_pkg//competition
[0.703s] -- Up-to-date: /home/leoo/Desktop/project2_ws/install/project2_pkg/share/project2_pkg//competition/arena
[0.703s] -- Up-to-date: /home/leoo/Desktop/project2_ws/install/project2_pkg/share/project2_pkg//competition/arena/meshes
[0.704s] -- Up-to-date: /home/leoo/Desktop/project2_ws/install/project2_pkg/share/project2_pkg//competition/arena/meshes/check_point.STL
[0.705s] -- Up-to-date: /home/leoo/Desktop/project2_ws/install/project2_pkg/share/project2_pkg//competition/arena/meshes/track.STL
[0.706s] -- Up-to-date: /home/leoo/Desktop/project2_ws/install/project2_pkg/share/project2_pkg//competition/arena/meshes/base_link.STL
[0.706s] -- Up-to-date: /home/leoo/Desktop/project2_ws/install/project2_pkg/share/project2_pkg//competition/arena/model.urdf.xacro
[0.707s] -- Up-to-date: /home/leoo/Desktop/project2_ws/install/project2_pkg/share/project2_pkg//competition/arena/model.config
[0.707s] -- Up-to-date: /home/leoo/Desktop/project2_ws/install/project2_pkg/share/project2_pkg//competition/arena/model.sdf
[0.708s] -- Up-to-date: /home/leoo/Desktop/project2_ws/install/project2_pkg/share/project2_pkg//competition/worlds
[0.709s] -- Up-to-date: /home/leoo/Desktop/project2_ws/install/project2_pkg/share/project2_pkg//competition/worlds/competition.world
[0.709s] -- Up-to-date: /home/leoo/Desktop/project2_ws/install/project2_pkg/include/project2_pkg
[0.710s] -- Up-to-date: /home/leoo/Desktop/project2_ws/install/project2_pkg/lib/project2_pkg/robot_description_publisher.py
[0.711s] -- Up-to-date: /home/leoo/Desktop/project2_ws/install/project2_pkg/share/ament_index/resource_index/package_run_dependencies/project2_pkg
[0.711s] -- Up-to-date: /home/leoo/Desktop/project2_ws/install/project2_pkg/share/ament_index/resource_index/parent_prefix_path/project2_pkg
[0.712s] -- Up-to-date: /home/leoo/Desktop/project2_ws/install/project2_pkg/share/project2_pkg/environment/ament_prefix_path.sh
[0.713s] -- Up-to-date: /home/leoo/Desktop/project2_ws/install/project2_pkg/share/project2_pkg/environment/ament_prefix_path.dsv
[0.714s] -- Up-to-date: /home/leoo/Desktop/project2_ws/install/project2_pkg/share/project2_pkg/environment/path.sh
[0.714s] -- Up-to-date: /home/leoo/Desktop/project2_ws/install/project2_pkg/share/project2_pkg/environment/path.dsv
[0.715s] -- Up-to-date: /home/leoo/Desktop/project2_ws/install/project2_pkg/share/project2_pkg/local_setup.bash
[0.716s] -- Up-to-date: /home/leoo/Desktop/project2_ws/install/project2_pkg/share/project2_pkg/local_setup.sh
[0.716s] -- Up-to-date: /home/leoo/Desktop/project2_ws/install/project2_pkg/share/project2_pkg/local_setup.zsh
[0.717s] -- Up-to-date: /home/leoo/Desktop/project2_ws/install/project2_pkg/share/project2_pkg/local_setup.dsv
[0.718s] -- Installing: /home/leoo/Desktop/project2_ws/install/project2_pkg/share/project2_pkg/package.dsv
[0.720s] -- Up-to-date: /home/leoo/Desktop/project2_ws/install/project2_pkg/share/ament_index/resource_index/packages/project2_pkg
[0.720s] -- Up-to-date: /home/leoo/Desktop/project2_ws/install/project2_pkg/share/project2_pkg/cmake/project2_pkgConfig.cmake
[0.721s] -- Up-to-date: /home/leoo/Desktop/project2_ws/install/project2_pkg/share/project2_pkg/cmake/project2_pkgConfig-version.cmake
[0.722s] -- Up-to-date: /home/leoo/Desktop/project2_ws/install/project2_pkg/share/project2_pkg/package.xml
[0.785s] Invoked command in '/home/leoo/Desktop/project2_ws/build/project2_pkg' returned '0': CMAKE_PREFIX_PATH=/opt/ros/galactic /home/leoo/.local/bin/cmake --install /home/leoo/Desktop/project2_ws/build/project2_pkg
