running egg_info
creating ../../build/robot_arm_control/robot_arm_control.egg-info
writing ../../build/robot_arm_control/robot_arm_control.egg-info/PKG-INFO
writing dependency_links to ../../build/robot_arm_control/robot_arm_control.egg-info/dependency_links.txt
writing entry points to ../../build/robot_arm_control/robot_arm_control.egg-info/entry_points.txt
writing requirements to ../../build/robot_arm_control/robot_arm_control.egg-info/requires.txt
writing top-level names to ../../build/robot_arm_control/robot_arm_control.egg-info/top_level.txt
writing manifest file '../../build/robot_arm_control/robot_arm_control.egg-info/SOURCES.txt'
reading manifest file '../../build/robot_arm_control/robot_arm_control.egg-info/SOURCES.txt'
writing manifest file '../../build/robot_arm_control/robot_arm_control.egg-info/SOURCES.txt'
running build
running build_py
creating /home/leoo/Desktop/project2_ws/build/robot_arm_control/build
creating /home/leoo/Desktop/project2_ws/build/robot_arm_control/build/lib
creating /home/leoo/Desktop/project2_ws/build/robot_arm_control/build/lib/robot_arm_control
copying robot_arm_control/arm_teleop_control.py -> /home/leoo/Desktop/project2_ws/build/robot_arm_control/build/lib/robot_arm_control
copying robot_arm_control/__init__.py -> /home/leoo/Desktop/project2_ws/build/robot_arm_control/build/lib/robot_arm_control
copying robot_arm_control/arm_inv_kine_control.py -> /home/leoo/Desktop/project2_ws/build/robot_arm_control/build/lib/robot_arm_control
copying robot_arm_control/vacuum_gripper.py -> /home/leoo/Desktop/project2_ws/build/robot_arm_control/build/lib/robot_arm_control
running install
running install_lib
creating /home/leoo/Desktop/project2_ws/install/robot_arm_control/lib/python3.8/site-packages/robot_arm_control
copying /home/leoo/Desktop/project2_ws/build/robot_arm_control/build/lib/robot_arm_control/arm_teleop_control.py -> /home/leoo/Desktop/project2_ws/install/robot_arm_control/lib/python3.8/site-packages/robot_arm_control
copying /home/leoo/Desktop/project2_ws/build/robot_arm_control/build/lib/robot_arm_control/__init__.py -> /home/leoo/Desktop/project2_ws/install/robot_arm_control/lib/python3.8/site-packages/robot_arm_control
copying /home/leoo/Desktop/project2_ws/build/robot_arm_control/build/lib/robot_arm_control/arm_inv_kine_control.py -> /home/leoo/Desktop/project2_ws/install/robot_arm_control/lib/python3.8/site-packages/robot_arm_control
copying /home/leoo/Desktop/project2_ws/build/robot_arm_control/build/lib/robot_arm_control/vacuum_gripper.py -> /home/leoo/Desktop/project2_ws/install/robot_arm_control/lib/python3.8/site-packages/robot_arm_control
byte-compiling /home/leoo/Desktop/project2_ws/install/robot_arm_control/lib/python3.8/site-packages/robot_arm_control/arm_teleop_control.py to arm_teleop_control.cpython-38.pyc
byte-compiling /home/leoo/Desktop/project2_ws/install/robot_arm_control/lib/python3.8/site-packages/robot_arm_control/__init__.py to __init__.cpython-38.pyc
byte-compiling /home/leoo/Desktop/project2_ws/install/robot_arm_control/lib/python3.8/site-packages/robot_arm_control/arm_inv_kine_control.py to arm_inv_kine_control.cpython-38.pyc
byte-compiling /home/leoo/Desktop/project2_ws/install/robot_arm_control/lib/python3.8/site-packages/robot_arm_control/vacuum_gripper.py to vacuum_gripper.cpython-38.pyc
running install_data
creating /home/leoo/Desktop/project2_ws/install/robot_arm_control/share/ament_index
creating /home/leoo/Desktop/project2_ws/install/robot_arm_control/share/ament_index/resource_index
creating /home/leoo/Desktop/project2_ws/install/robot_arm_control/share/ament_index/resource_index/packages
copying resource/robot_arm_control -> /home/leoo/Desktop/project2_ws/install/robot_arm_control/share/ament_index/resource_index/packages
copying package.xml -> /home/leoo/Desktop/project2_ws/install/robot_arm_control/share/robot_arm_control
running install_egg_info
Copying ../../build/robot_arm_control/robot_arm_control.egg-info to /home/leoo/Desktop/project2_ws/install/robot_arm_control/lib/python3.8/site-packages/robot_arm_control-0.0.0-py3.8.egg-info
running install_scripts
Installing arm_inv_kine_control script to /home/leoo/Desktop/project2_ws/install/robot_arm_control/lib/robot_arm_control
Installing arm_teleop_control script to /home/leoo/Desktop/project2_ws/install/robot_arm_control/lib/robot_arm_control
Installing vacuum_gripper script to /home/leoo/Desktop/project2_ws/install/robot_arm_control/lib/robot_arm_control
writing list of installed files to '/home/leoo/Desktop/project2_ws/build/robot_arm_control/install.log'
