[0.280s] DEBUG:colcon:Command line arguments: ['/usr/bin/colcon', 'build']
[0.280s] DEBUG:colcon:Parsed command line arguments: Namespace(allow_overriding=[], ament_cmake_args=None, base_paths=['.'], build_base='build', catkin_cmake_args=None, catkin_skip_building_tests=False, cmake_args=None, cmake_clean_cache=False, cmake_clean_first=False, cmake_force_configure=False, cmake_target=None, cmake_target_skip_unavailable=False, continue_on_error=False, event_handlers=None, executor='parallel', ignore_user_meta=False, install_base='install', log_base=None, log_level=None, main=<bound method BuildVerb.main of <colcon_core.verb.build.BuildVerb object at 0x7f0f89cf2e20>>, merge_install=False, metas=['./colcon.meta'], packages_above=None, packages_above_and_dependencies=None, packages_above_depth=None, packages_end=None, packages_ignore=None, packages_ignore_regex=None, packages_select=None, packages_select_build_failed=False, packages_select_by_dep=None, packages_select_regex=None, packages_select_test_failures=False, packages_skip=None, packages_skip_build_finished=False, packages_skip_by_dep=None, packages_skip_regex=None, packages_skip_test_passed=False, packages_skip_up_to=None, packages_start=None, packages_up_to=None, packages_up_to_regex=None, parallel_workers=2, paths=None, symlink_install=False, test_result_base=None, verb_extension=<colcon_core.verb.build.BuildVerb object at 0x7f0f89cf2e20>, verb_name='build', verb_parser=<colcon_defaults.argument_parser.defaults.DefaultArgumentsDecorator object at 0x7f0f89d054f0>)
[0.447s] Level 1:colcon.colcon_core.package_discovery:discover_packages(colcon_meta) check parameters
[0.447s] Level 1:colcon.colcon_core.package_discovery:discover_packages(recursive) check parameters
[0.447s] Level 1:colcon.colcon_core.package_discovery:discover_packages(ignore) check parameters
[0.447s] Level 1:colcon.colcon_core.package_discovery:discover_packages(path) check parameters
[0.447s] Level 1:colcon.colcon_core.package_discovery:discover_packages(colcon_meta) discover
[0.448s] Level 1:colcon.colcon_core.package_discovery:discover_packages(recursive) discover
[0.448s] INFO:colcon.colcon_core.package_discovery:Crawling recursively for packages in '/home/leoo/Desktop/project2_ws'
[0.448s] Level 1:colcon.colcon_core.package_identification:_identify(.) by extensions ['ignore', 'ignore_ament_install']
[0.448s] Level 1:colcon.colcon_core.package_identification:_identify(.) by extension 'ignore'
[0.448s] Level 1:colcon.colcon_core.package_identification:_identify(.) by extension 'ignore_ament_install'
[0.448s] Level 1:colcon.colcon_core.package_identification:_identify(.) by extensions ['colcon_pkg']
[0.448s] Level 1:colcon.colcon_core.package_identification:_identify(.) by extension 'colcon_pkg'
[0.448s] Level 1:colcon.colcon_core.package_identification:_identify(.) by extensions ['colcon_meta']
[0.448s] Level 1:colcon.colcon_core.package_identification:_identify(.) by extension 'colcon_meta'
[0.448s] Level 1:colcon.colcon_core.package_identification:_identify(.) by extensions ['ros']
[0.448s] Level 1:colcon.colcon_core.package_identification:_identify(.) by extension 'ros'
[0.463s] Level 1:colcon.colcon_core.package_identification:_identify(.) by extensions ['cmake', 'python']
[0.463s] Level 1:colcon.colcon_core.package_identification:_identify(.) by extension 'cmake'
[0.463s] Level 1:colcon.colcon_core.package_identification:_identify(.) by extension 'python'
[0.463s] Level 1:colcon.colcon_core.package_identification:_identify(.) by extensions ['python_setup_py']
[0.463s] Level 1:colcon.colcon_core.package_identification:_identify(.) by extension 'python_setup_py'
[0.463s] Level 1:colcon.colcon_core.package_identification:_identify(build) by extensions ['ignore', 'ignore_ament_install']
[0.463s] Level 1:colcon.colcon_core.package_identification:_identify(build) by extension 'ignore'
[0.463s] Level 1:colcon.colcon_core.package_identification:_identify(build) ignored
[0.463s] Level 1:colcon.colcon_core.package_identification:_identify(install) by extensions ['ignore', 'ignore_ament_install']
[0.464s] Level 1:colcon.colcon_core.package_identification:_identify(install) by extension 'ignore'
[0.464s] Level 1:colcon.colcon_core.package_identification:_identify(install) ignored
[0.464s] Level 1:colcon.colcon_core.package_identification:_identify(log) by extensions ['ignore', 'ignore_ament_install']
[0.464s] Level 1:colcon.colcon_core.package_identification:_identify(log) by extension 'ignore'
[0.464s] Level 1:colcon.colcon_core.package_identification:_identify(log) ignored
[0.464s] Level 1:colcon.colcon_core.package_identification:_identify(src) by extensions ['ignore', 'ignore_ament_install']
[0.464s] Level 1:colcon.colcon_core.package_identification:_identify(src) by extension 'ignore'
[0.464s] Level 1:colcon.colcon_core.package_identification:_identify(src) by extension 'ignore_ament_install'
[0.464s] Level 1:colcon.colcon_core.package_identification:_identify(src) by extensions ['colcon_pkg']
[0.464s] Level 1:colcon.colcon_core.package_identification:_identify(src) by extension 'colcon_pkg'
[0.464s] Level 1:colcon.colcon_core.package_identification:_identify(src) by extensions ['colcon_meta']
[0.464s] Level 1:colcon.colcon_core.package_identification:_identify(src) by extension 'colcon_meta'
[0.464s] Level 1:colcon.colcon_core.package_identification:_identify(src) by extensions ['ros']
[0.464s] Level 1:colcon.colcon_core.package_identification:_identify(src) by extension 'ros'
[0.466s] Level 1:colcon.colcon_core.package_identification:_identify(src) by extensions ['cmake', 'python']
[0.466s] Level 1:colcon.colcon_core.package_identification:_identify(src) by extension 'cmake'
[0.466s] Level 1:colcon.colcon_core.package_identification:_identify(src) by extension 'python'
[0.466s] Level 1:colcon.colcon_core.package_identification:_identify(src) by extensions ['python_setup_py']
[0.466s] Level 1:colcon.colcon_core.package_identification:_identify(src) by extension 'python_setup_py'
[0.466s] Level 1:colcon.colcon_core.package_identification:_identify(src/odometry) by extensions ['ignore', 'ignore_ament_install']
[0.466s] Level 1:colcon.colcon_core.package_identification:_identify(src/odometry) by extension 'ignore'
[0.466s] Level 1:colcon.colcon_core.package_identification:_identify(src/odometry) by extension 'ignore_ament_install'
[0.466s] Level 1:colcon.colcon_core.package_identification:_identify(src/odometry) by extensions ['colcon_pkg']
[0.466s] Level 1:colcon.colcon_core.package_identification:_identify(src/odometry) by extension 'colcon_pkg'
[0.466s] Level 1:colcon.colcon_core.package_identification:_identify(src/odometry) by extensions ['colcon_meta']
[0.466s] Level 1:colcon.colcon_core.package_identification:_identify(src/odometry) by extension 'colcon_meta'
[0.466s] Level 1:colcon.colcon_core.package_identification:_identify(src/odometry) by extensions ['ros']
[0.466s] Level 1:colcon.colcon_core.package_identification:_identify(src/odometry) by extension 'ros'
[0.469s] DEBUG:colcon.colcon_core.package_identification:Package 'src/odometry' with type 'ros.ament_cmake' and name 'odometry'
[0.469s] Level 1:colcon.colcon_core.package_identification:_identify(src/project2_control) by extensions ['ignore', 'ignore_ament_install']
[0.469s] Level 1:colcon.colcon_core.package_identification:_identify(src/project2_control) by extension 'ignore'
[0.469s] Level 1:colcon.colcon_core.package_identification:_identify(src/project2_control) by extension 'ignore_ament_install'
[0.470s] Level 1:colcon.colcon_core.package_identification:_identify(src/project2_control) by extensions ['colcon_pkg']
[0.470s] Level 1:colcon.colcon_core.package_identification:_identify(src/project2_control) by extension 'colcon_pkg'
[0.470s] Level 1:colcon.colcon_core.package_identification:_identify(src/project2_control) by extensions ['colcon_meta']
[0.470s] Level 1:colcon.colcon_core.package_identification:_identify(src/project2_control) by extension 'colcon_meta'
[0.470s] Level 1:colcon.colcon_core.package_identification:_identify(src/project2_control) by extensions ['ros']
[0.470s] Level 1:colcon.colcon_core.package_identification:_identify(src/project2_control) by extension 'ros'
[0.471s] DEBUG:colcon.colcon_core.package_identification:Package 'src/project2_control' with type 'ros.ament_python' and name 'project2_control'
[0.471s] Level 1:colcon.colcon_core.package_identification:_identify(src/project2_pkg) by extensions ['ignore', 'ignore_ament_install']
[0.471s] Level 1:colcon.colcon_core.package_identification:_identify(src/project2_pkg) by extension 'ignore'
[0.471s] Level 1:colcon.colcon_core.package_identification:_identify(src/project2_pkg) by extension 'ignore_ament_install'
[0.471s] Level 1:colcon.colcon_core.package_identification:_identify(src/project2_pkg) by extensions ['colcon_pkg']
[0.471s] Level 1:colcon.colcon_core.package_identification:_identify(src/project2_pkg) by extension 'colcon_pkg'
[0.471s] Level 1:colcon.colcon_core.package_identification:_identify(src/project2_pkg) by extensions ['colcon_meta']
[0.471s] Level 1:colcon.colcon_core.package_identification:_identify(src/project2_pkg) by extension 'colcon_meta'
[0.471s] Level 1:colcon.colcon_core.package_identification:_identify(src/project2_pkg) by extensions ['ros']
[0.471s] Level 1:colcon.colcon_core.package_identification:_identify(src/project2_pkg) by extension 'ros'
[0.472s] DEBUG:colcon.colcon_core.package_identification:Package 'src/project2_pkg' with type 'ros.ament_cmake' and name 'project2_pkg'
[0.472s] Level 1:colcon.colcon_core.package_identification:_identify(src/robot_arm_control) by extensions ['ignore', 'ignore_ament_install']
[0.472s] Level 1:colcon.colcon_core.package_identification:_identify(src/robot_arm_control) by extension 'ignore'
[0.472s] Level 1:colcon.colcon_core.package_identification:_identify(src/robot_arm_control) by extension 'ignore_ament_install'
[0.472s] Level 1:colcon.colcon_core.package_identification:_identify(src/robot_arm_control) by extensions ['colcon_pkg']
[0.472s] Level 1:colcon.colcon_core.package_identification:_identify(src/robot_arm_control) by extension 'colcon_pkg'
[0.472s] Level 1:colcon.colcon_core.package_identification:_identify(src/robot_arm_control) by extensions ['colcon_meta']
[0.472s] Level 1:colcon.colcon_core.package_identification:_identify(src/robot_arm_control) by extension 'colcon_meta'
[0.472s] Level 1:colcon.colcon_core.package_identification:_identify(src/robot_arm_control) by extensions ['ros']
[0.472s] Level 1:colcon.colcon_core.package_identification:_identify(src/robot_arm_control) by extension 'ros'
[0.473s] DEBUG:colcon.colcon_core.package_identification:Package 'src/robot_arm_control' with type 'ros.ament_python' and name 'robot_arm_control'
[0.473s] Level 1:colcon.colcon_core.package_discovery:discover_packages(recursive) using defaults
[0.473s] Level 1:colcon.colcon_core.package_discovery:discover_packages(ignore) discover
[0.473s] Level 1:colcon.colcon_core.package_discovery:discover_packages(ignore) using defaults
[0.473s] Level 1:colcon.colcon_core.package_discovery:discover_packages(path) discover
[0.473s] Level 1:colcon.colcon_core.package_discovery:discover_packages(path) using defaults
[0.493s] Level 1:colcon.colcon_core.package_discovery:discover_packages(prefix_path) check parameters
[0.494s] Level 1:colcon.colcon_core.package_discovery:discover_packages(prefix_path) discover
[0.495s] WARNING:colcon.colcon_ros.prefix_path.ament:The path '/home/leoo/Desktop/project2_ws/install/robot_arm_control' in the environment variable AMENT_PREFIX_PATH doesn't exist
[0.496s] WARNING:colcon.colcon_ros.prefix_path.ament:The path '/home/leoo/Desktop/project2_ws/install/project2_pkg' in the environment variable AMENT_PREFIX_PATH doesn't exist
[0.496s] WARNING:colcon.colcon_ros.prefix_path.ament:The path '/home/leoo/Desktop/project2_ws/install/project2_control' in the environment variable AMENT_PREFIX_PATH doesn't exist
[0.496s] WARNING:colcon.colcon_ros.prefix_path.ament:The path '/home/leoo/Desktop/project2_ws/install/odometry' in the environment variable AMENT_PREFIX_PATH doesn't exist
[0.496s] WARNING:colcon.colcon_ros.prefix_path.catkin:The path '/home/leoo/Desktop/project2_ws/install/project2_pkg' in the environment variable CMAKE_PREFIX_PATH doesn't exist
[0.496s] WARNING:colcon.colcon_ros.prefix_path.catkin:The path '/home/leoo/Desktop/project2_ws/install/odometry' in the environment variable CMAKE_PREFIX_PATH doesn't exist
[0.497s] DEBUG:colcon.colcon_installed_package_information.package_discovery:Found 0 installed packages in /home/leoo/Desktop/project2_ws/install
[0.499s] DEBUG:colcon.colcon_installed_package_information.package_discovery:Found 353 installed packages in /opt/ros/galactic
[0.501s] Level 1:colcon.colcon_core.package_discovery:discover_packages(prefix_path) using defaults
[0.644s] Level 5:colcon.colcon_core.verb:set package 'odometry' build argument 'cmake_args' from command line to 'None'
[0.644s] Level 5:colcon.colcon_core.verb:set package 'odometry' build argument 'cmake_target' from command line to 'None'
[0.644s] Level 5:colcon.colcon_core.verb:set package 'odometry' build argument 'cmake_target_skip_unavailable' from command line to 'False'
[0.644s] Level 5:colcon.colcon_core.verb:set package 'odometry' build argument 'cmake_clean_cache' from command line to 'False'
[0.644s] Level 5:colcon.colcon_core.verb:set package 'odometry' build argument 'cmake_clean_first' from command line to 'False'
[0.644s] Level 5:colcon.colcon_core.verb:set package 'odometry' build argument 'cmake_force_configure' from command line to 'False'
[0.644s] Level 5:colcon.colcon_core.verb:set package 'odometry' build argument 'ament_cmake_args' from command line to 'None'
[0.644s] Level 5:colcon.colcon_core.verb:set package 'odometry' build argument 'catkin_cmake_args' from command line to 'None'
[0.644s] Level 5:colcon.colcon_core.verb:set package 'odometry' build argument 'catkin_skip_building_tests' from command line to 'False'
[0.644s] DEBUG:colcon.colcon_core.verb:Building package 'odometry' with the following arguments: {'ament_cmake_args': None, 'build_base': '/home/leoo/Desktop/project2_ws/build/odometry', 'catkin_cmake_args': None, 'catkin_skip_building_tests': False, 'cmake_args': None, 'cmake_clean_cache': False, 'cmake_clean_first': False, 'cmake_force_configure': False, 'cmake_target': None, 'cmake_target_skip_unavailable': False, 'install_base': '/home/leoo/Desktop/project2_ws/install/odometry', 'merge_install': False, 'path': '/home/leoo/Desktop/project2_ws/src/odometry', 'symlink_install': False, 'test_result_base': None}
[0.644s] Level 5:colcon.colcon_core.verb:set package 'project2_control' build argument 'cmake_args' from command line to 'None'
[0.644s] Level 5:colcon.colcon_core.verb:set package 'project2_control' build argument 'cmake_target' from command line to 'None'
[0.644s] Level 5:colcon.colcon_core.verb:set package 'project2_control' build argument 'cmake_target_skip_unavailable' from command line to 'False'
[0.644s] Level 5:colcon.colcon_core.verb:set package 'project2_control' build argument 'cmake_clean_cache' from command line to 'False'
[0.644s] Level 5:colcon.colcon_core.verb:set package 'project2_control' build argument 'cmake_clean_first' from command line to 'False'
[0.644s] Level 5:colcon.colcon_core.verb:set package 'project2_control' build argument 'cmake_force_configure' from command line to 'False'
[0.644s] Level 5:colcon.colcon_core.verb:set package 'project2_control' build argument 'ament_cmake_args' from command line to 'None'
[0.645s] Level 5:colcon.colcon_core.verb:set package 'project2_control' build argument 'catkin_cmake_args' from command line to 'None'
[0.645s] Level 5:colcon.colcon_core.verb:set package 'project2_control' build argument 'catkin_skip_building_tests' from command line to 'False'
[0.645s] DEBUG:colcon.colcon_core.verb:Building package 'project2_control' with the following arguments: {'ament_cmake_args': None, 'build_base': '/home/leoo/Desktop/project2_ws/build/project2_control', 'catkin_cmake_args': None, 'catkin_skip_building_tests': False, 'cmake_args': None, 'cmake_clean_cache': False, 'cmake_clean_first': False, 'cmake_force_configure': False, 'cmake_target': None, 'cmake_target_skip_unavailable': False, 'install_base': '/home/leoo/Desktop/project2_ws/install/project2_control', 'merge_install': False, 'path': '/home/leoo/Desktop/project2_ws/src/project2_control', 'symlink_install': False, 'test_result_base': None}
[0.645s] Level 5:colcon.colcon_core.verb:set package 'project2_pkg' build argument 'cmake_args' from command line to 'None'
[0.645s] Level 5:colcon.colcon_core.verb:set package 'project2_pkg' build argument 'cmake_target' from command line to 'None'
[0.645s] Level 5:colcon.colcon_core.verb:set package 'project2_pkg' build argument 'cmake_target_skip_unavailable' from command line to 'False'
[0.645s] Level 5:colcon.colcon_core.verb:set package 'project2_pkg' build argument 'cmake_clean_cache' from command line to 'False'
[0.645s] Level 5:colcon.colcon_core.verb:set package 'project2_pkg' build argument 'cmake_clean_first' from command line to 'False'
[0.645s] Level 5:colcon.colcon_core.verb:set package 'project2_pkg' build argument 'cmake_force_configure' from command line to 'False'
[0.645s] Level 5:colcon.colcon_core.verb:set package 'project2_pkg' build argument 'ament_cmake_args' from command line to 'None'
[0.645s] Level 5:colcon.colcon_core.verb:set package 'project2_pkg' build argument 'catkin_cmake_args' from command line to 'None'
[0.645s] Level 5:colcon.colcon_core.verb:set package 'project2_pkg' build argument 'catkin_skip_building_tests' from command line to 'False'
[0.645s] DEBUG:colcon.colcon_core.verb:Building package 'project2_pkg' with the following arguments: {'ament_cmake_args': None, 'build_base': '/home/leoo/Desktop/project2_ws/build/project2_pkg', 'catkin_cmake_args': None, 'catkin_skip_building_tests': False, 'cmake_args': None, 'cmake_clean_cache': False, 'cmake_clean_first': False, 'cmake_force_configure': False, 'cmake_target': None, 'cmake_target_skip_unavailable': False, 'install_base': '/home/leoo/Desktop/project2_ws/install/project2_pkg', 'merge_install': False, 'path': '/home/leoo/Desktop/project2_ws/src/project2_pkg', 'symlink_install': False, 'test_result_base': None}
[0.645s] Level 5:colcon.colcon_core.verb:set package 'robot_arm_control' build argument 'cmake_args' from command line to 'None'
[0.645s] Level 5:colcon.colcon_core.verb:set package 'robot_arm_control' build argument 'cmake_target' from command line to 'None'
[0.645s] Level 5:colcon.colcon_core.verb:set package 'robot_arm_control' build argument 'cmake_target_skip_unavailable' from command line to 'False'
[0.645s] Level 5:colcon.colcon_core.verb:set package 'robot_arm_control' build argument 'cmake_clean_cache' from command line to 'False'
[0.645s] Level 5:colcon.colcon_core.verb:set package 'robot_arm_control' build argument 'cmake_clean_first' from command line to 'False'
[0.645s] Level 5:colcon.colcon_core.verb:set package 'robot_arm_control' build argument 'cmake_force_configure' from command line to 'False'
[0.645s] Level 5:colcon.colcon_core.verb:set package 'robot_arm_control' build argument 'ament_cmake_args' from command line to 'None'
[0.645s] Level 5:colcon.colcon_core.verb:set package 'robot_arm_control' build argument 'catkin_cmake_args' from command line to 'None'
[0.645s] Level 5:colcon.colcon_core.verb:set package 'robot_arm_control' build argument 'catkin_skip_building_tests' from command line to 'False'
[0.645s] DEBUG:colcon.colcon_core.verb:Building package 'robot_arm_control' with the following arguments: {'ament_cmake_args': None, 'build_base': '/home/leoo/Desktop/project2_ws/build/robot_arm_control', 'catkin_cmake_args': None, 'catkin_skip_building_tests': False, 'cmake_args': None, 'cmake_clean_cache': False, 'cmake_clean_first': False, 'cmake_force_configure': False, 'cmake_target': None, 'cmake_target_skip_unavailable': False, 'install_base': '/home/leoo/Desktop/project2_ws/install/robot_arm_control', 'merge_install': False, 'path': '/home/leoo/Desktop/project2_ws/src/robot_arm_control', 'symlink_install': False, 'test_result_base': None}
[0.646s] INFO:colcon.colcon_core.executor:Executing jobs using 'parallel' executor
[0.647s] DEBUG:colcon.colcon_parallel_executor.executor.parallel:run_until_complete
[0.647s] INFO:colcon.colcon_ros.task.ament_cmake.build:Building ROS package in '/home/leoo/Desktop/project2_ws/src/odometry' with build type 'ament_cmake'
[0.647s] INFO:colcon.colcon_cmake.task.cmake.build:Building CMake package in '/home/leoo/Desktop/project2_ws/src/odometry'
[0.650s] INFO:colcon.colcon_core.plugin_system:Skipping extension 'colcon_core.shell.bat': Not used on non-Windows systems
[0.651s] INFO:colcon.colcon_core.shell:Skip shell extension 'powershell' for command environment: Not usable outside of PowerShell
[0.651s] DEBUG:colcon.colcon_core.shell:Skip shell extension 'dsv' for command environment
[0.655s] INFO:colcon.colcon_ros.task.ament_python.build:Building ROS package in '/home/leoo/Desktop/project2_ws/src/project2_control' with build type 'ament_python'
[0.656s] Level 1:colcon.colcon_core.shell:create_environment_hook('project2_control', 'ament_prefix_path')
[0.656s] INFO:colcon.colcon_core.shell:Creating environment hook '/home/leoo/Desktop/project2_ws/install/project2_control/share/project2_control/hook/ament_prefix_path.ps1'
[0.657s] INFO:colcon.colcon_core.shell:Creating environment descriptor '/home/leoo/Desktop/project2_ws/install/project2_control/share/project2_control/hook/ament_prefix_path.dsv'
[0.658s] INFO:colcon.colcon_core.shell:Creating environment hook '/home/leoo/Desktop/project2_ws/install/project2_control/share/project2_control/hook/ament_prefix_path.sh'
[0.661s] INFO:colcon.colcon_core.shell:Skip shell extension 'powershell' for command environment: Not usable outside of PowerShell
[0.661s] DEBUG:colcon.colcon_core.shell:Skip shell extension 'dsv' for command environment
[0.674s] DEBUG:colcon.colcon_core.event_handler.log_command:Invoking command in '/home/leoo/Desktop/project2_ws/build/odometry': CMAKE_PREFIX_PATH=${CMAKE_PREFIX_PATH}:/home/leoo/Desktop/project2_ws/install/robot_arm_control:/home/leoo/Desktop/project2_ws/install/project2_control:/opt/ros/galactic /home/leoo/.local/bin/cmake /home/leoo/Desktop/project2_ws/src/odometry -DCMAKE_INSTALL_PREFIX=/home/leoo/Desktop/project2_ws/install/odometry
[0.977s] INFO:colcon.colcon_core.task.python.build:Building Python package in '/home/leoo/Desktop/project2_ws/src/project2_control'
[0.978s] INFO:colcon.colcon_core.shell:Skip shell extension 'powershell' for command environment: Not usable outside of PowerShell
[0.978s] DEBUG:colcon.colcon_core.shell:Skip shell extension 'dsv' for command environment
[1.625s] DEBUG:colcon.colcon_core.event_handler.log_command:Invoking command in '/home/leoo/Desktop/project2_ws/src/project2_control': PYTHONPATH=/home/leoo/Desktop/project2_ws/build/project2_control/prefix_override:/usr/lib/python3/dist-packages/colcon_core/task/python/colcon_distutils_commands:/home/leoo/Desktop/project2_ws/install/project2_control/lib/python3.8/site-packages:${PYTHONPATH} /usr/bin/python3 -W ignore:setup.py install is deprecated setup.py egg_info --egg-base ../../build/project2_control build --build-base /home/leoo/Desktop/project2_ws/build/project2_control/build install --record /home/leoo/Desktop/project2_ws/build/project2_control/install.log --single-version-externally-managed install_data
[1.950s] DEBUG:colcon.colcon_core.event_handler.log_command:Invoked command in '/home/leoo/Desktop/project2_ws/src/project2_control' returned '0': PYTHONPATH=/home/leoo/Desktop/project2_ws/build/project2_control/prefix_override:/usr/lib/python3/dist-packages/colcon_core/task/python/colcon_distutils_commands:/home/leoo/Desktop/project2_ws/install/project2_control/lib/python3.8/site-packages:${PYTHONPATH} /usr/bin/python3 -W ignore:setup.py install is deprecated setup.py egg_info --egg-base ../../build/project2_control build --build-base /home/leoo/Desktop/project2_ws/build/project2_control/build install --record /home/leoo/Desktop/project2_ws/build/project2_control/install.log --single-version-externally-managed install_data
[1.954s] Level 1:colcon.colcon_core.environment:checking '/home/leoo/Desktop/project2_ws/install/project2_control' for CMake module files
[1.954s] Level 1:colcon.colcon_core.environment:checking '/home/leoo/Desktop/project2_ws/install/project2_control' for CMake config files
[1.955s] Level 1:colcon.colcon_core.environment:checking '/home/leoo/Desktop/project2_ws/install/project2_control/lib'
[1.955s] Level 1:colcon.colcon_core.environment:checking '/home/leoo/Desktop/project2_ws/install/project2_control/bin'
[1.955s] Level 1:colcon.colcon_core.environment:checking '/home/leoo/Desktop/project2_ws/install/project2_control/lib/pkgconfig/project2_control.pc'
[1.955s] Level 1:colcon.colcon_core.environment:checking '/home/leoo/Desktop/project2_ws/install/project2_control/lib/python3.8/site-packages'
[1.955s] Level 1:colcon.colcon_core.shell:create_environment_hook('project2_control', 'pythonpath')
[1.956s] INFO:colcon.colcon_core.shell:Creating environment hook '/home/leoo/Desktop/project2_ws/install/project2_control/share/project2_control/hook/pythonpath.ps1'
[1.956s] INFO:colcon.colcon_core.shell:Creating environment descriptor '/home/leoo/Desktop/project2_ws/install/project2_control/share/project2_control/hook/pythonpath.dsv'
[1.956s] INFO:colcon.colcon_core.shell:Creating environment hook '/home/leoo/Desktop/project2_ws/install/project2_control/share/project2_control/hook/pythonpath.sh'
[1.957s] Level 1:colcon.colcon_core.environment:checking '/home/leoo/Desktop/project2_ws/install/project2_control/bin'
[1.957s] Level 1:colcon.colcon_core.environment:create_environment_scripts_only(project2_control)
[1.957s] INFO:colcon.colcon_core.shell:Creating package script '/home/leoo/Desktop/project2_ws/install/project2_control/share/project2_control/package.ps1'
[1.958s] INFO:colcon.colcon_core.shell:Creating package descriptor '/home/leoo/Desktop/project2_ws/install/project2_control/share/project2_control/package.dsv'
[1.959s] INFO:colcon.colcon_core.shell:Creating package script '/home/leoo/Desktop/project2_ws/install/project2_control/share/project2_control/package.sh'
[1.960s] INFO:colcon.colcon_core.shell:Creating package script '/home/leoo/Desktop/project2_ws/install/project2_control/share/project2_control/package.bash'
[1.961s] INFO:colcon.colcon_core.shell:Creating package script '/home/leoo/Desktop/project2_ws/install/project2_control/share/project2_control/package.zsh'
[1.961s] Level 1:colcon.colcon_core.environment:create_file_with_runtime_dependencies(/home/leoo/Desktop/project2_ws/install/project2_control/share/colcon-core/packages/project2_control)
[1.963s] INFO:colcon.colcon_ros.task.ament_cmake.build:Building ROS package in '/home/leoo/Desktop/project2_ws/src/project2_pkg' with build type 'ament_cmake'
[1.963s] INFO:colcon.colcon_cmake.task.cmake.build:Building CMake package in '/home/leoo/Desktop/project2_ws/src/project2_pkg'
[1.963s] INFO:colcon.colcon_core.shell:Skip shell extension 'powershell' for command environment: Not usable outside of PowerShell
[1.963s] DEBUG:colcon.colcon_core.shell:Skip shell extension 'dsv' for command environment
[1.978s] DEBUG:colcon.colcon_core.event_handler.log_command:Invoking command in '/home/leoo/Desktop/project2_ws/build/project2_pkg': CMAKE_PREFIX_PATH=${CMAKE_PREFIX_PATH}:/home/leoo/Desktop/project2_ws/install/robot_arm_control:/home/leoo/Desktop/project2_ws/install/project2_control:/opt/ros/galactic /home/leoo/.local/bin/cmake /home/leoo/Desktop/project2_ws/src/project2_pkg -DCMAKE_INSTALL_PREFIX=/home/leoo/Desktop/project2_ws/install/project2_pkg
[4.342s] DEBUG:colcon.colcon_core.event_handler.log_command:Invoked command in '/home/leoo/Desktop/project2_ws/build/project2_pkg' returned '0': CMAKE_PREFIX_PATH=${CMAKE_PREFIX_PATH}:/home/leoo/Desktop/project2_ws/install/robot_arm_control:/home/leoo/Desktop/project2_ws/install/project2_control:/opt/ros/galactic /home/leoo/.local/bin/cmake /home/leoo/Desktop/project2_ws/src/project2_pkg -DCMAKE_INSTALL_PREFIX=/home/leoo/Desktop/project2_ws/install/project2_pkg
[4.343s] DEBUG:colcon.colcon_core.event_handler.log_command:Invoking command in '/home/leoo/Desktop/project2_ws/build/project2_pkg': CMAKE_PREFIX_PATH=${CMAKE_PREFIX_PATH}:/home/leoo/Desktop/project2_ws/install/robot_arm_control:/home/leoo/Desktop/project2_ws/install/project2_control:/opt/ros/galactic /home/leoo/.local/bin/cmake --build /home/leoo/Desktop/project2_ws/build/project2_pkg -- -j2 -l2
[4.468s] DEBUG:colcon.colcon_core.event_handler.log_command:Invoked command in '/home/leoo/Desktop/project2_ws/build/project2_pkg' returned '0': CMAKE_PREFIX_PATH=${CMAKE_PREFIX_PATH}:/home/leoo/Desktop/project2_ws/install/robot_arm_control:/home/leoo/Desktop/project2_ws/install/project2_control:/opt/ros/galactic /home/leoo/.local/bin/cmake --build /home/leoo/Desktop/project2_ws/build/project2_pkg -- -j2 -l2
[4.644s] DEBUG:colcon.colcon_core.event_handler.log_command:Invoking command in '/home/leoo/Desktop/project2_ws/build/project2_pkg': CMAKE_PREFIX_PATH=${CMAKE_PREFIX_PATH}:/home/leoo/Desktop/project2_ws/install/robot_arm_control:/home/leoo/Desktop/project2_ws/install/project2_control:/opt/ros/galactic /home/leoo/.local/bin/cmake --install /home/leoo/Desktop/project2_ws/build/project2_pkg
[4.747s] Level 1:colcon.colcon_core.environment:create_environment_scripts_only(project2_pkg)
[4.747s] Level 1:colcon.colcon_core.environment:checking '/home/leoo/Desktop/project2_ws/install/project2_pkg' for CMake module files
[4.747s] Level 1:colcon.colcon_core.environment:checking '/home/leoo/Desktop/project2_ws/install/project2_pkg' for CMake config files
[4.748s] Level 1:colcon.colcon_core.shell:create_environment_hook('project2_pkg', 'cmake_prefix_path')
[4.748s] INFO:colcon.colcon_core.shell:Creating environment hook '/home/leoo/Desktop/project2_ws/install/project2_pkg/share/project2_pkg/hook/cmake_prefix_path.ps1'
[4.748s] INFO:colcon.colcon_core.shell:Creating environment descriptor '/home/leoo/Desktop/project2_ws/install/project2_pkg/share/project2_pkg/hook/cmake_prefix_path.dsv'
[4.748s] INFO:colcon.colcon_core.shell:Creating environment hook '/home/leoo/Desktop/project2_ws/install/project2_pkg/share/project2_pkg/hook/cmake_prefix_path.sh'
[4.749s] Level 1:colcon.colcon_core.environment:checking '/home/leoo/Desktop/project2_ws/install/project2_pkg/lib'
[4.749s] Level 1:colcon.colcon_core.environment:checking '/home/leoo/Desktop/project2_ws/install/project2_pkg/bin'
[4.749s] Level 1:colcon.colcon_core.environment:checking '/home/leoo/Desktop/project2_ws/install/project2_pkg/lib/pkgconfig/project2_pkg.pc'
[4.749s] Level 1:colcon.colcon_core.environment:checking '/home/leoo/Desktop/project2_ws/install/project2_pkg/lib/python3.8/site-packages'
[4.749s] Level 1:colcon.colcon_core.environment:checking '/home/leoo/Desktop/project2_ws/install/project2_pkg/bin'
[4.757s] INFO:colcon.colcon_core.shell:Creating package script '/home/leoo/Desktop/project2_ws/install/project2_pkg/share/project2_pkg/package.ps1'
[4.757s] DEBUG:colcon.colcon_core.event_handler.log_command:Invoked command in '/home/leoo/Desktop/project2_ws/build/project2_pkg' returned '0': CMAKE_PREFIX_PATH=${CMAKE_PREFIX_PATH}:/home/leoo/Desktop/project2_ws/install/robot_arm_control:/home/leoo/Desktop/project2_ws/install/project2_control:/opt/ros/galactic /home/leoo/.local/bin/cmake --install /home/leoo/Desktop/project2_ws/build/project2_pkg
[4.758s] INFO:colcon.colcon_core.shell:Creating package descriptor '/home/leoo/Desktop/project2_ws/install/project2_pkg/share/project2_pkg/package.dsv'
[4.758s] INFO:colcon.colcon_core.shell:Creating package script '/home/leoo/Desktop/project2_ws/install/project2_pkg/share/project2_pkg/package.sh'
[4.759s] INFO:colcon.colcon_core.shell:Creating package script '/home/leoo/Desktop/project2_ws/install/project2_pkg/share/project2_pkg/package.bash'
[4.759s] INFO:colcon.colcon_core.shell:Creating package script '/home/leoo/Desktop/project2_ws/install/project2_pkg/share/project2_pkg/package.zsh'
[4.760s] Level 1:colcon.colcon_core.environment:create_file_with_runtime_dependencies(/home/leoo/Desktop/project2_ws/install/project2_pkg/share/colcon-core/packages/project2_pkg)
[5.658s] Level 1:colcon.colcon_core.environment:create_environment_scripts_only(project2_pkg)
[5.658s] Level 1:colcon.colcon_core.environment:checking '/home/leoo/Desktop/project2_ws/install/project2_pkg' for CMake module files
[5.659s] Level 1:colcon.colcon_core.environment:checking '/home/leoo/Desktop/project2_ws/install/project2_pkg' for CMake config files
[5.659s] Level 1:colcon.colcon_core.shell:create_environment_hook('project2_pkg', 'cmake_prefix_path')
[5.659s] INFO:colcon.colcon_core.shell:Creating environment hook '/home/leoo/Desktop/project2_ws/install/project2_pkg/share/project2_pkg/hook/cmake_prefix_path.ps1'
[5.660s] INFO:colcon.colcon_core.shell:Creating environment descriptor '/home/leoo/Desktop/project2_ws/install/project2_pkg/share/project2_pkg/hook/cmake_prefix_path.dsv'
[5.671s] INFO:colcon.colcon_core.shell:Creating environment hook '/home/leoo/Desktop/project2_ws/install/project2_pkg/share/project2_pkg/hook/cmake_prefix_path.sh'
[5.672s] Level 1:colcon.colcon_core.environment:checking '/home/leoo/Desktop/project2_ws/install/project2_pkg/lib'
[5.672s] Level 1:colcon.colcon_core.environment:checking '/home/leoo/Desktop/project2_ws/install/project2_pkg/bin'
[5.672s] Level 1:colcon.colcon_core.environment:checking '/home/leoo/Desktop/project2_ws/install/project2_pkg/lib/pkgconfig/project2_pkg.pc'
[5.673s] Level 1:colcon.colcon_core.environment:checking '/home/leoo/Desktop/project2_ws/install/project2_pkg/lib/python3.8/site-packages'
[5.673s] Level 1:colcon.colcon_core.environment:checking '/home/leoo/Desktop/project2_ws/install/project2_pkg/bin'
[5.673s] INFO:colcon.colcon_core.shell:Creating package script '/home/leoo/Desktop/project2_ws/install/project2_pkg/share/project2_pkg/package.ps1'
[5.690s] INFO:colcon.colcon_core.shell:Creating package descriptor '/home/leoo/Desktop/project2_ws/install/project2_pkg/share/project2_pkg/package.dsv'
[5.691s] INFO:colcon.colcon_core.shell:Creating package script '/home/leoo/Desktop/project2_ws/install/project2_pkg/share/project2_pkg/package.sh'
[5.692s] INFO:colcon.colcon_core.shell:Creating package script '/home/leoo/Desktop/project2_ws/install/project2_pkg/share/project2_pkg/package.bash'
[5.693s] INFO:colcon.colcon_core.shell:Creating package script '/home/leoo/Desktop/project2_ws/install/project2_pkg/share/project2_pkg/package.zsh'
[5.694s] Level 1:colcon.colcon_core.environment:create_file_with_runtime_dependencies(/home/leoo/Desktop/project2_ws/install/project2_pkg/share/colcon-core/packages/project2_pkg)
[5.695s] INFO:colcon.colcon_ros.task.ament_python.build:Building ROS package in '/home/leoo/Desktop/project2_ws/src/robot_arm_control' with build type 'ament_python'
[5.695s] Level 1:colcon.colcon_core.shell:create_environment_hook('robot_arm_control', 'ament_prefix_path')
[5.696s] INFO:colcon.colcon_core.shell:Creating environment hook '/home/leoo/Desktop/project2_ws/install/robot_arm_control/share/robot_arm_control/hook/ament_prefix_path.ps1'
[5.696s] INFO:colcon.colcon_core.shell:Creating environment descriptor '/home/leoo/Desktop/project2_ws/install/robot_arm_control/share/robot_arm_control/hook/ament_prefix_path.dsv'
[5.696s] INFO:colcon.colcon_core.shell:Creating environment hook '/home/leoo/Desktop/project2_ws/install/robot_arm_control/share/robot_arm_control/hook/ament_prefix_path.sh'
[5.697s] INFO:colcon.colcon_core.shell:Skip shell extension 'powershell' for command environment: Not usable outside of PowerShell
[5.697s] DEBUG:colcon.colcon_core.shell:Skip shell extension 'dsv' for command environment
[6.106s] INFO:colcon.colcon_core.task.python.build:Building Python package in '/home/leoo/Desktop/project2_ws/src/robot_arm_control'
[6.106s] INFO:colcon.colcon_core.shell:Skip shell extension 'powershell' for command environment: Not usable outside of PowerShell
[6.106s] DEBUG:colcon.colcon_core.shell:Skip shell extension 'dsv' for command environment
[6.402s] DEBUG:colcon.colcon_core.event_handler.log_command:Invoked command in '/home/leoo/Desktop/project2_ws/build/odometry' returned '0': CMAKE_PREFIX_PATH=${CMAKE_PREFIX_PATH}:/home/leoo/Desktop/project2_ws/install/robot_arm_control:/home/leoo/Desktop/project2_ws/install/project2_control:/opt/ros/galactic /home/leoo/.local/bin/cmake /home/leoo/Desktop/project2_ws/src/odometry -DCMAKE_INSTALL_PREFIX=/home/leoo/Desktop/project2_ws/install/odometry
[6.403s] DEBUG:colcon.colcon_core.event_handler.log_command:Invoking command in '/home/leoo/Desktop/project2_ws/build/odometry': CMAKE_PREFIX_PATH=${CMAKE_PREFIX_PATH}:/home/leoo/Desktop/project2_ws/install/robot_arm_control:/home/leoo/Desktop/project2_ws/install/project2_control:/opt/ros/galactic /home/leoo/.local/bin/cmake --build /home/leoo/Desktop/project2_ws/build/odometry -- -j2 -l2
[6.847s] DEBUG:colcon.colcon_core.event_handler.log_command:Invoking command in '/home/leoo/Desktop/project2_ws/src/robot_arm_control': PYTHONPATH=/home/leoo/Desktop/project2_ws/build/robot_arm_control/prefix_override:/usr/lib/python3/dist-packages/colcon_core/task/python/colcon_distutils_commands:/home/leoo/Desktop/project2_ws/install/robot_arm_control/lib/python3.8/site-packages:${PYTHONPATH} /usr/bin/python3 -W ignore:setup.py install is deprecated setup.py egg_info --egg-base ../../build/robot_arm_control build --build-base /home/leoo/Desktop/project2_ws/build/robot_arm_control/build install --record /home/leoo/Desktop/project2_ws/build/robot_arm_control/install.log --single-version-externally-managed install_data
[7.179s] Level 1:colcon.colcon_core.environment:checking '/home/leoo/Desktop/project2_ws/install/robot_arm_control' for CMake module files
[7.180s] Level 1:colcon.colcon_core.environment:checking '/home/leoo/Desktop/project2_ws/install/robot_arm_control' for CMake config files
[7.181s] DEBUG:colcon.colcon_core.event_handler.log_command:Invoked command in '/home/leoo/Desktop/project2_ws/src/robot_arm_control' returned '0': PYTHONPATH=/home/leoo/Desktop/project2_ws/build/robot_arm_control/prefix_override:/usr/lib/python3/dist-packages/colcon_core/task/python/colcon_distutils_commands:/home/leoo/Desktop/project2_ws/install/robot_arm_control/lib/python3.8/site-packages:${PYTHONPATH} /usr/bin/python3 -W ignore:setup.py install is deprecated setup.py egg_info --egg-base ../../build/robot_arm_control build --build-base /home/leoo/Desktop/project2_ws/build/robot_arm_control/build install --record /home/leoo/Desktop/project2_ws/build/robot_arm_control/install.log --single-version-externally-managed install_data
[7.181s] Level 1:colcon.colcon_core.environment:checking '/home/leoo/Desktop/project2_ws/install/robot_arm_control/lib'
[7.183s] Level 1:colcon.colcon_core.environment:checking '/home/leoo/Desktop/project2_ws/install/robot_arm_control/bin'
[7.183s] Level 1:colcon.colcon_core.environment:checking '/home/leoo/Desktop/project2_ws/install/robot_arm_control/lib/pkgconfig/robot_arm_control.pc'
[7.183s] Level 1:colcon.colcon_core.environment:checking '/home/leoo/Desktop/project2_ws/install/robot_arm_control/lib/python3.8/site-packages'
[7.183s] Level 1:colcon.colcon_core.shell:create_environment_hook('robot_arm_control', 'pythonpath')
[7.184s] INFO:colcon.colcon_core.shell:Creating environment hook '/home/leoo/Desktop/project2_ws/install/robot_arm_control/share/robot_arm_control/hook/pythonpath.ps1'
[7.184s] INFO:colcon.colcon_core.shell:Creating environment descriptor '/home/leoo/Desktop/project2_ws/install/robot_arm_control/share/robot_arm_control/hook/pythonpath.dsv'
[7.184s] INFO:colcon.colcon_core.shell:Creating environment hook '/home/leoo/Desktop/project2_ws/install/robot_arm_control/share/robot_arm_control/hook/pythonpath.sh'
[7.185s] Level 1:colcon.colcon_core.environment:checking '/home/leoo/Desktop/project2_ws/install/robot_arm_control/bin'
[7.185s] Level 1:colcon.colcon_core.environment:create_environment_scripts_only(robot_arm_control)
[7.186s] INFO:colcon.colcon_core.shell:Creating package script '/home/leoo/Desktop/project2_ws/install/robot_arm_control/share/robot_arm_control/package.ps1'
[7.187s] INFO:colcon.colcon_core.shell:Creating package descriptor '/home/leoo/Desktop/project2_ws/install/robot_arm_control/share/robot_arm_control/package.dsv'
[7.187s] INFO:colcon.colcon_core.shell:Creating package script '/home/leoo/Desktop/project2_ws/install/robot_arm_control/share/robot_arm_control/package.sh'
[7.188s] INFO:colcon.colcon_core.shell:Creating package script '/home/leoo/Desktop/project2_ws/install/robot_arm_control/share/robot_arm_control/package.bash'
[7.189s] INFO:colcon.colcon_core.shell:Creating package script '/home/leoo/Desktop/project2_ws/install/robot_arm_control/share/robot_arm_control/package.zsh'
[7.191s] Level 1:colcon.colcon_core.environment:create_file_with_runtime_dependencies(/home/leoo/Desktop/project2_ws/install/robot_arm_control/share/colcon-core/packages/robot_arm_control)
[20.701s] DEBUG:colcon.colcon_core.event_handler.log_command:Invoked command in '/home/leoo/Desktop/project2_ws/build/odometry' returned '0': CMAKE_PREFIX_PATH=${CMAKE_PREFIX_PATH}:/home/leoo/Desktop/project2_ws/install/robot_arm_control:/home/leoo/Desktop/project2_ws/install/project2_control:/opt/ros/galactic /home/leoo/.local/bin/cmake --build /home/leoo/Desktop/project2_ws/build/odometry -- -j2 -l2
[20.785s] DEBUG:colcon.colcon_core.event_handler.log_command:Invoking command in '/home/leoo/Desktop/project2_ws/build/odometry': CMAKE_PREFIX_PATH=${CMAKE_PREFIX_PATH}:/home/leoo/Desktop/project2_ws/install/robot_arm_control:/home/leoo/Desktop/project2_ws/install/project2_control:/opt/ros/galactic /home/leoo/.local/bin/cmake --install /home/leoo/Desktop/project2_ws/build/odometry
[20.878s] Level 1:colcon.colcon_core.environment:create_environment_scripts_only(odometry)
[20.879s] DEBUG:colcon.colcon_core.event_handler.log_command:Invoked command in '/home/leoo/Desktop/project2_ws/build/odometry' returned '0': CMAKE_PREFIX_PATH=${CMAKE_PREFIX_PATH}:/home/leoo/Desktop/project2_ws/install/robot_arm_control:/home/leoo/Desktop/project2_ws/install/project2_control:/opt/ros/galactic /home/leoo/.local/bin/cmake --install /home/leoo/Desktop/project2_ws/build/odometry
[20.879s] Level 1:colcon.colcon_core.environment:checking '/home/leoo/Desktop/project2_ws/install/odometry' for CMake module files
[20.880s] Level 1:colcon.colcon_core.environment:checking '/home/leoo/Desktop/project2_ws/install/odometry' for CMake config files
[20.880s] Level 1:colcon.colcon_core.shell:create_environment_hook('odometry', 'cmake_prefix_path')
[20.880s] INFO:colcon.colcon_core.shell:Creating environment hook '/home/leoo/Desktop/project2_ws/install/odometry/share/odometry/hook/cmake_prefix_path.ps1'
[20.880s] INFO:colcon.colcon_core.shell:Creating environment descriptor '/home/leoo/Desktop/project2_ws/install/odometry/share/odometry/hook/cmake_prefix_path.dsv'
[20.881s] INFO:colcon.colcon_core.shell:Creating environment hook '/home/leoo/Desktop/project2_ws/install/odometry/share/odometry/hook/cmake_prefix_path.sh'
[20.881s] Level 1:colcon.colcon_core.environment:checking '/home/leoo/Desktop/project2_ws/install/odometry/lib'
[20.882s] Level 1:colcon.colcon_core.shell:create_environment_hook('odometry', 'ld_library_path_lib')
[20.882s] INFO:colcon.colcon_core.shell:Creating environment hook '/home/leoo/Desktop/project2_ws/install/odometry/share/odometry/hook/ld_library_path_lib.ps1'
[20.882s] INFO:colcon.colcon_core.shell:Creating environment descriptor '/home/leoo/Desktop/project2_ws/install/odometry/share/odometry/hook/ld_library_path_lib.dsv'
[20.882s] INFO:colcon.colcon_core.shell:Creating environment hook '/home/leoo/Desktop/project2_ws/install/odometry/share/odometry/hook/ld_library_path_lib.sh'
[20.883s] Level 1:colcon.colcon_core.environment:checking '/home/leoo/Desktop/project2_ws/install/odometry/bin'
[20.883s] Level 1:colcon.colcon_core.environment:checking '/home/leoo/Desktop/project2_ws/install/odometry/lib/pkgconfig/odometry.pc'
[20.883s] Level 1:colcon.colcon_core.environment:checking '/home/leoo/Desktop/project2_ws/install/odometry/lib/python3.8/site-packages'
[20.883s] Level 1:colcon.colcon_core.environment:checking '/home/leoo/Desktop/project2_ws/install/odometry/bin'
[20.883s] INFO:colcon.colcon_core.shell:Creating package script '/home/leoo/Desktop/project2_ws/install/odometry/share/odometry/package.ps1'
[20.884s] INFO:colcon.colcon_core.shell:Creating package descriptor '/home/leoo/Desktop/project2_ws/install/odometry/share/odometry/package.dsv'
[20.884s] INFO:colcon.colcon_core.shell:Creating package script '/home/leoo/Desktop/project2_ws/install/odometry/share/odometry/package.sh'
[20.885s] INFO:colcon.colcon_core.shell:Creating package script '/home/leoo/Desktop/project2_ws/install/odometry/share/odometry/package.bash'
[20.886s] INFO:colcon.colcon_core.shell:Creating package script '/home/leoo/Desktop/project2_ws/install/odometry/share/odometry/package.zsh'
[20.886s] Level 1:colcon.colcon_core.environment:create_file_with_runtime_dependencies(/home/leoo/Desktop/project2_ws/install/odometry/share/colcon-core/packages/odometry)
[20.967s] Level 1:colcon.colcon_core.environment:create_environment_scripts_only(odometry)
[20.967s] Level 1:colcon.colcon_core.environment:checking '/home/leoo/Desktop/project2_ws/install/odometry' for CMake module files
[20.968s] Level 1:colcon.colcon_core.environment:checking '/home/leoo/Desktop/project2_ws/install/odometry' for CMake config files
[20.968s] Level 1:colcon.colcon_core.shell:create_environment_hook('odometry', 'cmake_prefix_path')
[20.968s] INFO:colcon.colcon_core.shell:Creating environment hook '/home/leoo/Desktop/project2_ws/install/odometry/share/odometry/hook/cmake_prefix_path.ps1'
[20.969s] INFO:colcon.colcon_core.shell:Creating environment descriptor '/home/leoo/Desktop/project2_ws/install/odometry/share/odometry/hook/cmake_prefix_path.dsv'
[20.969s] INFO:colcon.colcon_core.shell:Creating environment hook '/home/leoo/Desktop/project2_ws/install/odometry/share/odometry/hook/cmake_prefix_path.sh'
[20.970s] Level 1:colcon.colcon_core.environment:checking '/home/leoo/Desktop/project2_ws/install/odometry/lib'
[20.970s] Level 1:colcon.colcon_core.shell:create_environment_hook('odometry', 'ld_library_path_lib')
[20.970s] INFO:colcon.colcon_core.shell:Creating environment hook '/home/leoo/Desktop/project2_ws/install/odometry/share/odometry/hook/ld_library_path_lib.ps1'
[20.971s] INFO:colcon.colcon_core.shell:Creating environment descriptor '/home/leoo/Desktop/project2_ws/install/odometry/share/odometry/hook/ld_library_path_lib.dsv'
[20.971s] INFO:colcon.colcon_core.shell:Creating environment hook '/home/leoo/Desktop/project2_ws/install/odometry/share/odometry/hook/ld_library_path_lib.sh'
[20.972s] Level 1:colcon.colcon_core.environment:checking '/home/leoo/Desktop/project2_ws/install/odometry/bin'
[20.972s] Level 1:colcon.colcon_core.environment:checking '/home/leoo/Desktop/project2_ws/install/odometry/lib/pkgconfig/odometry.pc'
[20.972s] Level 1:colcon.colcon_core.environment:checking '/home/leoo/Desktop/project2_ws/install/odometry/lib/python3.8/site-packages'
[20.972s] Level 1:colcon.colcon_core.environment:checking '/home/leoo/Desktop/project2_ws/install/odometry/bin'
[20.973s] INFO:colcon.colcon_core.shell:Creating package script '/home/leoo/Desktop/project2_ws/install/odometry/share/odometry/package.ps1'
[20.973s] INFO:colcon.colcon_core.shell:Creating package descriptor '/home/leoo/Desktop/project2_ws/install/odometry/share/odometry/package.dsv'
[20.974s] INFO:colcon.colcon_core.shell:Creating package script '/home/leoo/Desktop/project2_ws/install/odometry/share/odometry/package.sh'
[20.974s] INFO:colcon.colcon_core.shell:Creating package script '/home/leoo/Desktop/project2_ws/install/odometry/share/odometry/package.bash'
[20.975s] INFO:colcon.colcon_core.shell:Creating package script '/home/leoo/Desktop/project2_ws/install/odometry/share/odometry/package.zsh'
[20.976s] Level 1:colcon.colcon_core.environment:create_file_with_runtime_dependencies(/home/leoo/Desktop/project2_ws/install/odometry/share/colcon-core/packages/odometry)
[20.977s] DEBUG:colcon.colcon_parallel_executor.executor.parallel:closing loop
[20.978s] DEBUG:colcon.colcon_parallel_executor.executor.parallel:loop closed
[20.978s] DEBUG:colcon.colcon_parallel_executor.executor.parallel:run_until_complete finished with '0'
[20.978s] DEBUG:colcon.colcon_core.event_reactor:joining thread
[21.000s] INFO:colcon.colcon_core.plugin_system:Skipping extension 'colcon_notification.desktop_notification.terminal_notifier': Not used on non-Darwin systems
[21.000s] INFO:colcon.colcon_core.plugin_system:Skipping extension 'colcon_notification.desktop_notification.win32': Not used on non-Windows systems
[21.000s] INFO:colcon.colcon_notification.desktop_notification:Sending desktop notification using 'notify2'
[21.032s] DEBUG:colcon.colcon_core.event_reactor:joined thread
[21.032s] INFO:colcon.colcon_core.shell:Creating prefix script '/home/leoo/Desktop/project2_ws/install/local_setup.ps1'
[21.033s] INFO:colcon.colcon_core.shell:Creating prefix util module '/home/leoo/Desktop/project2_ws/install/_local_setup_util_ps1.py'
[21.035s] INFO:colcon.colcon_core.shell:Creating prefix chain script '/home/leoo/Desktop/project2_ws/install/setup.ps1'
[21.052s] INFO:colcon.colcon_core.shell:Creating prefix script '/home/leoo/Desktop/project2_ws/install/local_setup.sh'
[21.052s] INFO:colcon.colcon_core.shell:Creating prefix util module '/home/leoo/Desktop/project2_ws/install/_local_setup_util_sh.py'
[21.053s] INFO:colcon.colcon_core.shell:Creating prefix chain script '/home/leoo/Desktop/project2_ws/install/setup.sh'
[21.054s] INFO:colcon.colcon_core.shell:Creating prefix script '/home/leoo/Desktop/project2_ws/install/local_setup.bash'
[21.054s] INFO:colcon.colcon_core.shell:Creating prefix chain script '/home/leoo/Desktop/project2_ws/install/setup.bash'
[21.056s] INFO:colcon.colcon_core.shell:Creating prefix script '/home/leoo/Desktop/project2_ws/install/local_setup.zsh'
[21.057s] INFO:colcon.colcon_core.shell:Creating prefix chain script '/home/leoo/Desktop/project2_ws/install/setup.zsh'
