[1.140s] Invoking command in '/home/leoo/Desktop/project2_ws/src/robot_arm_control': PYTHONPATH=/home/leoo/Desktop/project2_ws/build/robot_arm_control/prefix_override:/usr/lib/python3/dist-packages/colcon_core/task/python/colcon_distutils_commands:/home/leoo/Desktop/project2_ws/install/robot_arm_control/lib/python3.8/site-packages:${PYTHONPATH} /usr/bin/python3 -W ignore:setup.py install is deprecated setup.py egg_info --egg-base ../../build/robot_arm_control build --build-base /home/leoo/Desktop/project2_ws/build/robot_arm_control/build install --record /home/leoo/Desktop/project2_ws/build/robot_arm_control/install.log --single-version-externally-managed install_data
[1.356s] running egg_info
[1.356s] creating ../../build/robot_arm_control/robot_arm_control.egg-info
[1.357s] writing ../../build/robot_arm_control/robot_arm_control.egg-info/PKG-INFO
[1.357s] writing dependency_links to ../../build/robot_arm_control/robot_arm_control.egg-info/dependency_links.txt
[1.358s] writing entry points to ../../build/robot_arm_control/robot_arm_control.egg-info/entry_points.txt
[1.358s] writing requirements to ../../build/robot_arm_control/robot_arm_control.egg-info/requires.txt
[1.358s] writing top-level names to ../../build/robot_arm_control/robot_arm_control.egg-info/top_level.txt
[1.360s] writing manifest file '../../build/robot_arm_control/robot_arm_control.egg-info/SOURCES.txt'
[1.393s] reading manifest file '../../build/robot_arm_control/robot_arm_control.egg-info/SOURCES.txt'
[1.394s] writing manifest file '../../build/robot_arm_control/robot_arm_control.egg-info/SOURCES.txt'
[1.394s] running build
[1.394s] running build_py
[1.395s] creating /home/leoo/Desktop/project2_ws/build/robot_arm_control/build
[1.395s] creating /home/leoo/Desktop/project2_ws/build/robot_arm_control/build/lib
[1.395s] creating /home/leoo/Desktop/project2_ws/build/robot_arm_control/build/lib/robot_arm_control
[1.395s] copying robot_arm_control/arm_teleop_control.py -> /home/leoo/Desktop/project2_ws/build/robot_arm_control/build/lib/robot_arm_control
[1.396s] copying robot_arm_control/__init__.py -> /home/leoo/Desktop/project2_ws/build/robot_arm_control/build/lib/robot_arm_control
[1.396s] copying robot_arm_control/arm_inv_kine_control.py -> /home/leoo/Desktop/project2_ws/build/robot_arm_control/build/lib/robot_arm_control
[1.397s] copying robot_arm_control/vacuum_gripper.py -> /home/leoo/Desktop/project2_ws/build/robot_arm_control/build/lib/robot_arm_control
[1.397s] running install
[1.398s] running install_lib
[1.400s] creating /home/leoo/Desktop/project2_ws/install/robot_arm_control/lib/python3.8/site-packages/robot_arm_control
[1.400s] copying /home/leoo/Desktop/project2_ws/build/robot_arm_control/build/lib/robot_arm_control/arm_teleop_control.py -> /home/leoo/Desktop/project2_ws/install/robot_arm_control/lib/python3.8/site-packages/robot_arm_control
[1.401s] copying /home/leoo/Desktop/project2_ws/build/robot_arm_control/build/lib/robot_arm_control/__init__.py -> /home/leoo/Desktop/project2_ws/install/robot_arm_control/lib/python3.8/site-packages/robot_arm_control
[1.401s] copying /home/leoo/Desktop/project2_ws/build/robot_arm_control/build/lib/robot_arm_control/arm_inv_kine_control.py -> /home/leoo/Desktop/project2_ws/install/robot_arm_control/lib/python3.8/site-packages/robot_arm_control
[1.402s] copying /home/leoo/Desktop/project2_ws/build/robot_arm_control/build/lib/robot_arm_control/vacuum_gripper.py -> /home/leoo/Desktop/project2_ws/install/robot_arm_control/lib/python3.8/site-packages/robot_arm_control
[1.403s] byte-compiling /home/leoo/Desktop/project2_ws/install/robot_arm_control/lib/python3.8/site-packages/robot_arm_control/arm_teleop_control.py to arm_teleop_control.cpython-38.pyc
[1.406s] byte-compiling /home/leoo/Desktop/project2_ws/install/robot_arm_control/lib/python3.8/site-packages/robot_arm_control/__init__.py to __init__.cpython-38.pyc
[1.407s] byte-compiling /home/leoo/Desktop/project2_ws/install/robot_arm_control/lib/python3.8/site-packages/robot_arm_control/arm_inv_kine_control.py to arm_inv_kine_control.cpython-38.pyc
[1.410s] byte-compiling /home/leoo/Desktop/project2_ws/install/robot_arm_control/lib/python3.8/site-packages/robot_arm_control/vacuum_gripper.py to vacuum_gripper.cpython-38.pyc
[1.410s] running install_data
[1.411s] creating /home/leoo/Desktop/project2_ws/install/robot_arm_control/share/ament_index
[1.411s] creating /home/leoo/Desktop/project2_ws/install/robot_arm_control/share/ament_index/resource_index
[1.412s] creating /home/leoo/Desktop/project2_ws/install/robot_arm_control/share/ament_index/resource_index/packages
[1.412s] copying resource/robot_arm_control -> /home/leoo/Desktop/project2_ws/install/robot_arm_control/share/ament_index/resource_index/packages
[1.413s] copying package.xml -> /home/leoo/Desktop/project2_ws/install/robot_arm_control/share/robot_arm_control
[1.413s] running install_egg_info
[1.415s] Copying ../../build/robot_arm_control/robot_arm_control.egg-info to /home/leoo/Desktop/project2_ws/install/robot_arm_control/lib/python3.8/site-packages/robot_arm_control-0.0.0-py3.8.egg-info
[1.416s] running install_scripts
[1.435s] Installing arm_inv_kine_control script to /home/leoo/Desktop/project2_ws/install/robot_arm_control/lib/robot_arm_control
[1.436s] Installing arm_teleop_control script to /home/leoo/Desktop/project2_ws/install/robot_arm_control/lib/robot_arm_control
[1.436s] Installing vacuum_gripper script to /home/leoo/Desktop/project2_ws/install/robot_arm_control/lib/robot_arm_control
[1.436s] writing list of installed files to '/home/leoo/Desktop/project2_ws/build/robot_arm_control/install.log'
[1.474s] Invoked command in '/home/leoo/Desktop/project2_ws/src/robot_arm_control' returned '0': PYTHONPATH=/home/leoo/Desktop/project2_ws/build/robot_arm_control/prefix_override:/usr/lib/python3/dist-packages/colcon_core/task/python/colcon_distutils_commands:/home/leoo/Desktop/project2_ws/install/robot_arm_control/lib/python3.8/site-packages:${PYTHONPATH} /usr/bin/python3 -W ignore:setup.py install is deprecated setup.py egg_info --egg-base ../../build/robot_arm_control build --build-base /home/leoo/Desktop/project2_ws/build/robot_arm_control/build install --record /home/leoo/Desktop/project2_ws/build/robot_arm_control/install.log --single-version-externally-managed install_data
