[0.163s] DEBUG:colcon:Command line arguments: ['/usr/bin/colcon', 'build']
[0.163s] DEBUG:colcon:Parsed command line arguments: Namespace(allow_overriding=[], ament_cmake_args=None, base_paths=['.'], build_base='build', catkin_cmake_args=None, catkin_skip_building_tests=False, cmake_args=None, cmake_clean_cache=False, cmake_clean_first=False, cmake_force_configure=False, cmake_target=None, cmake_target_skip_unavailable=False, continue_on_error=False, event_handlers=None, executor='parallel', ignore_user_meta=False, install_base='install', log_base=None, log_level=None, main=<bound method BuildVerb.main of <colcon_core.verb.build.BuildVerb object at 0x7fb8e0384fd0>>, merge_install=False, metas=['./colcon.meta'], packages_above=None, packages_above_and_dependencies=None, packages_above_depth=None, packages_end=None, packages_ignore=None, packages_ignore_regex=None, packages_select=None, packages_select_build_failed=False, packages_select_by_dep=None, packages_select_regex=None, packages_select_test_failures=False, packages_skip=None, packages_skip_build_finished=False, packages_skip_by_dep=None, packages_skip_regex=None, packages_skip_test_passed=False, packages_skip_up_to=None, packages_start=None, packages_up_to=None, packages_up_to_regex=None, parallel_workers=8, paths=None, symlink_install=False, test_result_base=None, verb_extension=<colcon_core.verb.build.BuildVerb object at 0x7fb8e0384fd0>, verb_name='build', verb_parser=<colcon_defaults.argument_parser.defaults.DefaultArgumentsDecorator object at 0x7fb8e0394520>)
[0.300s] Level 1:colcon.colcon_core.package_discovery:discover_packages(colcon_meta) check parameters
[0.301s] Level 1:colcon.colcon_core.package_discovery:discover_packages(recursive) check parameters
[0.301s] Level 1:colcon.colcon_core.package_discovery:discover_packages(ignore) check parameters
[0.301s] Level 1:colcon.colcon_core.package_discovery:discover_packages(path) check parameters
[0.301s] Level 1:colcon.colcon_core.package_discovery:discover_packages(colcon_meta) discover
[0.301s] Level 1:colcon.colcon_core.package_discovery:discover_packages(recursive) discover
[0.301s] INFO:colcon.colcon_core.package_discovery:Crawling recursively for packages in '/home/leoo/Desktop/project2_ws'
[0.301s] Level 1:colcon.colcon_core.package_identification:_identify(.) by extensions ['ignore', 'ignore_ament_install']
[0.301s] Level 1:colcon.colcon_core.package_identification:_identify(.) by extension 'ignore'
[0.301s] Level 1:colcon.colcon_core.package_identification:_identify(.) by extension 'ignore_ament_install'
[0.301s] Level 1:colcon.colcon_core.package_identification:_identify(.) by extensions ['colcon_pkg']
[0.301s] Level 1:colcon.colcon_core.package_identification:_identify(.) by extension 'colcon_pkg'
[0.302s] Level 1:colcon.colcon_core.package_identification:_identify(.) by extensions ['colcon_meta']
[0.302s] Level 1:colcon.colcon_core.package_identification:_identify(.) by extension 'colcon_meta'
[0.302s] Level 1:colcon.colcon_core.package_identification:_identify(.) by extensions ['ros']
[0.302s] Level 1:colcon.colcon_core.package_identification:_identify(.) by extension 'ros'
[0.310s] Level 1:colcon.colcon_core.package_identification:_identify(.) by extensions ['cmake', 'python']
[0.311s] Level 1:colcon.colcon_core.package_identification:_identify(.) by extension 'cmake'
[0.311s] Level 1:colcon.colcon_core.package_identification:_identify(.) by extension 'python'
[0.311s] Level 1:colcon.colcon_core.package_identification:_identify(.) by extensions ['python_setup_py']
[0.311s] Level 1:colcon.colcon_core.package_identification:_identify(.) by extension 'python_setup_py'
[0.311s] Level 1:colcon.colcon_core.package_identification:_identify(build) by extensions ['ignore', 'ignore_ament_install']
[0.311s] Level 1:colcon.colcon_core.package_identification:_identify(build) by extension 'ignore'
[0.311s] Level 1:colcon.colcon_core.package_identification:_identify(build) ignored
[0.311s] Level 1:colcon.colcon_core.package_identification:_identify(install) by extensions ['ignore', 'ignore_ament_install']
[0.311s] Level 1:colcon.colcon_core.package_identification:_identify(install) by extension 'ignore'
[0.311s] Level 1:colcon.colcon_core.package_identification:_identify(install) ignored
[0.311s] Level 1:colcon.colcon_core.package_identification:_identify(log) by extensions ['ignore', 'ignore_ament_install']
[0.312s] Level 1:colcon.colcon_core.package_identification:_identify(log) by extension 'ignore'
[0.312s] Level 1:colcon.colcon_core.package_identification:_identify(log) ignored
[0.312s] Level 1:colcon.colcon_core.package_identification:_identify(src) by extensions ['ignore', 'ignore_ament_install']
[0.312s] Level 1:colcon.colcon_core.package_identification:_identify(src) by extension 'ignore'
[0.312s] Level 1:colcon.colcon_core.package_identification:_identify(src) by extension 'ignore_ament_install'
[0.312s] Level 1:colcon.colcon_core.package_identification:_identify(src) by extensions ['colcon_pkg']
[0.312s] Level 1:colcon.colcon_core.package_identification:_identify(src) by extension 'colcon_pkg'
[0.312s] Level 1:colcon.colcon_core.package_identification:_identify(src) by extensions ['colcon_meta']
[0.312s] Level 1:colcon.colcon_core.package_identification:_identify(src) by extension 'colcon_meta'
[0.312s] Level 1:colcon.colcon_core.package_identification:_identify(src) by extensions ['ros']
[0.312s] Level 1:colcon.colcon_core.package_identification:_identify(src) by extension 'ros'
[0.312s] Level 1:colcon.colcon_core.package_identification:_identify(src) by extensions ['cmake', 'python']
[0.312s] Level 1:colcon.colcon_core.package_identification:_identify(src) by extension 'cmake'
[0.312s] Level 1:colcon.colcon_core.package_identification:_identify(src) by extension 'python'
[0.312s] Level 1:colcon.colcon_core.package_identification:_identify(src) by extensions ['python_setup_py']
[0.312s] Level 1:colcon.colcon_core.package_identification:_identify(src) by extension 'python_setup_py'
[0.312s] Level 1:colcon.colcon_core.package_identification:_identify(src/odometry) by extensions ['ignore', 'ignore_ament_install']
[0.312s] Level 1:colcon.colcon_core.package_identification:_identify(src/odometry) by extension 'ignore'
[0.313s] Level 1:colcon.colcon_core.package_identification:_identify(src/odometry) by extension 'ignore_ament_install'
[0.313s] Level 1:colcon.colcon_core.package_identification:_identify(src/odometry) by extensions ['colcon_pkg']
[0.313s] Level 1:colcon.colcon_core.package_identification:_identify(src/odometry) by extension 'colcon_pkg'
[0.313s] Level 1:colcon.colcon_core.package_identification:_identify(src/odometry) by extensions ['colcon_meta']
[0.313s] Level 1:colcon.colcon_core.package_identification:_identify(src/odometry) by extension 'colcon_meta'
[0.313s] Level 1:colcon.colcon_core.package_identification:_identify(src/odometry) by extensions ['ros']
[0.313s] Level 1:colcon.colcon_core.package_identification:_identify(src/odometry) by extension 'ros'
[0.315s] DEBUG:colcon.colcon_core.package_identification:Package 'src/odometry' with type 'ros.ament_cmake' and name 'odometry'
[0.315s] Level 1:colcon.colcon_core.package_identification:_identify(src/project2_control) by extensions ['ignore', 'ignore_ament_install']
[0.315s] Level 1:colcon.colcon_core.package_identification:_identify(src/project2_control) by extension 'ignore'
[0.315s] Level 1:colcon.colcon_core.package_identification:_identify(src/project2_control) by extension 'ignore_ament_install'
[0.315s] Level 1:colcon.colcon_core.package_identification:_identify(src/project2_control) by extensions ['colcon_pkg']
[0.315s] Level 1:colcon.colcon_core.package_identification:_identify(src/project2_control) by extension 'colcon_pkg'
[0.315s] Level 1:colcon.colcon_core.package_identification:_identify(src/project2_control) by extensions ['colcon_meta']
[0.315s] Level 1:colcon.colcon_core.package_identification:_identify(src/project2_control) by extension 'colcon_meta'
[0.315s] Level 1:colcon.colcon_core.package_identification:_identify(src/project2_control) by extensions ['ros']
[0.316s] Level 1:colcon.colcon_core.package_identification:_identify(src/project2_control) by extension 'ros'
[0.316s] DEBUG:colcon.colcon_core.package_identification:Package 'src/project2_control' with type 'ros.ament_python' and name 'project2_control'
[0.316s] Level 1:colcon.colcon_core.package_identification:_identify(src/project2_pkg) by extensions ['ignore', 'ignore_ament_install']
[0.316s] Level 1:colcon.colcon_core.package_identification:_identify(src/project2_pkg) by extension 'ignore'
[0.316s] Level 1:colcon.colcon_core.package_identification:_identify(src/project2_pkg) by extension 'ignore_ament_install'
[0.317s] Level 1:colcon.colcon_core.package_identification:_identify(src/project2_pkg) by extensions ['colcon_pkg']
[0.317s] Level 1:colcon.colcon_core.package_identification:_identify(src/project2_pkg) by extension 'colcon_pkg'
[0.317s] Level 1:colcon.colcon_core.package_identification:_identify(src/project2_pkg) by extensions ['colcon_meta']
[0.317s] Level 1:colcon.colcon_core.package_identification:_identify(src/project2_pkg) by extension 'colcon_meta'
[0.317s] Level 1:colcon.colcon_core.package_identification:_identify(src/project2_pkg) by extensions ['ros']
[0.317s] Level 1:colcon.colcon_core.package_identification:_identify(src/project2_pkg) by extension 'ros'
[0.318s] DEBUG:colcon.colcon_core.package_identification:Package 'src/project2_pkg' with type 'ros.ament_cmake' and name 'project2_pkg'
[0.318s] Level 1:colcon.colcon_core.package_identification:_identify(src/robot_arm_control) by extensions ['ignore', 'ignore_ament_install']
[0.318s] Level 1:colcon.colcon_core.package_identification:_identify(src/robot_arm_control) by extension 'ignore'
[0.318s] Level 1:colcon.colcon_core.package_identification:_identify(src/robot_arm_control) by extension 'ignore_ament_install'
[0.318s] Level 1:colcon.colcon_core.package_identification:_identify(src/robot_arm_control) by extensions ['colcon_pkg']
[0.318s] Level 1:colcon.colcon_core.package_identification:_identify(src/robot_arm_control) by extension 'colcon_pkg'
[0.318s] Level 1:colcon.colcon_core.package_identification:_identify(src/robot_arm_control) by extensions ['colcon_meta']
[0.318s] Level 1:colcon.colcon_core.package_identification:_identify(src/robot_arm_control) by extension 'colcon_meta'
[0.318s] Level 1:colcon.colcon_core.package_identification:_identify(src/robot_arm_control) by extensions ['ros']
[0.318s] Level 1:colcon.colcon_core.package_identification:_identify(src/robot_arm_control) by extension 'ros'
[0.319s] DEBUG:colcon.colcon_core.package_identification:Package 'src/robot_arm_control' with type 'ros.ament_python' and name 'robot_arm_control'
[0.319s] Level 1:colcon.colcon_core.package_discovery:discover_packages(recursive) using defaults
[0.319s] Level 1:colcon.colcon_core.package_discovery:discover_packages(ignore) discover
[0.319s] Level 1:colcon.colcon_core.package_discovery:discover_packages(ignore) using defaults
[0.319s] Level 1:colcon.colcon_core.package_discovery:discover_packages(path) discover
[0.319s] Level 1:colcon.colcon_core.package_discovery:discover_packages(path) using defaults
[0.334s] Level 1:colcon.colcon_core.package_discovery:discover_packages(prefix_path) check parameters
[0.334s] Level 1:colcon.colcon_core.package_discovery:discover_packages(prefix_path) discover
[0.336s] DEBUG:colcon.colcon_installed_package_information.package_discovery:Found 4 installed packages in /home/leoo/Desktop/project2_ws/install
[0.337s] DEBUG:colcon.colcon_installed_package_information.package_discovery:Found 355 installed packages in /opt/ros/galactic
[0.338s] Level 1:colcon.colcon_core.package_discovery:discover_packages(prefix_path) using defaults
[0.412s] Level 5:colcon.colcon_core.verb:set package 'odometry' build argument 'cmake_args' from command line to 'None'
[0.412s] Level 5:colcon.colcon_core.verb:set package 'odometry' build argument 'cmake_target' from command line to 'None'
[0.412s] Level 5:colcon.colcon_core.verb:set package 'odometry' build argument 'cmake_target_skip_unavailable' from command line to 'False'
[0.412s] Level 5:colcon.colcon_core.verb:set package 'odometry' build argument 'cmake_clean_cache' from command line to 'False'
[0.412s] Level 5:colcon.colcon_core.verb:set package 'odometry' build argument 'cmake_clean_first' from command line to 'False'
[0.412s] Level 5:colcon.colcon_core.verb:set package 'odometry' build argument 'cmake_force_configure' from command line to 'False'
[0.413s] Level 5:colcon.colcon_core.verb:set package 'odometry' build argument 'ament_cmake_args' from command line to 'None'
[0.413s] Level 5:colcon.colcon_core.verb:set package 'odometry' build argument 'catkin_cmake_args' from command line to 'None'
[0.413s] Level 5:colcon.colcon_core.verb:set package 'odometry' build argument 'catkin_skip_building_tests' from command line to 'False'
[0.413s] DEBUG:colcon.colcon_core.verb:Building package 'odometry' with the following arguments: {'ament_cmake_args': None, 'build_base': '/home/leoo/Desktop/project2_ws/build/odometry', 'catkin_cmake_args': None, 'catkin_skip_building_tests': False, 'cmake_args': None, 'cmake_clean_cache': False, 'cmake_clean_first': False, 'cmake_force_configure': False, 'cmake_target': None, 'cmake_target_skip_unavailable': False, 'install_base': '/home/leoo/Desktop/project2_ws/install/odometry', 'merge_install': False, 'path': '/home/leoo/Desktop/project2_ws/src/odometry', 'symlink_install': False, 'test_result_base': None}
[0.413s] Level 5:colcon.colcon_core.verb:set package 'project2_control' build argument 'cmake_args' from command line to 'None'
[0.413s] Level 5:colcon.colcon_core.verb:set package 'project2_control' build argument 'cmake_target' from command line to 'None'
[0.413s] Level 5:colcon.colcon_core.verb:set package 'project2_control' build argument 'cmake_target_skip_unavailable' from command line to 'False'
[0.413s] Level 5:colcon.colcon_core.verb:set package 'project2_control' build argument 'cmake_clean_cache' from command line to 'False'
[0.413s] Level 5:colcon.colcon_core.verb:set package 'project2_control' build argument 'cmake_clean_first' from command line to 'False'
[0.413s] Level 5:colcon.colcon_core.verb:set package 'project2_control' build argument 'cmake_force_configure' from command line to 'False'
[0.413s] Level 5:colcon.colcon_core.verb:set package 'project2_control' build argument 'ament_cmake_args' from command line to 'None'
[0.413s] Level 5:colcon.colcon_core.verb:set package 'project2_control' build argument 'catkin_cmake_args' from command line to 'None'
[0.413s] Level 5:colcon.colcon_core.verb:set package 'project2_control' build argument 'catkin_skip_building_tests' from command line to 'False'
[0.413s] DEBUG:colcon.colcon_core.verb:Building package 'project2_control' with the following arguments: {'ament_cmake_args': None, 'build_base': '/home/leoo/Desktop/project2_ws/build/project2_control', 'catkin_cmake_args': None, 'catkin_skip_building_tests': False, 'cmake_args': None, 'cmake_clean_cache': False, 'cmake_clean_first': False, 'cmake_force_configure': False, 'cmake_target': None, 'cmake_target_skip_unavailable': False, 'install_base': '/home/leoo/Desktop/project2_ws/install/project2_control', 'merge_install': False, 'path': '/home/leoo/Desktop/project2_ws/src/project2_control', 'symlink_install': False, 'test_result_base': None}
[0.414s] Level 5:colcon.colcon_core.verb:set package 'project2_pkg' build argument 'cmake_args' from command line to 'None'
[0.414s] Level 5:colcon.colcon_core.verb:set package 'project2_pkg' build argument 'cmake_target' from command line to 'None'
[0.414s] Level 5:colcon.colcon_core.verb:set package 'project2_pkg' build argument 'cmake_target_skip_unavailable' from command line to 'False'
[0.414s] Level 5:colcon.colcon_core.verb:set package 'project2_pkg' build argument 'cmake_clean_cache' from command line to 'False'
[0.414s] Level 5:colcon.colcon_core.verb:set package 'project2_pkg' build argument 'cmake_clean_first' from command line to 'False'
[0.414s] Level 5:colcon.colcon_core.verb:set package 'project2_pkg' build argument 'cmake_force_configure' from command line to 'False'
[0.414s] Level 5:colcon.colcon_core.verb:set package 'project2_pkg' build argument 'ament_cmake_args' from command line to 'None'
[0.414s] Level 5:colcon.colcon_core.verb:set package 'project2_pkg' build argument 'catkin_cmake_args' from command line to 'None'
[0.414s] Level 5:colcon.colcon_core.verb:set package 'project2_pkg' build argument 'catkin_skip_building_tests' from command line to 'False'
[0.414s] DEBUG:colcon.colcon_core.verb:Building package 'project2_pkg' with the following arguments: {'ament_cmake_args': None, 'build_base': '/home/leoo/Desktop/project2_ws/build/project2_pkg', 'catkin_cmake_args': None, 'catkin_skip_building_tests': False, 'cmake_args': None, 'cmake_clean_cache': False, 'cmake_clean_first': False, 'cmake_force_configure': False, 'cmake_target': None, 'cmake_target_skip_unavailable': False, 'install_base': '/home/leoo/Desktop/project2_ws/install/project2_pkg', 'merge_install': False, 'path': '/home/leoo/Desktop/project2_ws/src/project2_pkg', 'symlink_install': False, 'test_result_base': None}
[0.414s] Level 5:colcon.colcon_core.verb:set package 'robot_arm_control' build argument 'cmake_args' from command line to 'None'
[0.414s] Level 5:colcon.colcon_core.verb:set package 'robot_arm_control' build argument 'cmake_target' from command line to 'None'
[0.414s] Level 5:colcon.colcon_core.verb:set package 'robot_arm_control' build argument 'cmake_target_skip_unavailable' from command line to 'False'
[0.414s] Level 5:colcon.colcon_core.verb:set package 'robot_arm_control' build argument 'cmake_clean_cache' from command line to 'False'
[0.414s] Level 5:colcon.colcon_core.verb:set package 'robot_arm_control' build argument 'cmake_clean_first' from command line to 'False'
[0.414s] Level 5:colcon.colcon_core.verb:set package 'robot_arm_control' build argument 'cmake_force_configure' from command line to 'False'
[0.414s] Level 5:colcon.colcon_core.verb:set package 'robot_arm_control' build argument 'ament_cmake_args' from command line to 'None'
[0.415s] Level 5:colcon.colcon_core.verb:set package 'robot_arm_control' build argument 'catkin_cmake_args' from command line to 'None'
[0.415s] Level 5:colcon.colcon_core.verb:set package 'robot_arm_control' build argument 'catkin_skip_building_tests' from command line to 'False'
[0.415s] DEBUG:colcon.colcon_core.verb:Building package 'robot_arm_control' with the following arguments: {'ament_cmake_args': None, 'build_base': '/home/leoo/Desktop/project2_ws/build/robot_arm_control', 'catkin_cmake_args': None, 'catkin_skip_building_tests': False, 'cmake_args': None, 'cmake_clean_cache': False, 'cmake_clean_first': False, 'cmake_force_configure': False, 'cmake_target': None, 'cmake_target_skip_unavailable': False, 'install_base': '/home/leoo/Desktop/project2_ws/install/robot_arm_control', 'merge_install': False, 'path': '/home/leoo/Desktop/project2_ws/src/robot_arm_control', 'symlink_install': False, 'test_result_base': None}
[0.415s] INFO:colcon.colcon_core.executor:Executing jobs using 'parallel' executor
[0.416s] DEBUG:colcon.colcon_parallel_executor.executor.parallel:run_until_complete
[0.416s] INFO:colcon.colcon_ros.task.ament_cmake.build:Building ROS package in '/home/leoo/Desktop/project2_ws/src/odometry' with build type 'ament_cmake'
[0.417s] INFO:colcon.colcon_cmake.task.cmake.build:Building CMake package in '/home/leoo/Desktop/project2_ws/src/odometry'
[0.419s] INFO:colcon.colcon_core.plugin_system:Skipping extension 'colcon_core.shell.bat': Not used on non-Windows systems
[0.419s] INFO:colcon.colcon_core.shell:Skip shell extension 'powershell' for command environment: Not usable outside of PowerShell
[0.419s] DEBUG:colcon.colcon_core.shell:Skip shell extension 'dsv' for command environment
[0.425s] INFO:colcon.colcon_ros.task.ament_python.build:Building ROS package in '/home/leoo/Desktop/project2_ws/src/project2_control' with build type 'ament_python'
[0.426s] Level 1:colcon.colcon_core.shell:create_environment_hook('project2_control', 'ament_prefix_path')
[0.427s] INFO:colcon.colcon_core.shell:Creating environment hook '/home/leoo/Desktop/project2_ws/install/project2_control/share/project2_control/hook/ament_prefix_path.ps1'
[0.428s] INFO:colcon.colcon_core.shell:Creating environment descriptor '/home/leoo/Desktop/project2_ws/install/project2_control/share/project2_control/hook/ament_prefix_path.dsv'
[0.429s] INFO:colcon.colcon_core.shell:Creating environment hook '/home/leoo/Desktop/project2_ws/install/project2_control/share/project2_control/hook/ament_prefix_path.sh'
[0.430s] INFO:colcon.colcon_core.shell:Skip shell extension 'powershell' for command environment: Not usable outside of PowerShell
[0.430s] DEBUG:colcon.colcon_core.shell:Skip shell extension 'dsv' for command environment
[0.437s] INFO:colcon.colcon_ros.task.ament_cmake.build:Building ROS package in '/home/leoo/Desktop/project2_ws/src/project2_pkg' with build type 'ament_cmake'
[0.437s] INFO:colcon.colcon_cmake.task.cmake.build:Building CMake package in '/home/leoo/Desktop/project2_ws/src/project2_pkg'
[0.438s] INFO:colcon.colcon_core.shell:Skip shell extension 'powershell' for command environment: Not usable outside of PowerShell
[0.438s] DEBUG:colcon.colcon_core.shell:Skip shell extension 'dsv' for command environment
[0.444s] INFO:colcon.colcon_ros.task.ament_python.build:Building ROS package in '/home/leoo/Desktop/project2_ws/src/robot_arm_control' with build type 'ament_python'
[0.444s] Level 1:colcon.colcon_core.shell:create_environment_hook('robot_arm_control', 'ament_prefix_path')
[0.445s] INFO:colcon.colcon_core.shell:Creating environment hook '/home/leoo/Desktop/project2_ws/install/robot_arm_control/share/robot_arm_control/hook/ament_prefix_path.ps1'
[0.446s] INFO:colcon.colcon_core.shell:Creating environment descriptor '/home/leoo/Desktop/project2_ws/install/robot_arm_control/share/robot_arm_control/hook/ament_prefix_path.dsv'
[0.447s] INFO:colcon.colcon_core.shell:Creating environment hook '/home/leoo/Desktop/project2_ws/install/robot_arm_control/share/robot_arm_control/hook/ament_prefix_path.sh'
[0.448s] INFO:colcon.colcon_core.shell:Skip shell extension 'powershell' for command environment: Not usable outside of PowerShell
[0.448s] DEBUG:colcon.colcon_core.shell:Skip shell extension 'dsv' for command environment
[0.489s] DEBUG:colcon.colcon_core.event_handler.log_command:Invoking command in '/home/leoo/Desktop/project2_ws/build/odometry': CMAKE_PREFIX_PATH=${CMAKE_PREFIX_PATH}:/home/leoo/Desktop/project2_ws/install/robot_arm_control:/home/leoo/Desktop/project2_ws/install/project2_control:/opt/ros/galactic /home/leoo/.local/bin/cmake --build /home/leoo/Desktop/project2_ws/build/odometry -- -j8 -l8
[0.739s] INFO:colcon.colcon_core.task.python.build:Building Python package in '/home/leoo/Desktop/project2_ws/src/project2_control'
[0.739s] INFO:colcon.colcon_core.shell:Skip shell extension 'powershell' for command environment: Not usable outside of PowerShell
[0.739s] DEBUG:colcon.colcon_core.shell:Skip shell extension 'dsv' for command environment
[0.753s] DEBUG:colcon.colcon_core.event_handler.log_command:Invoking command in '/home/leoo/Desktop/project2_ws/build/project2_pkg': CMAKE_PREFIX_PATH=${CMAKE_PREFIX_PATH}:/home/leoo/Desktop/project2_ws/install/robot_arm_control:/home/leoo/Desktop/project2_ws/install/project2_control:/opt/ros/galactic /home/leoo/.local/bin/cmake --build /home/leoo/Desktop/project2_ws/build/project2_pkg -- -j8 -l8
[0.990s] INFO:colcon.colcon_core.task.python.build:Building Python package in '/home/leoo/Desktop/project2_ws/src/robot_arm_control'
[0.990s] INFO:colcon.colcon_core.shell:Skip shell extension 'powershell' for command environment: Not usable outside of PowerShell
[0.991s] DEBUG:colcon.colcon_core.shell:Skip shell extension 'dsv' for command environment
[1.004s] DEBUG:colcon.colcon_core.event_handler.log_command:Invoked command in '/home/leoo/Desktop/project2_ws/build/odometry' returned '0': CMAKE_PREFIX_PATH=${CMAKE_PREFIX_PATH}:/home/leoo/Desktop/project2_ws/install/robot_arm_control:/home/leoo/Desktop/project2_ws/install/project2_control:/opt/ros/galactic /home/leoo/.local/bin/cmake --build /home/leoo/Desktop/project2_ws/build/odometry -- -j8 -l8
[1.008s] DEBUG:colcon.colcon_core.event_handler.log_command:Invoked command in '/home/leoo/Desktop/project2_ws/build/project2_pkg' returned '0': CMAKE_PREFIX_PATH=${CMAKE_PREFIX_PATH}:/home/leoo/Desktop/project2_ws/install/robot_arm_control:/home/leoo/Desktop/project2_ws/install/project2_control:/opt/ros/galactic /home/leoo/.local/bin/cmake --build /home/leoo/Desktop/project2_ws/build/project2_pkg -- -j8 -l8
[1.194s] DEBUG:colcon.colcon_core.event_handler.log_command:Invoking command in '/home/leoo/Desktop/project2_ws/build/odometry': CMAKE_PREFIX_PATH=${CMAKE_PREFIX_PATH}:/home/leoo/Desktop/project2_ws/install/robot_arm_control:/home/leoo/Desktop/project2_ws/install/project2_control:/opt/ros/galactic /home/leoo/.local/bin/cmake --install /home/leoo/Desktop/project2_ws/build/odometry
[1.200s] DEBUG:colcon.colcon_core.event_handler.log_command:Invoking command in '/home/leoo/Desktop/project2_ws/build/project2_pkg': CMAKE_PREFIX_PATH=${CMAKE_PREFIX_PATH}:/home/leoo/Desktop/project2_ws/install/robot_arm_control:/home/leoo/Desktop/project2_ws/install/project2_control:/opt/ros/galactic /home/leoo/.local/bin/cmake --install /home/leoo/Desktop/project2_ws/build/project2_pkg
[1.307s] Level 1:colcon.colcon_core.environment:create_environment_scripts_only(odometry)
[1.311s] DEBUG:colcon.colcon_core.event_handler.log_command:Invoked command in '/home/leoo/Desktop/project2_ws/build/odometry' returned '0': CMAKE_PREFIX_PATH=${CMAKE_PREFIX_PATH}:/home/leoo/Desktop/project2_ws/install/robot_arm_control:/home/leoo/Desktop/project2_ws/install/project2_control:/opt/ros/galactic /home/leoo/.local/bin/cmake --install /home/leoo/Desktop/project2_ws/build/odometry
[1.313s] Level 1:colcon.colcon_core.environment:checking '/home/leoo/Desktop/project2_ws/install/odometry' for CMake module files
[1.314s] Level 1:colcon.colcon_core.environment:checking '/home/leoo/Desktop/project2_ws/install/odometry' for CMake config files
[1.314s] Level 1:colcon.colcon_core.shell:create_environment_hook('odometry', 'cmake_prefix_path')
[1.315s] INFO:colcon.colcon_core.shell:Creating environment hook '/home/leoo/Desktop/project2_ws/install/odometry/share/odometry/hook/cmake_prefix_path.ps1'
[1.315s] INFO:colcon.colcon_core.shell:Creating environment descriptor '/home/leoo/Desktop/project2_ws/install/odometry/share/odometry/hook/cmake_prefix_path.dsv'
[1.316s] INFO:colcon.colcon_core.shell:Creating environment hook '/home/leoo/Desktop/project2_ws/install/odometry/share/odometry/hook/cmake_prefix_path.sh'
[1.317s] Level 1:colcon.colcon_core.environment:checking '/home/leoo/Desktop/project2_ws/install/odometry/lib'
[1.318s] Level 1:colcon.colcon_core.shell:create_environment_hook('odometry', 'ld_library_path_lib')
[1.318s] INFO:colcon.colcon_core.shell:Creating environment hook '/home/leoo/Desktop/project2_ws/install/odometry/share/odometry/hook/ld_library_path_lib.ps1'
[1.319s] INFO:colcon.colcon_core.shell:Creating environment descriptor '/home/leoo/Desktop/project2_ws/install/odometry/share/odometry/hook/ld_library_path_lib.dsv'
[1.320s] INFO:colcon.colcon_core.shell:Creating environment hook '/home/leoo/Desktop/project2_ws/install/odometry/share/odometry/hook/ld_library_path_lib.sh'
[1.321s] Level 1:colcon.colcon_core.environment:checking '/home/leoo/Desktop/project2_ws/install/odometry/bin'
[1.322s] Level 1:colcon.colcon_core.environment:checking '/home/leoo/Desktop/project2_ws/install/odometry/lib/pkgconfig/odometry.pc'
[1.322s] Level 1:colcon.colcon_core.environment:checking '/home/leoo/Desktop/project2_ws/install/odometry/lib/python3.8/site-packages'
[1.323s] Level 1:colcon.colcon_core.environment:checking '/home/leoo/Desktop/project2_ws/install/odometry/bin'
[1.323s] INFO:colcon.colcon_core.shell:Creating package script '/home/leoo/Desktop/project2_ws/install/odometry/share/odometry/package.ps1'
[1.325s] INFO:colcon.colcon_core.shell:Creating package descriptor '/home/leoo/Desktop/project2_ws/install/odometry/share/odometry/package.dsv'
[1.326s] INFO:colcon.colcon_core.shell:Creating package script '/home/leoo/Desktop/project2_ws/install/odometry/share/odometry/package.sh'
[1.328s] INFO:colcon.colcon_core.shell:Creating package script '/home/leoo/Desktop/project2_ws/install/odometry/share/odometry/package.bash'
[1.329s] INFO:colcon.colcon_core.shell:Creating package script '/home/leoo/Desktop/project2_ws/install/odometry/share/odometry/package.zsh'
[1.331s] Level 1:colcon.colcon_core.environment:create_file_with_runtime_dependencies(/home/leoo/Desktop/project2_ws/install/odometry/share/colcon-core/packages/odometry)
[1.337s] Level 1:colcon.colcon_core.environment:create_environment_scripts_only(project2_pkg)
[1.338s] Level 1:colcon.colcon_core.environment:checking '/home/leoo/Desktop/project2_ws/install/project2_pkg' for CMake module files
[1.339s] DEBUG:colcon.colcon_core.event_handler.log_command:Invoked command in '/home/leoo/Desktop/project2_ws/build/project2_pkg' returned '0': CMAKE_PREFIX_PATH=${CMAKE_PREFIX_PATH}:/home/leoo/Desktop/project2_ws/install/robot_arm_control:/home/leoo/Desktop/project2_ws/install/project2_control:/opt/ros/galactic /home/leoo/.local/bin/cmake --install /home/leoo/Desktop/project2_ws/build/project2_pkg
[1.341s] Level 1:colcon.colcon_core.environment:checking '/home/leoo/Desktop/project2_ws/install/project2_pkg' for CMake config files
[1.341s] Level 1:colcon.colcon_core.shell:create_environment_hook('project2_pkg', 'cmake_prefix_path')
[1.342s] INFO:colcon.colcon_core.shell:Creating environment hook '/home/leoo/Desktop/project2_ws/install/project2_pkg/share/project2_pkg/hook/cmake_prefix_path.ps1'
[1.343s] INFO:colcon.colcon_core.shell:Creating environment descriptor '/home/leoo/Desktop/project2_ws/install/project2_pkg/share/project2_pkg/hook/cmake_prefix_path.dsv'
[1.344s] INFO:colcon.colcon_core.shell:Creating environment hook '/home/leoo/Desktop/project2_ws/install/project2_pkg/share/project2_pkg/hook/cmake_prefix_path.sh'
[1.346s] Level 1:colcon.colcon_core.environment:checking '/home/leoo/Desktop/project2_ws/install/project2_pkg/lib'
[1.346s] Level 1:colcon.colcon_core.environment:checking '/home/leoo/Desktop/project2_ws/install/project2_pkg/bin'
[1.346s] Level 1:colcon.colcon_core.environment:checking '/home/leoo/Desktop/project2_ws/install/project2_pkg/lib/pkgconfig/project2_pkg.pc'
[1.346s] Level 1:colcon.colcon_core.environment:checking '/home/leoo/Desktop/project2_ws/install/project2_pkg/lib/python3.8/site-packages'
[1.347s] Level 1:colcon.colcon_core.environment:checking '/home/leoo/Desktop/project2_ws/install/project2_pkg/bin'
[1.347s] INFO:colcon.colcon_core.shell:Creating package script '/home/leoo/Desktop/project2_ws/install/project2_pkg/share/project2_pkg/package.ps1'
[1.348s] INFO:colcon.colcon_core.shell:Creating package descriptor '/home/leoo/Desktop/project2_ws/install/project2_pkg/share/project2_pkg/package.dsv'
[1.350s] INFO:colcon.colcon_core.shell:Creating package script '/home/leoo/Desktop/project2_ws/install/project2_pkg/share/project2_pkg/package.sh'
[1.351s] INFO:colcon.colcon_core.shell:Creating package script '/home/leoo/Desktop/project2_ws/install/project2_pkg/share/project2_pkg/package.bash'
[1.352s] INFO:colcon.colcon_core.shell:Creating package script '/home/leoo/Desktop/project2_ws/install/project2_pkg/share/project2_pkg/package.zsh'
[1.353s] Level 1:colcon.colcon_core.environment:create_file_with_runtime_dependencies(/home/leoo/Desktop/project2_ws/install/project2_pkg/share/colcon-core/packages/project2_pkg)
[1.445s] Level 1:colcon.colcon_core.environment:create_environment_scripts_only(odometry)
[1.445s] Level 1:colcon.colcon_core.environment:checking '/home/leoo/Desktop/project2_ws/install/odometry' for CMake module files
[1.446s] Level 1:colcon.colcon_core.environment:checking '/home/leoo/Desktop/project2_ws/install/odometry' for CMake config files
[1.446s] Level 1:colcon.colcon_core.shell:create_environment_hook('odometry', 'cmake_prefix_path')
[1.447s] INFO:colcon.colcon_core.shell:Creating environment hook '/home/leoo/Desktop/project2_ws/install/odometry/share/odometry/hook/cmake_prefix_path.ps1'
[1.448s] INFO:colcon.colcon_core.shell:Creating environment descriptor '/home/leoo/Desktop/project2_ws/install/odometry/share/odometry/hook/cmake_prefix_path.dsv'
[1.449s] INFO:colcon.colcon_core.shell:Creating environment hook '/home/leoo/Desktop/project2_ws/install/odometry/share/odometry/hook/cmake_prefix_path.sh'
[1.450s] Level 1:colcon.colcon_core.environment:checking '/home/leoo/Desktop/project2_ws/install/odometry/lib'
[1.450s] Level 1:colcon.colcon_core.shell:create_environment_hook('odometry', 'ld_library_path_lib')
[1.451s] INFO:colcon.colcon_core.shell:Creating environment hook '/home/leoo/Desktop/project2_ws/install/odometry/share/odometry/hook/ld_library_path_lib.ps1'
[1.452s] INFO:colcon.colcon_core.shell:Creating environment descriptor '/home/leoo/Desktop/project2_ws/install/odometry/share/odometry/hook/ld_library_path_lib.dsv'
[1.453s] INFO:colcon.colcon_core.shell:Creating environment hook '/home/leoo/Desktop/project2_ws/install/odometry/share/odometry/hook/ld_library_path_lib.sh'
[1.454s] Level 1:colcon.colcon_core.environment:checking '/home/leoo/Desktop/project2_ws/install/odometry/bin'
[1.454s] Level 1:colcon.colcon_core.environment:checking '/home/leoo/Desktop/project2_ws/install/odometry/lib/pkgconfig/odometry.pc'
[1.454s] Level 1:colcon.colcon_core.environment:checking '/home/leoo/Desktop/project2_ws/install/odometry/lib/python3.8/site-packages'
[1.455s] Level 1:colcon.colcon_core.environment:checking '/home/leoo/Desktop/project2_ws/install/odometry/bin'
[1.455s] INFO:colcon.colcon_core.shell:Creating package script '/home/leoo/Desktop/project2_ws/install/odometry/share/odometry/package.ps1'
[1.456s] INFO:colcon.colcon_core.shell:Creating package descriptor '/home/leoo/Desktop/project2_ws/install/odometry/share/odometry/package.dsv'
[1.457s] INFO:colcon.colcon_core.shell:Creating package script '/home/leoo/Desktop/project2_ws/install/odometry/share/odometry/package.sh'
[1.458s] INFO:colcon.colcon_core.shell:Creating package script '/home/leoo/Desktop/project2_ws/install/odometry/share/odometry/package.bash'
[1.459s] INFO:colcon.colcon_core.shell:Creating package script '/home/leoo/Desktop/project2_ws/install/odometry/share/odometry/package.zsh'
[1.461s] Level 1:colcon.colcon_core.environment:create_file_with_runtime_dependencies(/home/leoo/Desktop/project2_ws/install/odometry/share/colcon-core/packages/odometry)
[1.477s] Level 1:colcon.colcon_core.environment:create_environment_scripts_only(project2_pkg)
[1.477s] Level 1:colcon.colcon_core.environment:checking '/home/leoo/Desktop/project2_ws/install/project2_pkg' for CMake module files
[1.478s] Level 1:colcon.colcon_core.environment:checking '/home/leoo/Desktop/project2_ws/install/project2_pkg' for CMake config files
[1.478s] Level 1:colcon.colcon_core.shell:create_environment_hook('project2_pkg', 'cmake_prefix_path')
[1.478s] INFO:colcon.colcon_core.shell:Creating environment hook '/home/leoo/Desktop/project2_ws/install/project2_pkg/share/project2_pkg/hook/cmake_prefix_path.ps1'
[1.479s] INFO:colcon.colcon_core.shell:Creating environment descriptor '/home/leoo/Desktop/project2_ws/install/project2_pkg/share/project2_pkg/hook/cmake_prefix_path.dsv'
[1.481s] INFO:colcon.colcon_core.shell:Creating environment hook '/home/leoo/Desktop/project2_ws/install/project2_pkg/share/project2_pkg/hook/cmake_prefix_path.sh'
[1.485s] Level 1:colcon.colcon_core.environment:checking '/home/leoo/Desktop/project2_ws/install/project2_pkg/lib'
[1.485s] Level 1:colcon.colcon_core.environment:checking '/home/leoo/Desktop/project2_ws/install/project2_pkg/bin'
[1.486s] Level 1:colcon.colcon_core.environment:checking '/home/leoo/Desktop/project2_ws/install/project2_pkg/lib/pkgconfig/project2_pkg.pc'
[1.486s] Level 1:colcon.colcon_core.environment:checking '/home/leoo/Desktop/project2_ws/install/project2_pkg/lib/python3.8/site-packages'
[1.487s] Level 1:colcon.colcon_core.environment:checking '/home/leoo/Desktop/project2_ws/install/project2_pkg/bin'
[1.487s] INFO:colcon.colcon_core.shell:Creating package script '/home/leoo/Desktop/project2_ws/install/project2_pkg/share/project2_pkg/package.ps1'
[1.488s] INFO:colcon.colcon_core.shell:Creating package descriptor '/home/leoo/Desktop/project2_ws/install/project2_pkg/share/project2_pkg/package.dsv'
[1.491s] INFO:colcon.colcon_core.shell:Creating package script '/home/leoo/Desktop/project2_ws/install/project2_pkg/share/project2_pkg/package.sh'
[1.492s] INFO:colcon.colcon_core.shell:Creating package script '/home/leoo/Desktop/project2_ws/install/project2_pkg/share/project2_pkg/package.bash'
[1.493s] INFO:colcon.colcon_core.shell:Creating package script '/home/leoo/Desktop/project2_ws/install/project2_pkg/share/project2_pkg/package.zsh'
[1.495s] Level 1:colcon.colcon_core.environment:create_file_with_runtime_dependencies(/home/leoo/Desktop/project2_ws/install/project2_pkg/share/colcon-core/packages/project2_pkg)
[1.567s] DEBUG:colcon.colcon_core.event_handler.log_command:Invoking command in '/home/leoo/Desktop/project2_ws/src/project2_control': PYTHONPATH=/home/leoo/Desktop/project2_ws/build/project2_control/prefix_override:/usr/lib/python3/dist-packages/colcon_core/task/python/colcon_distutils_commands:/home/leoo/Desktop/project2_ws/install/project2_control/lib/python3.8/site-packages:${PYTHONPATH} /usr/bin/python3 -W ignore:setup.py install is deprecated setup.py egg_info --egg-base ../../build/project2_control build --build-base /home/leoo/Desktop/project2_ws/build/project2_control/build install --record /home/leoo/Desktop/project2_ws/build/project2_control/install.log --single-version-externally-managed install_data
[1.580s] DEBUG:colcon.colcon_core.event_handler.log_command:Invoking command in '/home/leoo/Desktop/project2_ws/src/robot_arm_control': PYTHONPATH=/home/leoo/Desktop/project2_ws/build/robot_arm_control/prefix_override:/usr/lib/python3/dist-packages/colcon_core/task/python/colcon_distutils_commands:/home/leoo/Desktop/project2_ws/install/robot_arm_control/lib/python3.8/site-packages:${PYTHONPATH} /usr/bin/python3 -W ignore:setup.py install is deprecated setup.py egg_info --egg-base ../../build/robot_arm_control build --build-base /home/leoo/Desktop/project2_ws/build/robot_arm_control/build install --record /home/leoo/Desktop/project2_ws/build/robot_arm_control/install.log --single-version-externally-managed install_data
[1.958s] Level 1:colcon.colcon_core.environment:checking '/home/leoo/Desktop/project2_ws/install/robot_arm_control' for CMake module files
[1.959s] DEBUG:colcon.colcon_core.event_handler.log_command:Invoked command in '/home/leoo/Desktop/project2_ws/src/robot_arm_control' returned '0': PYTHONPATH=/home/leoo/Desktop/project2_ws/build/robot_arm_control/prefix_override:/usr/lib/python3/dist-packages/colcon_core/task/python/colcon_distutils_commands:/home/leoo/Desktop/project2_ws/install/robot_arm_control/lib/python3.8/site-packages:${PYTHONPATH} /usr/bin/python3 -W ignore:setup.py install is deprecated setup.py egg_info --egg-base ../../build/robot_arm_control build --build-base /home/leoo/Desktop/project2_ws/build/robot_arm_control/build install --record /home/leoo/Desktop/project2_ws/build/robot_arm_control/install.log --single-version-externally-managed install_data
[1.960s] Level 1:colcon.colcon_core.environment:checking '/home/leoo/Desktop/project2_ws/install/robot_arm_control' for CMake config files
[1.961s] Level 1:colcon.colcon_core.environment:checking '/home/leoo/Desktop/project2_ws/install/robot_arm_control/lib'
[1.961s] Level 1:colcon.colcon_core.environment:checking '/home/leoo/Desktop/project2_ws/install/robot_arm_control/bin'
[1.961s] Level 1:colcon.colcon_core.environment:checking '/home/leoo/Desktop/project2_ws/install/robot_arm_control/lib/pkgconfig/robot_arm_control.pc'
[1.961s] Level 1:colcon.colcon_core.environment:checking '/home/leoo/Desktop/project2_ws/install/robot_arm_control/lib/python3.8/site-packages'
[1.962s] Level 1:colcon.colcon_core.shell:create_environment_hook('robot_arm_control', 'pythonpath')
[1.962s] INFO:colcon.colcon_core.shell:Creating environment hook '/home/leoo/Desktop/project2_ws/install/robot_arm_control/share/robot_arm_control/hook/pythonpath.ps1'
[1.963s] INFO:colcon.colcon_core.shell:Creating environment descriptor '/home/leoo/Desktop/project2_ws/install/robot_arm_control/share/robot_arm_control/hook/pythonpath.dsv'
[1.964s] INFO:colcon.colcon_core.shell:Creating environment hook '/home/leoo/Desktop/project2_ws/install/robot_arm_control/share/robot_arm_control/hook/pythonpath.sh'
[1.966s] Level 1:colcon.colcon_core.environment:checking '/home/leoo/Desktop/project2_ws/install/robot_arm_control/bin'
[1.966s] Level 1:colcon.colcon_core.environment:create_environment_scripts_only(robot_arm_control)
[1.966s] INFO:colcon.colcon_core.shell:Creating package script '/home/leoo/Desktop/project2_ws/install/robot_arm_control/share/robot_arm_control/package.ps1'
[1.967s] INFO:colcon.colcon_core.shell:Creating package descriptor '/home/leoo/Desktop/project2_ws/install/robot_arm_control/share/robot_arm_control/package.dsv'
[1.968s] INFO:colcon.colcon_core.shell:Creating package script '/home/leoo/Desktop/project2_ws/install/robot_arm_control/share/robot_arm_control/package.sh'
[1.969s] INFO:colcon.colcon_core.shell:Creating package script '/home/leoo/Desktop/project2_ws/install/robot_arm_control/share/robot_arm_control/package.bash'
[1.969s] INFO:colcon.colcon_core.shell:Creating package script '/home/leoo/Desktop/project2_ws/install/robot_arm_control/share/robot_arm_control/package.zsh'
[1.970s] Level 1:colcon.colcon_core.environment:create_file_with_runtime_dependencies(/home/leoo/Desktop/project2_ws/install/robot_arm_control/share/colcon-core/packages/robot_arm_control)
[1.973s] Level 1:colcon.colcon_core.environment:checking '/home/leoo/Desktop/project2_ws/install/project2_control' for CMake module files
[1.974s] Level 1:colcon.colcon_core.environment:checking '/home/leoo/Desktop/project2_ws/install/project2_control' for CMake config files
[1.975s] DEBUG:colcon.colcon_core.event_handler.log_command:Invoked command in '/home/leoo/Desktop/project2_ws/src/project2_control' returned '0': PYTHONPATH=/home/leoo/Desktop/project2_ws/build/project2_control/prefix_override:/usr/lib/python3/dist-packages/colcon_core/task/python/colcon_distutils_commands:/home/leoo/Desktop/project2_ws/install/project2_control/lib/python3.8/site-packages:${PYTHONPATH} /usr/bin/python3 -W ignore:setup.py install is deprecated setup.py egg_info --egg-base ../../build/project2_control build --build-base /home/leoo/Desktop/project2_ws/build/project2_control/build install --record /home/leoo/Desktop/project2_ws/build/project2_control/install.log --single-version-externally-managed install_data
[1.976s] Level 1:colcon.colcon_core.environment:checking '/home/leoo/Desktop/project2_ws/install/project2_control/lib'
[1.976s] Level 1:colcon.colcon_core.environment:checking '/home/leoo/Desktop/project2_ws/install/project2_control/bin'
[1.976s] Level 1:colcon.colcon_core.environment:checking '/home/leoo/Desktop/project2_ws/install/project2_control/lib/pkgconfig/project2_control.pc'
[1.976s] Level 1:colcon.colcon_core.environment:checking '/home/leoo/Desktop/project2_ws/install/project2_control/lib/python3.8/site-packages'
[1.977s] Level 1:colcon.colcon_core.shell:create_environment_hook('project2_control', 'pythonpath')
[1.977s] INFO:colcon.colcon_core.shell:Creating environment hook '/home/leoo/Desktop/project2_ws/install/project2_control/share/project2_control/hook/pythonpath.ps1'
[1.978s] INFO:colcon.colcon_core.shell:Creating environment descriptor '/home/leoo/Desktop/project2_ws/install/project2_control/share/project2_control/hook/pythonpath.dsv'
[1.978s] INFO:colcon.colcon_core.shell:Creating environment hook '/home/leoo/Desktop/project2_ws/install/project2_control/share/project2_control/hook/pythonpath.sh'
[1.979s] Level 1:colcon.colcon_core.environment:checking '/home/leoo/Desktop/project2_ws/install/project2_control/bin'
[1.980s] Level 1:colcon.colcon_core.environment:create_environment_scripts_only(project2_control)
[1.980s] INFO:colcon.colcon_core.shell:Creating package script '/home/leoo/Desktop/project2_ws/install/project2_control/share/project2_control/package.ps1'
[1.981s] INFO:colcon.colcon_core.shell:Creating package descriptor '/home/leoo/Desktop/project2_ws/install/project2_control/share/project2_control/package.dsv'
[1.982s] INFO:colcon.colcon_core.shell:Creating package script '/home/leoo/Desktop/project2_ws/install/project2_control/share/project2_control/package.sh'
[1.984s] INFO:colcon.colcon_core.shell:Creating package script '/home/leoo/Desktop/project2_ws/install/project2_control/share/project2_control/package.bash'
[1.985s] INFO:colcon.colcon_core.shell:Creating package script '/home/leoo/Desktop/project2_ws/install/project2_control/share/project2_control/package.zsh'
[1.986s] Level 1:colcon.colcon_core.environment:create_file_with_runtime_dependencies(/home/leoo/Desktop/project2_ws/install/project2_control/share/colcon-core/packages/project2_control)
[1.987s] DEBUG:colcon.colcon_parallel_executor.executor.parallel:closing loop
[1.988s] DEBUG:colcon.colcon_parallel_executor.executor.parallel:loop closed
[1.988s] DEBUG:colcon.colcon_parallel_executor.executor.parallel:run_until_complete finished with '0'
[1.989s] DEBUG:colcon.colcon_core.event_reactor:joining thread
[1.998s] INFO:colcon.colcon_core.plugin_system:Skipping extension 'colcon_notification.desktop_notification.terminal_notifier': Not used on non-Darwin systems
[1.999s] INFO:colcon.colcon_core.plugin_system:Skipping extension 'colcon_notification.desktop_notification.win32': Not used on non-Windows systems
[1.999s] INFO:colcon.colcon_notification.desktop_notification:Sending desktop notification using 'notify2'
[2.020s] DEBUG:colcon.colcon_core.event_reactor:joined thread
[2.020s] INFO:colcon.colcon_core.shell:Creating prefix script '/home/leoo/Desktop/project2_ws/install/local_setup.ps1'
[2.022s] INFO:colcon.colcon_core.shell:Creating prefix util module '/home/leoo/Desktop/project2_ws/install/_local_setup_util_ps1.py'
[2.024s] INFO:colcon.colcon_core.shell:Creating prefix chain script '/home/leoo/Desktop/project2_ws/install/setup.ps1'
[2.026s] INFO:colcon.colcon_core.shell:Creating prefix script '/home/leoo/Desktop/project2_ws/install/local_setup.sh'
[2.027s] INFO:colcon.colcon_core.shell:Creating prefix util module '/home/leoo/Desktop/project2_ws/install/_local_setup_util_sh.py'
[2.029s] INFO:colcon.colcon_core.shell:Creating prefix chain script '/home/leoo/Desktop/project2_ws/install/setup.sh'
[2.031s] INFO:colcon.colcon_core.shell:Creating prefix script '/home/leoo/Desktop/project2_ws/install/local_setup.bash'
[2.032s] INFO:colcon.colcon_core.shell:Creating prefix chain script '/home/leoo/Desktop/project2_ws/install/setup.bash'
[2.033s] INFO:colcon.colcon_core.shell:Creating prefix script '/home/leoo/Desktop/project2_ws/install/local_setup.zsh'
[2.035s] INFO:colcon.colcon_core.shell:Creating prefix chain script '/home/leoo/Desktop/project2_ws/install/setup.zsh'
