[0.370s] Invoking command in '/home/leoo/Desktop/project2_ws/build/project2_pkg': CMAKE_PREFIX_PATH=${CMAKE_PREFIX_PATH}:/home/leoo/Desktop/project2_ws/install/robot_arm_control:/home/leoo/Desktop/project2_ws/install/project2_control:/opt/ros/galactic /home/leoo/.local/bin/cmake --build /home/leoo/Desktop/project2_ws/build/project2_pkg -- -j8 -l8
[0.605s] Invoked command in '/home/leoo/Desktop/project2_ws/build/project2_pkg' returned '0': CMAKE_PREFIX_PATH=${CMAKE_PREFIX_PATH}:/home/leoo/Desktop/project2_ws/install/robot_arm_control:/home/leoo/Desktop/project2_ws/install/project2_control:/opt/ros/galactic /home/leoo/.local/bin/cmake --build /home/leoo/Desktop/project2_ws/build/project2_pkg -- -j8 -l8
[0.834s] Invoking command in '/home/leoo/Desktop/project2_ws/build/project2_pkg': CMAKE_PREFIX_PATH=${CMAKE_PREFIX_PATH}:/home/leoo/Desktop/project2_ws/install/robot_arm_control:/home/leoo/Desktop/project2_ws/install/project2_control:/opt/ros/galactic /home/leoo/.local/bin/cmake --install /home/leoo/Desktop/project2_ws/build/project2_pkg
[0.921s] -- Install configuration: ""
[0.921s] -- Up-to-date: /home/leoo/Desktop/project2_ws/install/project2_pkg/share/project2_pkg//urdf
[0.921s] -- Up-to-date: /home/leoo/Desktop/project2_ws/install/project2_pkg/share/project2_pkg//urdf/project2_pkg.csv
[0.921s] -- Up-to-date: /home/leoo/Desktop/project2_ws/install/project2_pkg/share/project2_pkg//urdf/project2_pkg.urdf.xacro
[0.921s] -- Up-to-date: /home/leoo/Desktop/project2_ws/install/project2_pkg/share/project2_pkg//meshes
[0.921s] -- Up-to-date: /home/leoo/Desktop/project2_ws/install/project2_pkg/share/project2_pkg//meshes/rrw.STL
[0.921s] -- Up-to-date: /home/leoo/Desktop/project2_ws/install/project2_pkg/share/project2_pkg//meshes/link4.STL
[0.921s] -- Up-to-date: /home/leoo/Desktop/project2_ws/install/project2_pkg/share/project2_pkg//meshes/flw.STL
[0.921s] -- Up-to-date: /home/leoo/Desktop/project2_ws/install/project2_pkg/share/project2_pkg//meshes/link2.STL
[0.922s] -- Up-to-date: /home/leoo/Desktop/project2_ws/install/project2_pkg/share/project2_pkg//meshes/link3.STL
[0.922s] -- Up-to-date: /home/leoo/Desktop/project2_ws/install/project2_pkg/share/project2_pkg//meshes/chassi.STL
[0.922s] -- Up-to-date: /home/leoo/Desktop/project2_ws/install/project2_pkg/share/project2_pkg//meshes/link1.STL
[0.922s] -- Up-to-date: /home/leoo/Desktop/project2_ws/install/project2_pkg/share/project2_pkg//meshes/rlw.STL
[0.925s] -- Up-to-date: /home/leoo/Desktop/project2_ws/install/project2_pkg/share/project2_pkg//meshes/frw.STL
[0.925s] -- Up-to-date: /home/leoo/Desktop/project2_ws/install/project2_pkg/share/project2_pkg//meshes/ef.STL
[0.925s] -- Up-to-date: /home/leoo/Desktop/project2_ws/install/project2_pkg/share/project2_pkg//launch
[0.925s] -- Installing: /home/leoo/Desktop/project2_ws/install/project2_pkg/share/project2_pkg//launch/gazebo.launch.py
[0.928s] -- Installing: /home/leoo/Desktop/project2_ws/install/project2_pkg/share/project2_pkg//launch/debug.launch.py
[0.930s] -- Installing: /home/leoo/Desktop/project2_ws/install/project2_pkg/share/project2_pkg//launch/spawn_robot_ros2.launch.py
[0.930s] -- Installing: /home/leoo/Desktop/project2_ws/install/project2_pkg/share/project2_pkg//launch/display.launch.py
[0.931s] -- Installing: /home/leoo/Desktop/project2_ws/install/project2_pkg/share/project2_pkg//launch/robot_description_publisher.py
[0.933s] -- Installing: /home/leoo/Desktop/project2_ws/install/project2_pkg/share/project2_pkg//launch/competition.launch.py
[0.934s] -- Up-to-date: /home/leoo/Desktop/project2_ws/install/project2_pkg/share/project2_pkg//worlds
[0.934s] -- Up-to-date: /home/leoo/Desktop/project2_ws/install/project2_pkg/share/project2_pkg//worlds/empty_world.world
[0.935s] -- Up-to-date: /home/leoo/Desktop/project2_ws/install/project2_pkg/share/project2_pkg//config
[0.935s] -- Up-to-date: /home/leoo/Desktop/project2_ws/install/project2_pkg/share/project2_pkg//config/control.yaml
[0.935s] -- Up-to-date: /home/leoo/Desktop/project2_ws/install/project2_pkg/share/project2_pkg//competition
[0.936s] -- Up-to-date: /home/leoo/Desktop/project2_ws/install/project2_pkg/share/project2_pkg//competition/arena
[0.936s] -- Up-to-date: /home/leoo/Desktop/project2_ws/install/project2_pkg/share/project2_pkg//competition/arena/meshes
[0.937s] -- Up-to-date: /home/leoo/Desktop/project2_ws/install/project2_pkg/share/project2_pkg//competition/arena/meshes/check_point.STL
[0.937s] -- Up-to-date: /home/leoo/Desktop/project2_ws/install/project2_pkg/share/project2_pkg//competition/arena/meshes/track.STL
[0.938s] -- Up-to-date: /home/leoo/Desktop/project2_ws/install/project2_pkg/share/project2_pkg//competition/arena/meshes/base_link.STL
[0.938s] -- Up-to-date: /home/leoo/Desktop/project2_ws/install/project2_pkg/share/project2_pkg//competition/arena/model.urdf.xacro
[0.938s] -- Up-to-date: /home/leoo/Desktop/project2_ws/install/project2_pkg/share/project2_pkg//competition/arena/model.config
[0.938s] -- Up-to-date: /home/leoo/Desktop/project2_ws/install/project2_pkg/share/project2_pkg//competition/arena/model.sdf
[0.939s] -- Up-to-date: /home/leoo/Desktop/project2_ws/install/project2_pkg/share/project2_pkg//competition/worlds
[0.939s] -- Up-to-date: /home/leoo/Desktop/project2_ws/install/project2_pkg/share/project2_pkg//competition/worlds/competition.world
[0.939s] -- Up-to-date: /home/leoo/Desktop/project2_ws/install/project2_pkg/include/project2_pkg
[0.939s] -- Installing: /home/leoo/Desktop/project2_ws/install/project2_pkg/lib/project2_pkg/robot_description_publisher.py
[0.939s] -- Up-to-date: /home/leoo/Desktop/project2_ws/install/project2_pkg/share/ament_index/resource_index/package_run_dependencies/project2_pkg
[0.939s] -- Up-to-date: /home/leoo/Desktop/project2_ws/install/project2_pkg/share/ament_index/resource_index/parent_prefix_path/project2_pkg
[0.939s] -- Up-to-date: /home/leoo/Desktop/project2_ws/install/project2_pkg/share/project2_pkg/environment/ament_prefix_path.sh
[0.940s] -- Up-to-date: /home/leoo/Desktop/project2_ws/install/project2_pkg/share/project2_pkg/environment/ament_prefix_path.dsv
[0.940s] -- Up-to-date: /home/leoo/Desktop/project2_ws/install/project2_pkg/share/project2_pkg/environment/path.sh
[0.940s] -- Up-to-date: /home/leoo/Desktop/project2_ws/install/project2_pkg/share/project2_pkg/environment/path.dsv
[0.940s] -- Up-to-date: /home/leoo/Desktop/project2_ws/install/project2_pkg/share/project2_pkg/local_setup.bash
[0.940s] -- Up-to-date: /home/leoo/Desktop/project2_ws/install/project2_pkg/share/project2_pkg/local_setup.sh
[0.940s] -- Up-to-date: /home/leoo/Desktop/project2_ws/install/project2_pkg/share/project2_pkg/local_setup.zsh
[0.940s] -- Up-to-date: /home/leoo/Desktop/project2_ws/install/project2_pkg/share/project2_pkg/local_setup.dsv
[0.940s] -- Up-to-date: /home/leoo/Desktop/project2_ws/install/project2_pkg/share/project2_pkg/package.dsv
[0.941s] -- Up-to-date: /home/leoo/Desktop/project2_ws/install/project2_pkg/share/ament_index/resource_index/packages/project2_pkg
[0.941s] -- Up-to-date: /home/leoo/Desktop/project2_ws/install/project2_pkg/share/project2_pkg/cmake/project2_pkgConfig.cmake
[0.941s] -- Up-to-date: /home/leoo/Desktop/project2_ws/install/project2_pkg/share/project2_pkg/cmake/project2_pkgConfig-version.cmake
[0.941s] -- Up-to-date: /home/leoo/Desktop/project2_ws/install/project2_pkg/share/project2_pkg/package.xml
[0.995s] Invoked command in '/home/leoo/Desktop/project2_ws/build/project2_pkg' returned '0': CMAKE_PREFIX_PATH=${CMAKE_PREFIX_PATH}:/home/leoo/Desktop/project2_ws/install/robot_arm_control:/home/leoo/Desktop/project2_ws/install/project2_control:/opt/ros/galactic /home/leoo/.local/bin/cmake --install /home/leoo/Desktop/project2_ws/build/project2_pkg
