[0.183s] DEBUG:colcon:Command line arguments: ['/usr/bin/colcon', 'build']
[0.183s] DEBUG:colcon:Parsed command line arguments: Namespace(allow_overriding=[], ament_cmake_args=None, base_paths=['.'], build_base='build', catkin_cmake_args=None, catkin_skip_building_tests=False, cmake_args=None, cmake_clean_cache=False, cmake_clean_first=False, cmake_force_configure=False, cmake_target=None, cmake_target_skip_unavailable=False, continue_on_error=False, event_handlers=None, executor='parallel', ignore_user_meta=False, install_base='install', log_base=None, log_level=None, main=<bound method BuildVerb.main of <colcon_core.verb.build.BuildVerb object at 0x7f1af0bdafd0>>, merge_install=False, metas=['./colcon.meta'], packages_above=None, packages_above_and_dependencies=None, packages_above_depth=None, packages_end=None, packages_ignore=None, packages_ignore_regex=None, packages_select=None, packages_select_build_failed=False, packages_select_by_dep=None, packages_select_regex=None, packages_select_test_failures=False, packages_skip=None, packages_skip_build_finished=False, packages_skip_by_dep=None, packages_skip_regex=None, packages_skip_test_passed=False, packages_skip_up_to=None, packages_start=None, packages_up_to=None, packages_up_to_regex=None, parallel_workers=8, paths=None, symlink_install=False, test_result_base=None, verb_extension=<colcon_core.verb.build.BuildVerb object at 0x7f1af0bdafd0>, verb_name='build', verb_parser=<colcon_defaults.argument_parser.defaults.DefaultArgumentsDecorator object at 0x7f1af0c2f520>)
[0.332s] Level 1:colcon.colcon_core.package_discovery:discover_packages(colcon_meta) check parameters
[0.332s] Level 1:colcon.colcon_core.package_discovery:discover_packages(recursive) check parameters
[0.333s] Level 1:colcon.colcon_core.package_discovery:discover_packages(ignore) check parameters
[0.333s] Level 1:colcon.colcon_core.package_discovery:discover_packages(path) check parameters
[0.333s] Level 1:colcon.colcon_core.package_discovery:discover_packages(colcon_meta) discover
[0.333s] Level 1:colcon.colcon_core.package_discovery:discover_packages(recursive) discover
[0.333s] INFO:colcon.colcon_core.package_discovery:Crawling recursively for packages in '/home/leoo/Desktop/project2_ws'
[0.333s] Level 1:colcon.colcon_core.package_identification:_identify(.) by extensions ['ignore', 'ignore_ament_install']
[0.333s] Level 1:colcon.colcon_core.package_identification:_identify(.) by extension 'ignore'
[0.334s] Level 1:colcon.colcon_core.package_identification:_identify(.) by extension 'ignore_ament_install'
[0.334s] Level 1:colcon.colcon_core.package_identification:_identify(.) by extensions ['colcon_pkg']
[0.334s] Level 1:colcon.colcon_core.package_identification:_identify(.) by extension 'colcon_pkg'
[0.334s] Level 1:colcon.colcon_core.package_identification:_identify(.) by extensions ['colcon_meta']
[0.334s] Level 1:colcon.colcon_core.package_identification:_identify(.) by extension 'colcon_meta'
[0.334s] Level 1:colcon.colcon_core.package_identification:_identify(.) by extensions ['ros']
[0.334s] Level 1:colcon.colcon_core.package_identification:_identify(.) by extension 'ros'
[0.347s] Level 1:colcon.colcon_core.package_identification:_identify(.) by extensions ['cmake', 'python']
[0.347s] Level 1:colcon.colcon_core.package_identification:_identify(.) by extension 'cmake'
[0.347s] Level 1:colcon.colcon_core.package_identification:_identify(.) by extension 'python'
[0.347s] Level 1:colcon.colcon_core.package_identification:_identify(.) by extensions ['python_setup_py']
[0.347s] Level 1:colcon.colcon_core.package_identification:_identify(.) by extension 'python_setup_py'
[0.347s] Level 1:colcon.colcon_core.package_identification:_identify(build) by extensions ['ignore', 'ignore_ament_install']
[0.347s] Level 1:colcon.colcon_core.package_identification:_identify(build) by extension 'ignore'
[0.348s] Level 1:colcon.colcon_core.package_identification:_identify(build) ignored
[0.348s] Level 1:colcon.colcon_core.package_identification:_identify(install) by extensions ['ignore', 'ignore_ament_install']
[0.348s] Level 1:colcon.colcon_core.package_identification:_identify(install) by extension 'ignore'
[0.348s] Level 1:colcon.colcon_core.package_identification:_identify(install) ignored
[0.348s] Level 1:colcon.colcon_core.package_identification:_identify(log) by extensions ['ignore', 'ignore_ament_install']
[0.348s] Level 1:colcon.colcon_core.package_identification:_identify(log) by extension 'ignore'
[0.348s] Level 1:colcon.colcon_core.package_identification:_identify(log) ignored
[0.348s] Level 1:colcon.colcon_core.package_identification:_identify(src) by extensions ['ignore', 'ignore_ament_install']
[0.348s] Level 1:colcon.colcon_core.package_identification:_identify(src) by extension 'ignore'
[0.349s] Level 1:colcon.colcon_core.package_identification:_identify(src) by extension 'ignore_ament_install'
[0.349s] Level 1:colcon.colcon_core.package_identification:_identify(src) by extensions ['colcon_pkg']
[0.349s] Level 1:colcon.colcon_core.package_identification:_identify(src) by extension 'colcon_pkg'
[0.349s] Level 1:colcon.colcon_core.package_identification:_identify(src) by extensions ['colcon_meta']
[0.349s] Level 1:colcon.colcon_core.package_identification:_identify(src) by extension 'colcon_meta'
[0.349s] Level 1:colcon.colcon_core.package_identification:_identify(src) by extensions ['ros']
[0.349s] Level 1:colcon.colcon_core.package_identification:_identify(src) by extension 'ros'
[0.349s] Level 1:colcon.colcon_core.package_identification:_identify(src) by extensions ['cmake', 'python']
[0.349s] Level 1:colcon.colcon_core.package_identification:_identify(src) by extension 'cmake'
[0.349s] Level 1:colcon.colcon_core.package_identification:_identify(src) by extension 'python'
[0.349s] Level 1:colcon.colcon_core.package_identification:_identify(src) by extensions ['python_setup_py']
[0.349s] Level 1:colcon.colcon_core.package_identification:_identify(src) by extension 'python_setup_py'
[0.349s] Level 1:colcon.colcon_core.package_identification:_identify(src/odometry) by extensions ['ignore', 'ignore_ament_install']
[0.349s] Level 1:colcon.colcon_core.package_identification:_identify(src/odometry) by extension 'ignore'
[0.349s] Level 1:colcon.colcon_core.package_identification:_identify(src/odometry) by extension 'ignore_ament_install'
[0.349s] Level 1:colcon.colcon_core.package_identification:_identify(src/odometry) by extensions ['colcon_pkg']
[0.349s] Level 1:colcon.colcon_core.package_identification:_identify(src/odometry) by extension 'colcon_pkg'
[0.349s] Level 1:colcon.colcon_core.package_identification:_identify(src/odometry) by extensions ['colcon_meta']
[0.349s] Level 1:colcon.colcon_core.package_identification:_identify(src/odometry) by extension 'colcon_meta'
[0.349s] Level 1:colcon.colcon_core.package_identification:_identify(src/odometry) by extensions ['ros']
[0.349s] Level 1:colcon.colcon_core.package_identification:_identify(src/odometry) by extension 'ros'
[0.352s] DEBUG:colcon.colcon_core.package_identification:Package 'src/odometry' with type 'ros.ament_cmake' and name 'odometry'
[0.352s] Level 1:colcon.colcon_core.package_identification:_identify(src/project2_control) by extensions ['ignore', 'ignore_ament_install']
[0.352s] Level 1:colcon.colcon_core.package_identification:_identify(src/project2_control) by extension 'ignore'
[0.352s] Level 1:colcon.colcon_core.package_identification:_identify(src/project2_control) by extension 'ignore_ament_install'
[0.352s] Level 1:colcon.colcon_core.package_identification:_identify(src/project2_control) by extensions ['colcon_pkg']
[0.353s] Level 1:colcon.colcon_core.package_identification:_identify(src/project2_control) by extension 'colcon_pkg'
[0.353s] Level 1:colcon.colcon_core.package_identification:_identify(src/project2_control) by extensions ['colcon_meta']
[0.353s] Level 1:colcon.colcon_core.package_identification:_identify(src/project2_control) by extension 'colcon_meta'
[0.353s] Level 1:colcon.colcon_core.package_identification:_identify(src/project2_control) by extensions ['ros']
[0.353s] Level 1:colcon.colcon_core.package_identification:_identify(src/project2_control) by extension 'ros'
[0.353s] DEBUG:colcon.colcon_core.package_identification:Package 'src/project2_control' with type 'ros.ament_python' and name 'project2_control'
[0.354s] Level 1:colcon.colcon_core.package_identification:_identify(src/project2_pkg) by extensions ['ignore', 'ignore_ament_install']
[0.354s] Level 1:colcon.colcon_core.package_identification:_identify(src/project2_pkg) by extension 'ignore'
[0.354s] Level 1:colcon.colcon_core.package_identification:_identify(src/project2_pkg) by extension 'ignore_ament_install'
[0.354s] Level 1:colcon.colcon_core.package_identification:_identify(src/project2_pkg) by extensions ['colcon_pkg']
[0.354s] Level 1:colcon.colcon_core.package_identification:_identify(src/project2_pkg) by extension 'colcon_pkg'
[0.354s] Level 1:colcon.colcon_core.package_identification:_identify(src/project2_pkg) by extensions ['colcon_meta']
[0.354s] Level 1:colcon.colcon_core.package_identification:_identify(src/project2_pkg) by extension 'colcon_meta'
[0.354s] Level 1:colcon.colcon_core.package_identification:_identify(src/project2_pkg) by extensions ['ros']
[0.354s] Level 1:colcon.colcon_core.package_identification:_identify(src/project2_pkg) by extension 'ros'
[0.355s] DEBUG:colcon.colcon_core.package_identification:Package 'src/project2_pkg' with type 'ros.ament_cmake' and name 'project2_pkg'
[0.356s] Level 1:colcon.colcon_core.package_identification:_identify(src/robot_arm_control) by extensions ['ignore', 'ignore_ament_install']
[0.356s] Level 1:colcon.colcon_core.package_identification:_identify(src/robot_arm_control) by extension 'ignore'
[0.356s] Level 1:colcon.colcon_core.package_identification:_identify(src/robot_arm_control) by extension 'ignore_ament_install'
[0.356s] Level 1:colcon.colcon_core.package_identification:_identify(src/robot_arm_control) by extensions ['colcon_pkg']
[0.356s] Level 1:colcon.colcon_core.package_identification:_identify(src/robot_arm_control) by extension 'colcon_pkg'
[0.356s] Level 1:colcon.colcon_core.package_identification:_identify(src/robot_arm_control) by extensions ['colcon_meta']
[0.356s] Level 1:colcon.colcon_core.package_identification:_identify(src/robot_arm_control) by extension 'colcon_meta'
[0.356s] Level 1:colcon.colcon_core.package_identification:_identify(src/robot_arm_control) by extensions ['ros']
[0.356s] Level 1:colcon.colcon_core.package_identification:_identify(src/robot_arm_control) by extension 'ros'
[0.357s] DEBUG:colcon.colcon_core.package_identification:Package 'src/robot_arm_control' with type 'ros.ament_python' and name 'robot_arm_control'
[0.357s] Level 1:colcon.colcon_core.package_discovery:discover_packages(recursive) using defaults
[0.357s] Level 1:colcon.colcon_core.package_discovery:discover_packages(ignore) discover
[0.357s] Level 1:colcon.colcon_core.package_discovery:discover_packages(ignore) using defaults
[0.357s] Level 1:colcon.colcon_core.package_discovery:discover_packages(path) discover
[0.357s] Level 1:colcon.colcon_core.package_discovery:discover_packages(path) using defaults
[0.374s] Level 1:colcon.colcon_core.package_discovery:discover_packages(prefix_path) check parameters
[0.374s] Level 1:colcon.colcon_core.package_discovery:discover_packages(prefix_path) discover
[0.376s] DEBUG:colcon.colcon_installed_package_information.package_discovery:Found 4 installed packages in /home/leoo/Desktop/project2_ws/install
[0.377s] DEBUG:colcon.colcon_installed_package_information.package_discovery:Found 355 installed packages in /opt/ros/galactic
[0.379s] Level 1:colcon.colcon_core.package_discovery:discover_packages(prefix_path) using defaults
[0.455s] Level 5:colcon.colcon_core.verb:set package 'odometry' build argument 'cmake_args' from command line to 'None'
[0.456s] Level 5:colcon.colcon_core.verb:set package 'odometry' build argument 'cmake_target' from command line to 'None'
[0.456s] Level 5:colcon.colcon_core.verb:set package 'odometry' build argument 'cmake_target_skip_unavailable' from command line to 'False'
[0.456s] Level 5:colcon.colcon_core.verb:set package 'odometry' build argument 'cmake_clean_cache' from command line to 'False'
[0.456s] Level 5:colcon.colcon_core.verb:set package 'odometry' build argument 'cmake_clean_first' from command line to 'False'
[0.456s] Level 5:colcon.colcon_core.verb:set package 'odometry' build argument 'cmake_force_configure' from command line to 'False'
[0.456s] Level 5:colcon.colcon_core.verb:set package 'odometry' build argument 'ament_cmake_args' from command line to 'None'
[0.456s] Level 5:colcon.colcon_core.verb:set package 'odometry' build argument 'catkin_cmake_args' from command line to 'None'
[0.456s] Level 5:colcon.colcon_core.verb:set package 'odometry' build argument 'catkin_skip_building_tests' from command line to 'False'
[0.456s] DEBUG:colcon.colcon_core.verb:Building package 'odometry' with the following arguments: {'ament_cmake_args': None, 'build_base': '/home/leoo/Desktop/project2_ws/build/odometry', 'catkin_cmake_args': None, 'catkin_skip_building_tests': False, 'cmake_args': None, 'cmake_clean_cache': False, 'cmake_clean_first': False, 'cmake_force_configure': False, 'cmake_target': None, 'cmake_target_skip_unavailable': False, 'install_base': '/home/leoo/Desktop/project2_ws/install/odometry', 'merge_install': False, 'path': '/home/leoo/Desktop/project2_ws/src/odometry', 'symlink_install': False, 'test_result_base': None}
[0.456s] Level 5:colcon.colcon_core.verb:set package 'project2_control' build argument 'cmake_args' from command line to 'None'
[0.456s] Level 5:colcon.colcon_core.verb:set package 'project2_control' build argument 'cmake_target' from command line to 'None'
[0.456s] Level 5:colcon.colcon_core.verb:set package 'project2_control' build argument 'cmake_target_skip_unavailable' from command line to 'False'
[0.456s] Level 5:colcon.colcon_core.verb:set package 'project2_control' build argument 'cmake_clean_cache' from command line to 'False'
[0.456s] Level 5:colcon.colcon_core.verb:set package 'project2_control' build argument 'cmake_clean_first' from command line to 'False'
[0.456s] Level 5:colcon.colcon_core.verb:set package 'project2_control' build argument 'cmake_force_configure' from command line to 'False'
[0.456s] Level 5:colcon.colcon_core.verb:set package 'project2_control' build argument 'ament_cmake_args' from command line to 'None'
[0.456s] Level 5:colcon.colcon_core.verb:set package 'project2_control' build argument 'catkin_cmake_args' from command line to 'None'
[0.456s] Level 5:colcon.colcon_core.verb:set package 'project2_control' build argument 'catkin_skip_building_tests' from command line to 'False'
[0.456s] DEBUG:colcon.colcon_core.verb:Building package 'project2_control' with the following arguments: {'ament_cmake_args': None, 'build_base': '/home/leoo/Desktop/project2_ws/build/project2_control', 'catkin_cmake_args': None, 'catkin_skip_building_tests': False, 'cmake_args': None, 'cmake_clean_cache': False, 'cmake_clean_first': False, 'cmake_force_configure': False, 'cmake_target': None, 'cmake_target_skip_unavailable': False, 'install_base': '/home/leoo/Desktop/project2_ws/install/project2_control', 'merge_install': False, 'path': '/home/leoo/Desktop/project2_ws/src/project2_control', 'symlink_install': False, 'test_result_base': None}
[0.457s] Level 5:colcon.colcon_core.verb:set package 'project2_pkg' build argument 'cmake_args' from command line to 'None'
[0.457s] Level 5:colcon.colcon_core.verb:set package 'project2_pkg' build argument 'cmake_target' from command line to 'None'
[0.457s] Level 5:colcon.colcon_core.verb:set package 'project2_pkg' build argument 'cmake_target_skip_unavailable' from command line to 'False'
[0.457s] Level 5:colcon.colcon_core.verb:set package 'project2_pkg' build argument 'cmake_clean_cache' from command line to 'False'
[0.457s] Level 5:colcon.colcon_core.verb:set package 'project2_pkg' build argument 'cmake_clean_first' from command line to 'False'
[0.457s] Level 5:colcon.colcon_core.verb:set package 'project2_pkg' build argument 'cmake_force_configure' from command line to 'False'
[0.457s] Level 5:colcon.colcon_core.verb:set package 'project2_pkg' build argument 'ament_cmake_args' from command line to 'None'
[0.457s] Level 5:colcon.colcon_core.verb:set package 'project2_pkg' build argument 'catkin_cmake_args' from command line to 'None'
[0.457s] Level 5:colcon.colcon_core.verb:set package 'project2_pkg' build argument 'catkin_skip_building_tests' from command line to 'False'
[0.457s] DEBUG:colcon.colcon_core.verb:Building package 'project2_pkg' with the following arguments: {'ament_cmake_args': None, 'build_base': '/home/leoo/Desktop/project2_ws/build/project2_pkg', 'catkin_cmake_args': None, 'catkin_skip_building_tests': False, 'cmake_args': None, 'cmake_clean_cache': False, 'cmake_clean_first': False, 'cmake_force_configure': False, 'cmake_target': None, 'cmake_target_skip_unavailable': False, 'install_base': '/home/leoo/Desktop/project2_ws/install/project2_pkg', 'merge_install': False, 'path': '/home/leoo/Desktop/project2_ws/src/project2_pkg', 'symlink_install': False, 'test_result_base': None}
[0.457s] Level 5:colcon.colcon_core.verb:set package 'robot_arm_control' build argument 'cmake_args' from command line to 'None'
[0.457s] Level 5:colcon.colcon_core.verb:set package 'robot_arm_control' build argument 'cmake_target' from command line to 'None'
[0.457s] Level 5:colcon.colcon_core.verb:set package 'robot_arm_control' build argument 'cmake_target_skip_unavailable' from command line to 'False'
[0.457s] Level 5:colcon.colcon_core.verb:set package 'robot_arm_control' build argument 'cmake_clean_cache' from command line to 'False'
[0.457s] Level 5:colcon.colcon_core.verb:set package 'robot_arm_control' build argument 'cmake_clean_first' from command line to 'False'
[0.457s] Level 5:colcon.colcon_core.verb:set package 'robot_arm_control' build argument 'cmake_force_configure' from command line to 'False'
[0.457s] Level 5:colcon.colcon_core.verb:set package 'robot_arm_control' build argument 'ament_cmake_args' from command line to 'None'
[0.458s] Level 5:colcon.colcon_core.verb:set package 'robot_arm_control' build argument 'catkin_cmake_args' from command line to 'None'
[0.458s] Level 5:colcon.colcon_core.verb:set package 'robot_arm_control' build argument 'catkin_skip_building_tests' from command line to 'False'
[0.458s] DEBUG:colcon.colcon_core.verb:Building package 'robot_arm_control' with the following arguments: {'ament_cmake_args': None, 'build_base': '/home/leoo/Desktop/project2_ws/build/robot_arm_control', 'catkin_cmake_args': None, 'catkin_skip_building_tests': False, 'cmake_args': None, 'cmake_clean_cache': False, 'cmake_clean_first': False, 'cmake_force_configure': False, 'cmake_target': None, 'cmake_target_skip_unavailable': False, 'install_base': '/home/leoo/Desktop/project2_ws/install/robot_arm_control', 'merge_install': False, 'path': '/home/leoo/Desktop/project2_ws/src/robot_arm_control', 'symlink_install': False, 'test_result_base': None}
[0.458s] INFO:colcon.colcon_core.executor:Executing jobs using 'parallel' executor
[0.459s] DEBUG:colcon.colcon_parallel_executor.executor.parallel:run_until_complete
[0.460s] INFO:colcon.colcon_ros.task.ament_cmake.build:Building ROS package in '/home/leoo/Desktop/project2_ws/src/odometry' with build type 'ament_cmake'
[0.460s] INFO:colcon.colcon_cmake.task.cmake.build:Building CMake package in '/home/leoo/Desktop/project2_ws/src/odometry'
[0.462s] INFO:colcon.colcon_core.plugin_system:Skipping extension 'colcon_core.shell.bat': Not used on non-Windows systems
[0.462s] INFO:colcon.colcon_core.shell:Skip shell extension 'powershell' for command environment: Not usable outside of PowerShell
[0.462s] DEBUG:colcon.colcon_core.shell:Skip shell extension 'dsv' for command environment
[0.468s] INFO:colcon.colcon_ros.task.ament_python.build:Building ROS package in '/home/leoo/Desktop/project2_ws/src/project2_control' with build type 'ament_python'
[0.469s] Level 1:colcon.colcon_core.shell:create_environment_hook('project2_control', 'ament_prefix_path')
[0.469s] INFO:colcon.colcon_core.shell:Creating environment hook '/home/leoo/Desktop/project2_ws/install/project2_control/share/project2_control/hook/ament_prefix_path.ps1'
[0.471s] INFO:colcon.colcon_core.shell:Creating environment descriptor '/home/leoo/Desktop/project2_ws/install/project2_control/share/project2_control/hook/ament_prefix_path.dsv'
[0.472s] INFO:colcon.colcon_core.shell:Creating environment hook '/home/leoo/Desktop/project2_ws/install/project2_control/share/project2_control/hook/ament_prefix_path.sh'
[0.474s] INFO:colcon.colcon_core.shell:Skip shell extension 'powershell' for command environment: Not usable outside of PowerShell
[0.474s] DEBUG:colcon.colcon_core.shell:Skip shell extension 'dsv' for command environment
[0.480s] INFO:colcon.colcon_ros.task.ament_cmake.build:Building ROS package in '/home/leoo/Desktop/project2_ws/src/project2_pkg' with build type 'ament_cmake'
[0.481s] INFO:colcon.colcon_cmake.task.cmake.build:Building CMake package in '/home/leoo/Desktop/project2_ws/src/project2_pkg'
[0.481s] INFO:colcon.colcon_core.shell:Skip shell extension 'powershell' for command environment: Not usable outside of PowerShell
[0.482s] DEBUG:colcon.colcon_core.shell:Skip shell extension 'dsv' for command environment
[0.488s] INFO:colcon.colcon_ros.task.ament_python.build:Building ROS package in '/home/leoo/Desktop/project2_ws/src/robot_arm_control' with build type 'ament_python'
[0.488s] Level 1:colcon.colcon_core.shell:create_environment_hook('robot_arm_control', 'ament_prefix_path')
[0.489s] INFO:colcon.colcon_core.shell:Creating environment hook '/home/leoo/Desktop/project2_ws/install/robot_arm_control/share/robot_arm_control/hook/ament_prefix_path.ps1'
[0.490s] INFO:colcon.colcon_core.shell:Creating environment descriptor '/home/leoo/Desktop/project2_ws/install/robot_arm_control/share/robot_arm_control/hook/ament_prefix_path.dsv'
[0.491s] INFO:colcon.colcon_core.shell:Creating environment hook '/home/leoo/Desktop/project2_ws/install/robot_arm_control/share/robot_arm_control/hook/ament_prefix_path.sh'
[0.492s] INFO:colcon.colcon_core.shell:Skip shell extension 'powershell' for command environment: Not usable outside of PowerShell
[0.492s] DEBUG:colcon.colcon_core.shell:Skip shell extension 'dsv' for command environment
[0.512s] DEBUG:colcon.colcon_core.event_handler.log_command:Invoking command in '/home/leoo/Desktop/project2_ws/build/odometry': CMAKE_PREFIX_PATH=${CMAKE_PREFIX_PATH}:/home/leoo/Desktop/project2_ws/install/robot_arm_control:/home/leoo/Desktop/project2_ws/install/project2_control:/opt/ros/galactic /home/leoo/.local/bin/cmake --build /home/leoo/Desktop/project2_ws/build/odometry -- -j8 -l8
[0.763s] INFO:colcon.colcon_core.task.python.build:Building Python package in '/home/leoo/Desktop/project2_ws/src/project2_control'
[0.763s] INFO:colcon.colcon_core.shell:Skip shell extension 'powershell' for command environment: Not usable outside of PowerShell
[0.763s] DEBUG:colcon.colcon_core.shell:Skip shell extension 'dsv' for command environment
[0.777s] DEBUG:colcon.colcon_core.event_handler.log_command:Invoking command in '/home/leoo/Desktop/project2_ws/build/project2_pkg': CMAKE_PREFIX_PATH=${CMAKE_PREFIX_PATH}:/home/leoo/Desktop/project2_ws/install/robot_arm_control:/home/leoo/Desktop/project2_ws/install/project2_control:/opt/ros/galactic /home/leoo/.local/bin/cmake --build /home/leoo/Desktop/project2_ws/build/project2_pkg -- -j8 -l8
[1.019s] INFO:colcon.colcon_core.task.python.build:Building Python package in '/home/leoo/Desktop/project2_ws/src/robot_arm_control'
[1.019s] INFO:colcon.colcon_core.shell:Skip shell extension 'powershell' for command environment: Not usable outside of PowerShell
[1.019s] DEBUG:colcon.colcon_core.shell:Skip shell extension 'dsv' for command environment
[1.034s] DEBUG:colcon.colcon_core.event_handler.log_command:Invoked command in '/home/leoo/Desktop/project2_ws/build/odometry' returned '0': CMAKE_PREFIX_PATH=${CMAKE_PREFIX_PATH}:/home/leoo/Desktop/project2_ws/install/robot_arm_control:/home/leoo/Desktop/project2_ws/install/project2_control:/opt/ros/galactic /home/leoo/.local/bin/cmake --build /home/leoo/Desktop/project2_ws/build/odometry -- -j8 -l8
[1.038s] DEBUG:colcon.colcon_core.event_handler.log_command:Invoked command in '/home/leoo/Desktop/project2_ws/build/project2_pkg' returned '0': CMAKE_PREFIX_PATH=${CMAKE_PREFIX_PATH}:/home/leoo/Desktop/project2_ws/install/robot_arm_control:/home/leoo/Desktop/project2_ws/install/project2_control:/opt/ros/galactic /home/leoo/.local/bin/cmake --build /home/leoo/Desktop/project2_ws/build/project2_pkg -- -j8 -l8
[1.234s] DEBUG:colcon.colcon_core.event_handler.log_command:Invoking command in '/home/leoo/Desktop/project2_ws/build/odometry': CMAKE_PREFIX_PATH=${CMAKE_PREFIX_PATH}:/home/leoo/Desktop/project2_ws/install/robot_arm_control:/home/leoo/Desktop/project2_ws/install/project2_control:/opt/ros/galactic /home/leoo/.local/bin/cmake --install /home/leoo/Desktop/project2_ws/build/odometry
[1.239s] DEBUG:colcon.colcon_core.event_handler.log_command:Invoking command in '/home/leoo/Desktop/project2_ws/build/project2_pkg': CMAKE_PREFIX_PATH=${CMAKE_PREFIX_PATH}:/home/leoo/Desktop/project2_ws/install/robot_arm_control:/home/leoo/Desktop/project2_ws/install/project2_control:/opt/ros/galactic /home/leoo/.local/bin/cmake --install /home/leoo/Desktop/project2_ws/build/project2_pkg
[1.347s] Level 1:colcon.colcon_core.environment:create_environment_scripts_only(odometry)
[1.350s] DEBUG:colcon.colcon_core.event_handler.log_command:Invoked command in '/home/leoo/Desktop/project2_ws/build/odometry' returned '0': CMAKE_PREFIX_PATH=${CMAKE_PREFIX_PATH}:/home/leoo/Desktop/project2_ws/install/robot_arm_control:/home/leoo/Desktop/project2_ws/install/project2_control:/opt/ros/galactic /home/leoo/.local/bin/cmake --install /home/leoo/Desktop/project2_ws/build/odometry
[1.354s] Level 1:colcon.colcon_core.environment:checking '/home/leoo/Desktop/project2_ws/install/odometry' for CMake module files
[1.354s] Level 1:colcon.colcon_core.environment:checking '/home/leoo/Desktop/project2_ws/install/odometry' for CMake config files
[1.355s] Level 1:colcon.colcon_core.shell:create_environment_hook('odometry', 'cmake_prefix_path')
[1.356s] INFO:colcon.colcon_core.shell:Creating environment hook '/home/leoo/Desktop/project2_ws/install/odometry/share/odometry/hook/cmake_prefix_path.ps1'
[1.357s] INFO:colcon.colcon_core.shell:Creating environment descriptor '/home/leoo/Desktop/project2_ws/install/odometry/share/odometry/hook/cmake_prefix_path.dsv'
[1.358s] INFO:colcon.colcon_core.shell:Creating environment hook '/home/leoo/Desktop/project2_ws/install/odometry/share/odometry/hook/cmake_prefix_path.sh'
[1.360s] Level 1:colcon.colcon_core.environment:checking '/home/leoo/Desktop/project2_ws/install/odometry/lib'
[1.360s] Level 1:colcon.colcon_core.shell:create_environment_hook('odometry', 'ld_library_path_lib')
[1.360s] INFO:colcon.colcon_core.shell:Creating environment hook '/home/leoo/Desktop/project2_ws/install/odometry/share/odometry/hook/ld_library_path_lib.ps1'
[1.362s] INFO:colcon.colcon_core.shell:Creating environment descriptor '/home/leoo/Desktop/project2_ws/install/odometry/share/odometry/hook/ld_library_path_lib.dsv'
[1.363s] INFO:colcon.colcon_core.shell:Creating environment hook '/home/leoo/Desktop/project2_ws/install/odometry/share/odometry/hook/ld_library_path_lib.sh'
[1.364s] Level 1:colcon.colcon_core.environment:checking '/home/leoo/Desktop/project2_ws/install/odometry/bin'
[1.364s] Level 1:colcon.colcon_core.environment:checking '/home/leoo/Desktop/project2_ws/install/odometry/lib/pkgconfig/odometry.pc'
[1.365s] Level 1:colcon.colcon_core.environment:checking '/home/leoo/Desktop/project2_ws/install/odometry/lib/python3.8/site-packages'
[1.365s] Level 1:colcon.colcon_core.environment:checking '/home/leoo/Desktop/project2_ws/install/odometry/bin'
[1.366s] INFO:colcon.colcon_core.shell:Creating package script '/home/leoo/Desktop/project2_ws/install/odometry/share/odometry/package.ps1'
[1.368s] INFO:colcon.colcon_core.shell:Creating package descriptor '/home/leoo/Desktop/project2_ws/install/odometry/share/odometry/package.dsv'
[1.370s] INFO:colcon.colcon_core.shell:Creating package script '/home/leoo/Desktop/project2_ws/install/odometry/share/odometry/package.sh'
[1.372s] INFO:colcon.colcon_core.shell:Creating package script '/home/leoo/Desktop/project2_ws/install/odometry/share/odometry/package.bash'
[1.374s] INFO:colcon.colcon_core.shell:Creating package script '/home/leoo/Desktop/project2_ws/install/odometry/share/odometry/package.zsh'
[1.375s] Level 1:colcon.colcon_core.environment:create_file_with_runtime_dependencies(/home/leoo/Desktop/project2_ws/install/odometry/share/colcon-core/packages/odometry)
[1.381s] Level 1:colcon.colcon_core.environment:create_environment_scripts_only(project2_pkg)
[1.382s] Level 1:colcon.colcon_core.environment:checking '/home/leoo/Desktop/project2_ws/install/project2_pkg' for CMake module files
[1.384s] DEBUG:colcon.colcon_core.event_handler.log_command:Invoked command in '/home/leoo/Desktop/project2_ws/build/project2_pkg' returned '0': CMAKE_PREFIX_PATH=${CMAKE_PREFIX_PATH}:/home/leoo/Desktop/project2_ws/install/robot_arm_control:/home/leoo/Desktop/project2_ws/install/project2_control:/opt/ros/galactic /home/leoo/.local/bin/cmake --install /home/leoo/Desktop/project2_ws/build/project2_pkg
[1.385s] Level 1:colcon.colcon_core.environment:checking '/home/leoo/Desktop/project2_ws/install/project2_pkg' for CMake config files
[1.386s] Level 1:colcon.colcon_core.shell:create_environment_hook('project2_pkg', 'cmake_prefix_path')
[1.386s] INFO:colcon.colcon_core.shell:Creating environment hook '/home/leoo/Desktop/project2_ws/install/project2_pkg/share/project2_pkg/hook/cmake_prefix_path.ps1'
[1.388s] INFO:colcon.colcon_core.shell:Creating environment descriptor '/home/leoo/Desktop/project2_ws/install/project2_pkg/share/project2_pkg/hook/cmake_prefix_path.dsv'
[1.390s] INFO:colcon.colcon_core.shell:Creating environment hook '/home/leoo/Desktop/project2_ws/install/project2_pkg/share/project2_pkg/hook/cmake_prefix_path.sh'
[1.391s] Level 1:colcon.colcon_core.environment:checking '/home/leoo/Desktop/project2_ws/install/project2_pkg/lib'
[1.391s] Level 1:colcon.colcon_core.environment:checking '/home/leoo/Desktop/project2_ws/install/project2_pkg/bin'
[1.392s] Level 1:colcon.colcon_core.environment:checking '/home/leoo/Desktop/project2_ws/install/project2_pkg/lib/pkgconfig/project2_pkg.pc'
[1.392s] Level 1:colcon.colcon_core.environment:checking '/home/leoo/Desktop/project2_ws/install/project2_pkg/lib/python3.8/site-packages'
[1.392s] Level 1:colcon.colcon_core.environment:checking '/home/leoo/Desktop/project2_ws/install/project2_pkg/bin'
[1.393s] INFO:colcon.colcon_core.shell:Creating package script '/home/leoo/Desktop/project2_ws/install/project2_pkg/share/project2_pkg/package.ps1'
[1.394s] INFO:colcon.colcon_core.shell:Creating package descriptor '/home/leoo/Desktop/project2_ws/install/project2_pkg/share/project2_pkg/package.dsv'
[1.395s] INFO:colcon.colcon_core.shell:Creating package script '/home/leoo/Desktop/project2_ws/install/project2_pkg/share/project2_pkg/package.sh'
[1.396s] INFO:colcon.colcon_core.shell:Creating package script '/home/leoo/Desktop/project2_ws/install/project2_pkg/share/project2_pkg/package.bash'
[1.397s] INFO:colcon.colcon_core.shell:Creating package script '/home/leoo/Desktop/project2_ws/install/project2_pkg/share/project2_pkg/package.zsh'
[1.398s] Level 1:colcon.colcon_core.environment:create_file_with_runtime_dependencies(/home/leoo/Desktop/project2_ws/install/project2_pkg/share/colcon-core/packages/project2_pkg)
[1.496s] Level 1:colcon.colcon_core.environment:create_environment_scripts_only(odometry)
[1.497s] Level 1:colcon.colcon_core.environment:checking '/home/leoo/Desktop/project2_ws/install/odometry' for CMake module files
[1.498s] Level 1:colcon.colcon_core.environment:checking '/home/leoo/Desktop/project2_ws/install/odometry' for CMake config files
[1.498s] Level 1:colcon.colcon_core.shell:create_environment_hook('odometry', 'cmake_prefix_path')
[1.499s] INFO:colcon.colcon_core.shell:Creating environment hook '/home/leoo/Desktop/project2_ws/install/odometry/share/odometry/hook/cmake_prefix_path.ps1'
[1.500s] INFO:colcon.colcon_core.shell:Creating environment descriptor '/home/leoo/Desktop/project2_ws/install/odometry/share/odometry/hook/cmake_prefix_path.dsv'
[1.501s] INFO:colcon.colcon_core.shell:Creating environment hook '/home/leoo/Desktop/project2_ws/install/odometry/share/odometry/hook/cmake_prefix_path.sh'
[1.505s] Level 1:colcon.colcon_core.environment:checking '/home/leoo/Desktop/project2_ws/install/odometry/lib'
[1.505s] Level 1:colcon.colcon_core.shell:create_environment_hook('odometry', 'ld_library_path_lib')
[1.505s] INFO:colcon.colcon_core.shell:Creating environment hook '/home/leoo/Desktop/project2_ws/install/odometry/share/odometry/hook/ld_library_path_lib.ps1'
[1.507s] INFO:colcon.colcon_core.shell:Creating environment descriptor '/home/leoo/Desktop/project2_ws/install/odometry/share/odometry/hook/ld_library_path_lib.dsv'
[1.509s] INFO:colcon.colcon_core.shell:Creating environment hook '/home/leoo/Desktop/project2_ws/install/odometry/share/odometry/hook/ld_library_path_lib.sh'
[1.510s] Level 1:colcon.colcon_core.environment:checking '/home/leoo/Desktop/project2_ws/install/odometry/bin'
[1.511s] Level 1:colcon.colcon_core.environment:checking '/home/leoo/Desktop/project2_ws/install/odometry/lib/pkgconfig/odometry.pc'
[1.511s] Level 1:colcon.colcon_core.environment:checking '/home/leoo/Desktop/project2_ws/install/odometry/lib/python3.8/site-packages'
[1.513s] Level 1:colcon.colcon_core.environment:checking '/home/leoo/Desktop/project2_ws/install/odometry/bin'
[1.513s] INFO:colcon.colcon_core.shell:Creating package script '/home/leoo/Desktop/project2_ws/install/odometry/share/odometry/package.ps1'
[1.515s] INFO:colcon.colcon_core.shell:Creating package descriptor '/home/leoo/Desktop/project2_ws/install/odometry/share/odometry/package.dsv'
[1.516s] INFO:colcon.colcon_core.shell:Creating package script '/home/leoo/Desktop/project2_ws/install/odometry/share/odometry/package.sh'
[1.518s] INFO:colcon.colcon_core.shell:Creating package script '/home/leoo/Desktop/project2_ws/install/odometry/share/odometry/package.bash'
[1.519s] INFO:colcon.colcon_core.shell:Creating package script '/home/leoo/Desktop/project2_ws/install/odometry/share/odometry/package.zsh'
[1.520s] Level 1:colcon.colcon_core.environment:create_file_with_runtime_dependencies(/home/leoo/Desktop/project2_ws/install/odometry/share/colcon-core/packages/odometry)
[1.533s] Level 1:colcon.colcon_core.environment:create_environment_scripts_only(project2_pkg)
[1.534s] Level 1:colcon.colcon_core.environment:checking '/home/leoo/Desktop/project2_ws/install/project2_pkg' for CMake module files
[1.534s] Level 1:colcon.colcon_core.environment:checking '/home/leoo/Desktop/project2_ws/install/project2_pkg' for CMake config files
[1.535s] Level 1:colcon.colcon_core.shell:create_environment_hook('project2_pkg', 'cmake_prefix_path')
[1.535s] INFO:colcon.colcon_core.shell:Creating environment hook '/home/leoo/Desktop/project2_ws/install/project2_pkg/share/project2_pkg/hook/cmake_prefix_path.ps1'
[1.536s] INFO:colcon.colcon_core.shell:Creating environment descriptor '/home/leoo/Desktop/project2_ws/install/project2_pkg/share/project2_pkg/hook/cmake_prefix_path.dsv'
[1.537s] INFO:colcon.colcon_core.shell:Creating environment hook '/home/leoo/Desktop/project2_ws/install/project2_pkg/share/project2_pkg/hook/cmake_prefix_path.sh'
[1.538s] Level 1:colcon.colcon_core.environment:checking '/home/leoo/Desktop/project2_ws/install/project2_pkg/lib'
[1.539s] Level 1:colcon.colcon_core.environment:checking '/home/leoo/Desktop/project2_ws/install/project2_pkg/bin'
[1.539s] Level 1:colcon.colcon_core.environment:checking '/home/leoo/Desktop/project2_ws/install/project2_pkg/lib/pkgconfig/project2_pkg.pc'
[1.539s] Level 1:colcon.colcon_core.environment:checking '/home/leoo/Desktop/project2_ws/install/project2_pkg/lib/python3.8/site-packages'
[1.540s] Level 1:colcon.colcon_core.environment:checking '/home/leoo/Desktop/project2_ws/install/project2_pkg/bin'
[1.540s] INFO:colcon.colcon_core.shell:Creating package script '/home/leoo/Desktop/project2_ws/install/project2_pkg/share/project2_pkg/package.ps1'
[1.542s] INFO:colcon.colcon_core.shell:Creating package descriptor '/home/leoo/Desktop/project2_ws/install/project2_pkg/share/project2_pkg/package.dsv'
[1.543s] INFO:colcon.colcon_core.shell:Creating package script '/home/leoo/Desktop/project2_ws/install/project2_pkg/share/project2_pkg/package.sh'
[1.544s] INFO:colcon.colcon_core.shell:Creating package script '/home/leoo/Desktop/project2_ws/install/project2_pkg/share/project2_pkg/package.bash'
[1.545s] INFO:colcon.colcon_core.shell:Creating package script '/home/leoo/Desktop/project2_ws/install/project2_pkg/share/project2_pkg/package.zsh'
[1.547s] Level 1:colcon.colcon_core.environment:create_file_with_runtime_dependencies(/home/leoo/Desktop/project2_ws/install/project2_pkg/share/colcon-core/packages/project2_pkg)
[1.637s] DEBUG:colcon.colcon_core.event_handler.log_command:Invoking command in '/home/leoo/Desktop/project2_ws/src/robot_arm_control': PYTHONPATH=/home/leoo/Desktop/project2_ws/build/robot_arm_control/prefix_override:/usr/lib/python3/dist-packages/colcon_core/task/python/colcon_distutils_commands:/home/leoo/Desktop/project2_ws/install/robot_arm_control/lib/python3.8/site-packages:${PYTHONPATH} /usr/bin/python3 -W ignore:setup.py install is deprecated setup.py egg_info --egg-base ../../build/robot_arm_control build --build-base /home/leoo/Desktop/project2_ws/build/robot_arm_control/build install --record /home/leoo/Desktop/project2_ws/build/robot_arm_control/install.log --single-version-externally-managed install_data
[1.679s] DEBUG:colcon.colcon_core.event_handler.log_command:Invoking command in '/home/leoo/Desktop/project2_ws/src/project2_control': PYTHONPATH=/home/leoo/Desktop/project2_ws/build/project2_control/prefix_override:/usr/lib/python3/dist-packages/colcon_core/task/python/colcon_distutils_commands:/home/leoo/Desktop/project2_ws/install/project2_control/lib/python3.8/site-packages:${PYTHONPATH} /usr/bin/python3 -W ignore:setup.py install is deprecated setup.py egg_info --egg-base ../../build/project2_control build --build-base /home/leoo/Desktop/project2_ws/build/project2_control/build install --record /home/leoo/Desktop/project2_ws/build/project2_control/install.log --single-version-externally-managed install_data
[1.952s] Level 1:colcon.colcon_core.environment:checking '/home/leoo/Desktop/project2_ws/install/robot_arm_control' for CMake module files
[1.952s] Level 1:colcon.colcon_core.environment:checking '/home/leoo/Desktop/project2_ws/install/robot_arm_control' for CMake config files
[1.953s] Level 1:colcon.colcon_core.environment:checking '/home/leoo/Desktop/project2_ws/install/robot_arm_control/lib'
[1.953s] Level 1:colcon.colcon_core.environment:checking '/home/leoo/Desktop/project2_ws/install/robot_arm_control/bin'
[1.953s] Level 1:colcon.colcon_core.environment:checking '/home/leoo/Desktop/project2_ws/install/robot_arm_control/lib/pkgconfig/robot_arm_control.pc'
[1.953s] Level 1:colcon.colcon_core.environment:checking '/home/leoo/Desktop/project2_ws/install/robot_arm_control/lib/python3.8/site-packages'
[1.954s] Level 1:colcon.colcon_core.shell:create_environment_hook('robot_arm_control', 'pythonpath')
[1.954s] INFO:colcon.colcon_core.shell:Creating environment hook '/home/leoo/Desktop/project2_ws/install/robot_arm_control/share/robot_arm_control/hook/pythonpath.ps1'
[1.955s] INFO:colcon.colcon_core.shell:Creating environment descriptor '/home/leoo/Desktop/project2_ws/install/robot_arm_control/share/robot_arm_control/hook/pythonpath.dsv'
[1.956s] INFO:colcon.colcon_core.shell:Creating environment hook '/home/leoo/Desktop/project2_ws/install/robot_arm_control/share/robot_arm_control/hook/pythonpath.sh'
[1.957s] Level 1:colcon.colcon_core.environment:checking '/home/leoo/Desktop/project2_ws/install/robot_arm_control/bin'
[1.957s] Level 1:colcon.colcon_core.environment:create_environment_scripts_only(robot_arm_control)
[1.957s] INFO:colcon.colcon_core.shell:Creating package script '/home/leoo/Desktop/project2_ws/install/robot_arm_control/share/robot_arm_control/package.ps1'
[1.958s] INFO:colcon.colcon_core.shell:Creating package descriptor '/home/leoo/Desktop/project2_ws/install/robot_arm_control/share/robot_arm_control/package.dsv'
[1.959s] INFO:colcon.colcon_core.shell:Creating package script '/home/leoo/Desktop/project2_ws/install/robot_arm_control/share/robot_arm_control/package.sh'
[1.959s] INFO:colcon.colcon_core.shell:Creating package script '/home/leoo/Desktop/project2_ws/install/robot_arm_control/share/robot_arm_control/package.bash'
[1.960s] INFO:colcon.colcon_core.shell:Creating package script '/home/leoo/Desktop/project2_ws/install/robot_arm_control/share/robot_arm_control/package.zsh'
[1.961s] Level 1:colcon.colcon_core.environment:create_file_with_runtime_dependencies(/home/leoo/Desktop/project2_ws/install/robot_arm_control/share/colcon-core/packages/robot_arm_control)
[1.962s] DEBUG:colcon.colcon_core.event_handler.log_command:Invoked command in '/home/leoo/Desktop/project2_ws/src/robot_arm_control' returned '0': PYTHONPATH=/home/leoo/Desktop/project2_ws/build/robot_arm_control/prefix_override:/usr/lib/python3/dist-packages/colcon_core/task/python/colcon_distutils_commands:/home/leoo/Desktop/project2_ws/install/robot_arm_control/lib/python3.8/site-packages:${PYTHONPATH} /usr/bin/python3 -W ignore:setup.py install is deprecated setup.py egg_info --egg-base ../../build/robot_arm_control build --build-base /home/leoo/Desktop/project2_ws/build/robot_arm_control/build install --record /home/leoo/Desktop/project2_ws/build/robot_arm_control/install.log --single-version-externally-managed install_data
[2.021s] Level 1:colcon.colcon_core.environment:checking '/home/leoo/Desktop/project2_ws/install/project2_control' for CMake module files
[2.021s] DEBUG:colcon.colcon_core.event_handler.log_command:Invoked command in '/home/leoo/Desktop/project2_ws/src/project2_control' returned '0': PYTHONPATH=/home/leoo/Desktop/project2_ws/build/project2_control/prefix_override:/usr/lib/python3/dist-packages/colcon_core/task/python/colcon_distutils_commands:/home/leoo/Desktop/project2_ws/install/project2_control/lib/python3.8/site-packages:${PYTHONPATH} /usr/bin/python3 -W ignore:setup.py install is deprecated setup.py egg_info --egg-base ../../build/project2_control build --build-base /home/leoo/Desktop/project2_ws/build/project2_control/build install --record /home/leoo/Desktop/project2_ws/build/project2_control/install.log --single-version-externally-managed install_data
[2.021s] Level 1:colcon.colcon_core.environment:checking '/home/leoo/Desktop/project2_ws/install/project2_control' for CMake config files
[2.022s] Level 1:colcon.colcon_core.environment:checking '/home/leoo/Desktop/project2_ws/install/project2_control/lib'
[2.022s] Level 1:colcon.colcon_core.environment:checking '/home/leoo/Desktop/project2_ws/install/project2_control/bin'
[2.022s] Level 1:colcon.colcon_core.environment:checking '/home/leoo/Desktop/project2_ws/install/project2_control/lib/pkgconfig/project2_control.pc'
[2.022s] Level 1:colcon.colcon_core.environment:checking '/home/leoo/Desktop/project2_ws/install/project2_control/lib/python3.8/site-packages'
[2.022s] Level 1:colcon.colcon_core.shell:create_environment_hook('project2_control', 'pythonpath')
[2.023s] INFO:colcon.colcon_core.shell:Creating environment hook '/home/leoo/Desktop/project2_ws/install/project2_control/share/project2_control/hook/pythonpath.ps1'
[2.023s] INFO:colcon.colcon_core.shell:Creating environment descriptor '/home/leoo/Desktop/project2_ws/install/project2_control/share/project2_control/hook/pythonpath.dsv'
[2.024s] INFO:colcon.colcon_core.shell:Creating environment hook '/home/leoo/Desktop/project2_ws/install/project2_control/share/project2_control/hook/pythonpath.sh'
[2.025s] Level 1:colcon.colcon_core.environment:checking '/home/leoo/Desktop/project2_ws/install/project2_control/bin'
[2.025s] Level 1:colcon.colcon_core.environment:create_environment_scripts_only(project2_control)
[2.025s] INFO:colcon.colcon_core.shell:Creating package script '/home/leoo/Desktop/project2_ws/install/project2_control/share/project2_control/package.ps1'
[2.026s] INFO:colcon.colcon_core.shell:Creating package descriptor '/home/leoo/Desktop/project2_ws/install/project2_control/share/project2_control/package.dsv'
[2.027s] INFO:colcon.colcon_core.shell:Creating package script '/home/leoo/Desktop/project2_ws/install/project2_control/share/project2_control/package.sh'
[2.027s] INFO:colcon.colcon_core.shell:Creating package script '/home/leoo/Desktop/project2_ws/install/project2_control/share/project2_control/package.bash'
[2.028s] INFO:colcon.colcon_core.shell:Creating package script '/home/leoo/Desktop/project2_ws/install/project2_control/share/project2_control/package.zsh'
[2.028s] Level 1:colcon.colcon_core.environment:create_file_with_runtime_dependencies(/home/leoo/Desktop/project2_ws/install/project2_control/share/colcon-core/packages/project2_control)
[2.030s] DEBUG:colcon.colcon_parallel_executor.executor.parallel:closing loop
[2.030s] DEBUG:colcon.colcon_parallel_executor.executor.parallel:loop closed
[2.030s] DEBUG:colcon.colcon_parallel_executor.executor.parallel:run_until_complete finished with '0'
[2.030s] DEBUG:colcon.colcon_core.event_reactor:joining thread
[2.036s] INFO:colcon.colcon_core.plugin_system:Skipping extension 'colcon_notification.desktop_notification.terminal_notifier': Not used on non-Darwin systems
[2.036s] INFO:colcon.colcon_core.plugin_system:Skipping extension 'colcon_notification.desktop_notification.win32': Not used on non-Windows systems
[2.036s] INFO:colcon.colcon_notification.desktop_notification:Sending desktop notification using 'notify2'
[2.055s] DEBUG:colcon.colcon_core.event_reactor:joined thread
[2.055s] INFO:colcon.colcon_core.shell:Creating prefix script '/home/leoo/Desktop/project2_ws/install/local_setup.ps1'
[2.056s] INFO:colcon.colcon_core.shell:Creating prefix util module '/home/leoo/Desktop/project2_ws/install/_local_setup_util_ps1.py'
[2.058s] INFO:colcon.colcon_core.shell:Creating prefix chain script '/home/leoo/Desktop/project2_ws/install/setup.ps1'
[2.059s] INFO:colcon.colcon_core.shell:Creating prefix script '/home/leoo/Desktop/project2_ws/install/local_setup.sh'
[2.060s] INFO:colcon.colcon_core.shell:Creating prefix util module '/home/leoo/Desktop/project2_ws/install/_local_setup_util_sh.py'
[2.061s] INFO:colcon.colcon_core.shell:Creating prefix chain script '/home/leoo/Desktop/project2_ws/install/setup.sh'
[2.062s] INFO:colcon.colcon_core.shell:Creating prefix script '/home/leoo/Desktop/project2_ws/install/local_setup.bash'
[2.064s] INFO:colcon.colcon_core.shell:Creating prefix chain script '/home/leoo/Desktop/project2_ws/install/setup.bash'
[2.066s] INFO:colcon.colcon_core.shell:Creating prefix script '/home/leoo/Desktop/project2_ws/install/local_setup.zsh'
[2.068s] INFO:colcon.colcon_core.shell:Creating prefix chain script '/home/leoo/Desktop/project2_ws/install/setup.zsh'
